Initialized native services in: C:\Users\Paavo\.gradle\native
Connected to daemon DaemonInfo{pid=96472, address=[fd12ce87-ccca-4508-9896-05958c00e545 port:40818, addresses:[/127.0.0.1, /0:0:0:0:0:0:0:1]], state=Idle, lastBusy=1493201008776, context=DefaultDaemonContext[uid=2f450863-0b7d-4d49-9f76-3f997a9a410f,javaHome=C:\Program Files\Java\jdk1.8.0_60,daemonRegistryDir=C:\Users\Paavo\.gradle\daemon,pid=96472,idleTimeout=10800000,daemonOpts=-XX:MaxPermSize=256m,-XX:+HeapDumpOnOutOfMemoryError,-Xmx1024m,-Dfile.encoding=windows-1252,-Duser.country=FI,-Duser.language=fi,-Duser.variant]}. Dispatching request Build{id=81e77e5e-30d3-4986-9f4d-5b10b29165ac.1, currentDir=C:\koodia\ohtu\haloo-consulting}.
Received result org.gradle.launcher.daemon.protocol.BuildStarted@5965be2d from daemon DaemonInfo{pid=96472, address=[fd12ce87-ccca-4508-9896-05958c00e545 port:40818, addresses:[/127.0.0.1, /0:0:0:0:0:0:0:1]], state=Idle, lastBusy=1493201008776, context=DefaultDaemonContext[uid=2f450863-0b7d-4d49-9f76-3f997a9a410f,javaHome=C:\Program Files\Java\jdk1.8.0_60,daemonRegistryDir=C:\Users\Paavo\.gradle\daemon,pid=96472,idleTimeout=10800000,daemonOpts=-XX:MaxPermSize=256m,-XX:+HeapDumpOnOutOfMemoryError,-Xmx1024m,-Dfile.encoding=windows-1252,-Duser.country=FI,-Duser.language=fi,-Duser.variant]} (build should be starting).
The client will now receive all logging from the daemon (pid: 96472). The daemon log file: C:\Users\Paavo\.gradle\daemon\3.1\daemon-96472.out.log
Starting 21st build in daemon [uptime: 29 mins 14.49 secs, performance: 100%, no major garbage collections]
Executing build with daemon context: DefaultDaemonContext[uid=2f450863-0b7d-4d49-9f76-3f997a9a410f,javaHome=C:\Program Files\Java\jdk1.8.0_60,daemonRegistryDir=C:\Users\Paavo\.gradle\daemon,pid=96472,idleTimeout=10800000,daemonOpts=-XX:MaxPermSize=256m,-XX:+HeapDumpOnOutOfMemoryError,-Xmx1024m,-Dfile.encoding=windows-1252,-Duser.country=FI,-Duser.language=fi,-Duser.variant]
Starting Build
Settings evaluated using settings file 'C:\koodia\ohtu\haloo-consulting\settings.gradle'.
Projects loaded. Root project using build file 'C:\koodia\ohtu\haloo-consulting\build.gradle'.
Included projects: [root project 'ohturefs']
Evaluating root project 'ohturefs' using build file 'C:\koodia\ohtu\haloo-consulting\build.gradle'.
All projects evaluated.
Selected primary task 'test' from project :
Tasks to be executed: [task ':compileKotlin', task ':compileJava', task ':compileKotlinAfterJava', task ':copyMainKotlinClasses', task ':processResources', task ':classes', task ':compileTestKotlin', task ':compileTestJava', task ':compileTestKotlinAfterJava', task ':copyTestKotlinClasses', task ':processTestResources', task ':testClasses', task ':test']
In-memory cache of C:\koodia\ohtu\haloo-consulting\.gradle\3.1\taskArtifacts\fileHashes.bin: Size{324}, CacheStats{hitCount=25290, missCount=324, loadSuccessCount=0, loadExceptionCount=0, totalLoadTime=0, evictionCount=0}
In-memory cache of C:\koodia\ohtu\haloo-consulting\.gradle\3.1\taskArtifacts\fileSnapshots.bin: Size{391}, CacheStats{hitCount=0, missCount=34, loadSuccessCount=0, loadExceptionCount=0, totalLoadTime=0, evictionCount=0}
In-memory cache of C:\koodia\ohtu\haloo-consulting\.gradle\3.1\taskArtifacts\taskArtifacts.bin: Size{11}, CacheStats{hitCount=204, missCount=11, loadSuccessCount=0, loadExceptionCount=0, totalLoadTime=0, evictionCount=0}
:compileKotlin (Thread[Daemon worker Thread 7,5,main]) started.
:compileKotlin
file or directory 'C:\koodia\ohtu\haloo-consulting\src\main\java', not found
Skipping task ':compileKotlin' as it is up-to-date (took 0.021 secs).
:compileKotlin UP-TO-DATE
:compileKotlin (Thread[Daemon worker Thread 7,5,main]) completed. Took 0.023 secs.
:compileJava (Thread[Daemon worker Thread 7,5,main]) started.
:compileJava
file or directory 'C:\koodia\ohtu\haloo-consulting\src\main\java', not found
file or directory 'C:\koodia\ohtu\haloo-consulting\src\main\java', not found
Skipping task ':compileJava' as it is up-to-date (took 0.005 secs).
:compileJava UP-TO-DATE
:compileJava (Thread[Daemon worker Thread 7,5,main]) completed. Took 0.006 secs.
:compileKotlinAfterJava (Thread[Daemon worker Thread 7,5,main]) started.
:compileKotlinAfterJava
file or directory 'C:\koodia\ohtu\haloo-consulting\src\main\java', not found
Skipping task ':compileKotlinAfterJava' as it is up-to-date (took 0.006 secs).
:compileKotlinAfterJava UP-TO-DATE
:compileKotlinAfterJava (Thread[Daemon worker Thread 7,5,main]) completed. Took 0.007 secs.
:copyMainKotlinClasses (Thread[Daemon worker Thread 7,5,main]) started.
:copyMainKotlinClasses
Skipping task ':copyMainKotlinClasses' as it is up-to-date (took 0.006 secs).
:copyMainKotlinClasses UP-TO-DATE
:copyMainKotlinClasses (Thread[Daemon worker Thread 7,5,main]) completed. Took 0.007 secs.
:processResources (Thread[Daemon worker Thread 7,5,main]) started.
:processResources
Skipping task ':processResources' as it is up-to-date (took 0.001 secs).
:processResources UP-TO-DATE
:processResources (Thread[Daemon worker Thread 7,5,main]) completed. Took 0.001 secs.
:classes (Thread[Daemon worker Thread 7,5,main]) started.
:classes
Skipping task ':classes' as it has no actions.
:classes UP-TO-DATE
:classes (Thread[Daemon worker Thread 7,5,main]) completed. Took 0.0 secs.
:compileTestKotlin (Thread[Daemon worker Thread 7,5,main]) started.
:compileTestKotlin
file or directory 'C:\koodia\ohtu\haloo-consulting\src\test\java', not found
Skipping task ':compileTestKotlin' as it is up-to-date (took 0.026 secs).
:compileTestKotlin UP-TO-DATE
:compileTestKotlin (Thread[Daemon worker Thread 7,5,main]) completed. Took 0.027 secs.
:compileTestJava (Thread[Daemon worker Thread 7,5,main]) started.
:compileTestJava
file or directory 'C:\koodia\ohtu\haloo-consulting\src\test\java', not found
file or directory 'C:\koodia\ohtu\haloo-consulting\src\test\java', not found
Skipping task ':compileTestJava' as it is up-to-date (took 0.006 secs).
:compileTestJava UP-TO-DATE
:compileTestJava (Thread[Daemon worker Thread 7,5,main]) completed. Took 0.007 secs.
:compileTestKotlinAfterJava (Thread[Daemon worker Thread 7,5,main]) started.
:compileTestKotlinAfterJava
file or directory 'C:\koodia\ohtu\haloo-consulting\src\test\java', not found
Skipping task ':compileTestKotlinAfterJava' as it is up-to-date (took 0.006 secs).
:compileTestKotlinAfterJava UP-TO-DATE
:compileTestKotlinAfterJava (Thread[Daemon worker Thread 7,5,main]) completed. Took 0.007 secs.
:copyTestKotlinClasses (Thread[Daemon worker Thread 7,5,main]) started.
:copyTestKotlinClasses
Skipping task ':copyTestKotlinClasses' as it is up-to-date (took 0.002 secs).
:copyTestKotlinClasses UP-TO-DATE
:copyTestKotlinClasses (Thread[Daemon worker Thread 7,5,main]) completed. Took 0.003 secs.
:processTestResources (Thread[Daemon worker Thread 7,5,main]) started.
:processTestResources
Skipping task ':processTestResources' as it is up-to-date (took 0.001 secs).
:processTestResources UP-TO-DATE
:processTestResources (Thread[Daemon worker Thread 7,5,main]) completed. Took 0.001 secs.
:testClasses (Thread[Daemon worker Thread 7,5,main]) started.
:testClasses
Skipping task ':testClasses' as it has no actions.
:testClasses UP-TO-DATE
:testClasses (Thread[Daemon worker Thread 7,5,main]) completed. Took 0.0 secs.
:test (Thread[Daemon worker Thread 7,5,main]) started.
:test
Executing task ':test' (up-to-date check took 0.017 secs) due to:
  Output property 'binResultsDir' file C:\koodia\ohtu\haloo-consulting\build\test-results\test\binary\output.bin has changed.
  Output property 'binResultsDir' file C:\koodia\ohtu\haloo-consulting\build\test-results\test\binary\output.bin.idx has changed.
  Output property 'binResultsDir' file C:\koodia\ohtu\haloo-consulting\build\test-results\test\binary\results.bin has changed.
Starting process 'Gradle Test Executor 1'. Working directory: C:\koodia\ohtu\haloo-consulting Command: C:\Program Files\Java\jdk1.8.0_60\bin\java.exe -Djava.security.manager=worker.org.gradle.process.internal.worker.child.BootstrapSecurityManager -javaagent:build/tmp/expandedArchives/org.jacoco.agent-0.7.7.201606060606.jar_812d4eoos2becu4gg62cq5fkh/jacocoagent.jar=destfile=build/jacoco/test.exec,append=true,inclnolocationclasses=false,dumponexit=true,output=file,jmx=false -Dfile.encoding=windows-1252 -Duser.country=FI -Duser.language=fi -Duser.variant -ea -cp C:\Users\Paavo\.gradle\caches\3.1\workerMain\gradle-worker.jar worker.org.gradle.process.internal.worker.GradleWorkerMain 'Gradle Test Executor 1'
Successfully started process 'Gradle Test Executor 1'
Initialized native services in: C:\Users\Paavo\.gradle\native
Gradle Test Executor 1 started executing tests.

fi.halooconsulting.ohturef.RunCucumberTests STANDARD_OUT
    Created Ohturef server.

fi.halooconsulting.ohturef.RunCucumberTests STANDARD_ERROR
    [Test worker] INFO spark.staticfiles.StaticFilesConfiguration - External StaticResourceHandler configured with folder = C:\koodia\ohtu\haloo-consulting/public
    [Test worker] WARN spark.staticfiles.StaticFilesFolder - Registering external static files folder [C:\koodia\ohtu\haloo-consulting/public] as [C:/koodia/ohtu/haloo-consulting/public].

fi.halooconsulting.ohturef.RunCucumberTests STANDARD_OUT
    Started Ohturef server in port 8000
    Feature: Reference creation

fi.halooconsulting.ohturef.RunCucumberTests > Scenario: New book reference is created.classMethod STANDARD_ERROR
    [Thread-5] INFO org.eclipse.jetty.util.log - Logging initialized @1288ms
    [Thread-5] INFO spark.embeddedserver.jetty.EmbeddedJettyServer - == Spark has ignited ...
    [Thread-5] INFO spark.embeddedserver.jetty.EmbeddedJettyServer - >> Listening on 0.0.0.0:8000
    [Thread-5] INFO org.eclipse.jetty.server.Server - jetty-9.3.6.v20151106
    [Thread-5] INFO org.eclipse.jetty.server.ServerConnector - Started ServerConnector@7ede0a7e{HTTP/1.1,[http/1.1]}{0.0.0.0:8000}
    [Thread-5] INFO org.eclipse.jetty.server.Server - Started @1374ms
    java.lang.instrument.IllegalClassFormatException: Error while instrumenting class com/steadystate/css/parser/SACParserCSS3TokenManager.
    	at org.jacoco.agent.rt.internal_6da5971.CoverageTransformer.transform(CoverageTransformer.java:93)
    	at sun.instrument.TransformerManager.transform(TransformerManager.java:188)
    	at sun.instrument.InstrumentationImpl.transform(InstrumentationImpl.java:428)
    	at java.lang.ClassLoader.defineClass1(Native Method)
    	at java.lang.ClassLoader.defineClass(ClassLoader.java:760)
    	at java.security.SecureClassLoader.defineClass(SecureClassLoader.java:142)
    	at java.net.URLClassLoader.defineClass(URLClassLoader.java:467)
    	at java.net.URLClassLoader.access$100(URLClassLoader.java:73)
    	at java.net.URLClassLoader$1.run(URLClassLoader.java:368)
    	at java.net.URLClassLoader$1.run(URLClassLoader.java:362)
    	at java.security.AccessController.doPrivileged(Native Method)
    	at java.net.URLClassLoader.findClass(URLClassLoader.java:361)
    	at java.lang.ClassLoader.loadClass(ClassLoader.java:424)
    	at sun.misc.Launcher$AppClassLoader.loadClass(Launcher.java:331)
    	at java.lang.ClassLoader.loadClass(ClassLoader.java:357)
    	at com.steadystate.css.parser.SACParserCSS3.<init>(SACParserCSS3.java:2898)
    	at com.steadystate.css.parser.SACParserCSS3.<init>(SACParserCSS3.java:30)
    	at com.gargoylesoftware.htmlunit.html.DomNode.querySelectorAll(DomNode.java:1867)
    	at com.gargoylesoftware.htmlunit.javascript.host.html.HTMLElement.querySelectorAll(HTMLElement.java:2103)
    	at sun.reflect.NativeMethodAccessorImpl.invoke0(Native Method)
    	at sun.reflect.NativeMethodAccessorImpl.invoke(NativeMethodAccessorImpl.java:62)
    	at sun.reflect.DelegatingMethodAccessorImpl.invoke(DelegatingMethodAccessorImpl.java:43)
    	at java.lang.reflect.Method.invoke(Method.java:497)
    	at net.sourceforge.htmlunit.corejs.javascript.MemberBox.invoke(MemberBox.java:153)
    	at net.sourceforge.htmlunit.corejs.javascript.FunctionObject.call(FunctionObject.java:449)
    	at net.sourceforge.htmlunit.corejs.javascript.Interpreter.interpretLoop(Interpreter.java:1536)
    	at net.sourceforge.htmlunit.corejs.javascript.Interpreter.interpret(Interpreter.java:798)
    	at net.sourceforge.htmlunit.corejs.javascript.InterpretedFunction.call(InterpretedFunction.java:105)
    	at net.sourceforge.htmlunit.corejs.javascript.ContextFactory.doTopCall(ContextFactory.java:411)
    	at com.gargoylesoftware.htmlunit.javascript.HtmlUnitContextFactory.doTopCall(HtmlUnitContextFactory.java:310)
    	at net.sourceforge.htmlunit.corejs.javascript.ScriptRuntime.doTopCall(ScriptRuntime.java:3286)
    	at net.sourceforge.htmlunit.corejs.javascript.InterpretedFunction.exec(InterpretedFunction.java:115)
    	at com.gargoylesoftware.htmlunit.javascript.JavaScriptEngine$3.doRun(JavaScriptEngine.java:738)
    	at com.gargoylesoftware.htmlunit.javascript.JavaScriptEngine$HtmlUnitContextAction.run(JavaScriptEngine.java:850)
    	at net.sourceforge.htmlunit.corejs.javascript.Context.call(Context.java:628)
    	at net.sourceforge.htmlunit.corejs.javascript.ContextFactory.call(ContextFactory.java:513)
    	at com.gargoylesoftware.htmlunit.javascript.JavaScriptEngine.execute(JavaScriptEngine.java:747)
    	at com.gargoylesoftware.htmlunit.html.HtmlPage.loadExternalJavaScriptFile(HtmlPage.java:1032)
    	at com.gargoylesoftware.htmlunit.html.HtmlScript.executeScriptIfNeeded(HtmlScript.java:395)
    	at com.gargoylesoftware.htmlunit.html.HtmlScript$3.execute(HtmlScript.java:276)
    	at com.gargoylesoftware.htmlunit.html.HtmlScript.onAllChildrenAddedToPage(HtmlScript.java:290)
    	at com.gargoylesoftware.htmlunit.html.HTMLParser$HtmlUnitDOMBuilder.endElement(HTMLParser.java:800)
    	at org.apache.xerces.parsers.AbstractSAXParser.endElement(Unknown Source)
    	at com.gargoylesoftware.htmlunit.html.HTMLParser$HtmlUnitDOMBuilder.endElement(HTMLParser.java:757)
    	at org.cyberneko.html.HTMLTagBalancer.callEndElement(HTMLTagBalancer.java:1170)
    	at org.cyberneko.html.HTMLTagBalancer.endElement(HTMLTagBalancer.java:1072)
    	at org.cyberneko.html.filters.DefaultFilter.endElement(DefaultFilter.java:206)
    	at org.cyberneko.html.filters.NamespaceBinder.endElement(NamespaceBinder.java:330)
    	at org.cyberneko.html.HTMLScanner$ContentScanner.scanEndElement(HTMLScanner.java:3126)
    	at org.cyberneko.html.HTMLScanner$ContentScanner.scan(HTMLScanner.java:2093)
    	at org.cyberneko.html.HTMLScanner.scanDocument(HTMLScanner.java:920)
    	at org.cyberneko.html.HTMLConfiguration.parse(HTMLConfiguration.java:499)
    	at org.cyberneko.html.HTMLConfiguration.parse(HTMLConfiguration.java:452)
    	at org.apache.xerces.parsers.XMLParser.parse(Unknown Source)
    	at com.gargoylesoftware.htmlunit.html.HTMLParser$HtmlUnitDOMBuilder.parse(HTMLParser.java:1040)
    	at com.gargoylesoftware.htmlunit.html.HTMLParser.parse(HTMLParser.java:253)
    	at com.gargoylesoftware.htmlunit.html.HTMLParser.parseHtml(HTMLParser.java:199)
    	at com.gargoylesoftware.htmlunit.DefaultPageCreator.createHtmlPage(DefaultPageCreator.java:272)
    	at com.gargoylesoftware.htmlunit.DefaultPageCreator.createPage(DefaultPageCreator.java:160)
    	at com.gargoylesoftware.htmlunit.WebClient.loadWebResponseInto(WebClient.java:476)
    	at com.gargoylesoftware.htmlunit.WebClient.getPage(WebClient.java:350)
    	at com.gargoylesoftware.htmlunit.WebClient.getPage(WebClient.java:415)
    	at org.openqa.selenium.htmlunit.HtmlUnitDriver.get(HtmlUnitDriver.java:541)
    	at org.openqa.selenium.htmlunit.HtmlUnitDriver.get(HtmlUnitDriver.java:530)
    	at fi.halooconsulting.ohturef.StepDefs.new_reference_loaded(StepDefs.kt:32)
    	at sun.reflect.NativeMethodAccessorImpl.invoke0(Native Method)
    	at sun.reflect.NativeMethodAccessorImpl.invoke(NativeMethodAccessorImpl.java:62)
    	at sun.reflect.DelegatingMethodAccessorImpl.invoke(DelegatingMethodAccessorImpl.java:43)
    	at java.lang.reflect.Method.invoke(Method.java:497)
    	at cucumber.runtime.Utils$1.call(Utils.java:40)
    	at cucumber.runtime.Timeout.timeout(Timeout.java:16)
    	at cucumber.runtime.Utils.invoke(Utils.java:34)
    	at cucumber.runtime.java.JavaStepDefinition.execute(JavaStepDefinition.java:38)
    	at cucumber.runtime.StepDefinitionMatch.runStep(StepDefinitionMatch.java:37)
    	at cucumber.runtime.Runtime.runStep(Runtime.java:300)
    	at cucumber.runtime.model.StepContainer.runStep(StepContainer.java:44)
    	at cucumber.runtime.model.StepContainer.runSteps(StepContainer.java:39)
    	at cucumber.runtime.model.CucumberScenario.run(CucumberScenario.java:44)
    	at cucumber.runtime.junit.ExecutionUnitRunner.run(ExecutionUnitRunner.java:102)
    	at cucumber.runtime.junit.FeatureRunner.runChild(FeatureRunner.java:63)
    	at cucumber.runtime.junit.FeatureRunner.runChild(FeatureRunner.java:18)
    	at org.junit.runners.ParentRunner$3.run(ParentRunner.java:290)
    	at org.junit.runners.ParentRunner$1.schedule(ParentRunner.java:71)
    	at org.junit.runners.ParentRunner.runChildren(ParentRunner.java:288)
    	at org.junit.runners.ParentRunner.access$000(ParentRunner.java:58)
    	at org.junit.runners.ParentRunner$2.evaluate(ParentRunner.java:268)
    	at org.junit.runners.ParentRunner.run(ParentRunner.java:363)
    	at cucumber.runtime.junit.FeatureRunner.run(FeatureRunner.java:70)
    	at cucumber.api.junit.Cucumber.runChild(Cucumber.java:95)
    	at cucumber.api.junit.Cucumber.runChild(Cucumber.java:38)
    	at org.junit.runners.ParentRunner$3.run(ParentRunner.java:290)
    	at org.junit.runners.ParentRunner$1.schedule(ParentRunner.java:71)
    	at org.junit.runners.ParentRunner.runChildren(ParentRunner.java:288)
    	at org.junit.runners.ParentRunner.access$000(ParentRunner.java:58)
    	at org.junit.runners.ParentRunner$2.evaluate(ParentRunner.java:268)
    	at org.junit.internal.runners.statements.RunBefores.evaluate(RunBefores.java:26)
    	at org.junit.internal.runners.statements.RunAfters.evaluate(RunAfters.java:27)
    	at org.junit.runners.ParentRunner.run(ParentRunner.java:363)
    	at cucumber.api.junit.Cucumber.run(Cucumber.java:100)
    	at org.gradle.api.internal.tasks.testing.junit.JUnitTestClassExecuter.runTestClass(JUnitTestClassExecuter.java:114)
    	at org.gradle.api.internal.tasks.testing.junit.JUnitTestClassExecuter.execute(JUnitTestClassExecuter.java:57)
    	at org.gradle.api.internal.tasks.testing.junit.JUnitTestClassProcessor.processTestClass(JUnitTestClassProcessor.java:66)
    	at org.gradle.api.internal.tasks.testing.SuiteTestClassProcessor.processTestClass(SuiteTestClassProcessor.java:51)
    	at sun.reflect.NativeMethodAccessorImpl.invoke0(Native Method)
    	at sun.reflect.NativeMethodAccessorImpl.invoke(NativeMethodAccessorImpl.java:62)
    	at sun.reflect.DelegatingMethodAccessorImpl.invoke(DelegatingMethodAccessorImpl.java:43)
    	at java.lang.reflect.Method.invoke(Method.java:497)
    	at org.gradle.internal.dispatch.ReflectionDispatch.dispatch(ReflectionDispatch.java:35)
    	at org.gradle.internal.dispatch.ReflectionDispatch.dispatch(ReflectionDispatch.java:24)
    	at org.gradle.internal.dispatch.ContextClassLoaderDispatch.dispatch(ContextClassLoaderDispatch.java:32)
    	at org.gradle.internal.dispatch.ProxyDispatchAdapter$DispatchingInvocationHandler.invoke(ProxyDispatchAdapter.java:93)
    	at com.sun.proxy.$Proxy2.processTestClass(Unknown Source)
    	at org.gradle.api.internal.tasks.testing.worker.TestWorker.processTestClass(TestWorker.java:109)
    	at sun.reflect.NativeMethodAccessorImpl.invoke0(Native Method)
    	at sun.reflect.NativeMethodAccessorImpl.invoke(NativeMethodAccessorImpl.java:62)
    	at sun.reflect.DelegatingMethodAccessorImpl.invoke(DelegatingMethodAccessorImpl.java:43)
    	at java.lang.reflect.Method.invoke(Method.java:497)
    	at org.gradle.internal.dispatch.ReflectionDispatch.dispatch(ReflectionDispatch.java:35)
    	at org.gradle.internal.dispatch.ReflectionDispatch.dispatch(ReflectionDispatch.java:24)
    	at org.gradle.internal.remote.internal.hub.MessageHub$Handler.run(MessageHub.java:377)
    	at org.gradle.internal.concurrent.ExecutorPolicy$CatchAndRecordFailures.onExecute(ExecutorPolicy.java:54)
    	at org.gradle.internal.concurrent.StoppableExecutorImpl$1.run(StoppableExecutorImpl.java:40)
    	at java.util.concurrent.ThreadPoolExecutor.runWorker(ThreadPoolExecutor.java:1142)
    	at java.util.concurrent.ThreadPoolExecutor$Worker.run(ThreadPoolExecutor.java:617)
    	at java.lang.Thread.run(Thread.java:745)
    Caused by: java.io.IOException: Error while instrumenting class com/steadystate/css/parser/SACParserCSS3TokenManager.
    	at org.jacoco.agent.rt.internal_6da5971.core.instr.Instrumenter.instrumentError(Instrumenter.java:160)
    	at org.jacoco.agent.rt.internal_6da5971.core.instr.Instrumenter.instrument(Instrumenter.java:111)
    	at org.jacoco.agent.rt.internal_6da5971.CoverageTransformer.transform(CoverageTransformer.java:91)
    	... 124 more
    Caused by: java.lang.RuntimeException: Method code too large!
    	at org.jacoco.agent.rt.internal_6da5971.asm.MethodWriter.getSize(MethodWriter.java:2036)
    	at org.jacoco.agent.rt.internal_6da5971.asm.ClassWriter.toByteArray(ClassWriter.java:827)
    	at org.jacoco.agent.rt.internal_6da5971.core.instr.Instrumenter.instrument(Instrumenter.java:85)
    	at org.jacoco.agent.rt.internal_6da5971.core.instr.Instrumenter.instrument(Instrumenter.java:108)
    	... 125 more
    huhtikuuta 26, 2017 1:04:48 IP. com.gargoylesoftware.htmlunit.javascript.host.css.CSSStyleSheet isValidSelector
    WARNING: Unhandled CSS condition type '7'. Accepting it silently.
    huhtikuuta 26, 2017 1:04:48 IP. com.gargoylesoftware.htmlunit.javascript.StrictErrorReporter runtimeError
    SEVERE: runtimeError: message=[An invalid or illegal selector was specified (selector: '*,:x' error: Invalid selector: *:x).] sourceName=[https://code.jquery.com/jquery-2.2.4.min.js] line=[2] lineSource=[null] lineOffset=[0]

fi.halooconsulting.ohturef.RunCucumberTests STANDARD_ERROR
    huhtikuuta 26, 2017 1:04:49 IP. com.gargoylesoftware.htmlunit.javascript.StrictErrorReporter runtimeError
    SEVERE: runtimeError: message=[An invalid or illegal selector was specified (selector: '#type option:selected' error: Invalid selector: *#type option:selected).] sourceName=[https://code.jquery.com/jquery-2.2.4.min.js] line=[2] lineSource=[null] lineOffset=[0]
    [qtp1643296642-19] ERROR spark.http.matching.GeneralError - 
    java.lang.NullPointerException
    	at java.util.HashMap.putMapEntries(HashMap.java:500)
    	at java.util.HashMap.putAll(HashMap.java:784)
    	at de.neuland.jade4j.model.JadeModel.putAll(JadeModel.java:128)
    	at de.neuland.jade4j.JadeConfiguration.renderTemplate(JadeConfiguration.java:73)
    	at de.neuland.jade4j.JadeConfiguration.renderTemplate(JadeConfiguration.java:79)
    	at spark.template.jade.JadeTemplateEngine.render(JadeTemplateEngine.java:77)
    	at spark.TemplateViewRouteImpl$1.render(TemplateViewRouteImpl.java:61)
    	at spark.TemplateViewRouteImpl$1.render(TemplateViewRouteImpl.java:58)
    	at spark.TemplateViewRouteImpl.render(TemplateViewRouteImpl.java:86)
    	at spark.http.matching.Routes.execute(Routes.java:62)
    	at spark.http.matching.MatcherFilter.doFilter(MatcherFilter.java:130)
    	at spark.embeddedserver.jetty.JettyHandler.doHandle(JettyHandler.java:50)
    	at org.eclipse.jetty.server.session.SessionHandler.doScope(SessionHandler.java:189)
    	at org.eclipse.jetty.server.handler.ScopedHandler.handle(ScopedHandler.java:141)
    	at org.eclipse.jetty.server.handler.HandlerWrapper.handle(HandlerWrapper.java:119)
    	at org.eclipse.jetty.server.Server.handle(Server.java:517)
    	at org.eclipse.jetty.server.HttpChannel.handle(HttpChannel.java:308)
    	at org.eclipse.jetty.server.HttpConnection.onFillable(HttpConnection.java:242)
    	at org.eclipse.jetty.io.AbstractConnection$ReadCallback.succeeded(AbstractConnection.java:261)
    	at org.eclipse.jetty.io.FillInterest.fillable(FillInterest.java:95)
    	at org.eclipse.jetty.io.SelectChannelEndPoint$2.run(SelectChannelEndPoint.java:75)
    	at org.eclipse.jetty.util.thread.strategy.ExecuteProduceConsume.produceAndRun(ExecuteProduceConsume.java:213)
    	at org.eclipse.jetty.util.thread.strategy.ExecuteProduceConsume.run(ExecuteProduceConsume.java:147)
    	at org.eclipse.jetty.util.thread.QueuedThreadPool.runJob(QueuedThreadPool.java:654)
    	at org.eclipse.jetty.util.thread.QueuedThreadPool$3.run(QueuedThreadPool.java:572)
    	at java.lang.Thread.run(Thread.java:745)
    huhtikuuta 26, 2017 1:04:49 IP. com.gargoylesoftware.htmlunit.javascript.host.css.CSSStyleSheet isValidSelector
    WARNING: Unhandled CSS condition type '7'. Accepting it silently.
    huhtikuuta 26, 2017 1:04:49 IP. com.gargoylesoftware.htmlunit.javascript.StrictErrorReporter runtimeError
    SEVERE: runtimeError: message=[An invalid or illegal selector was specified (selector: '*,:x' error: Invalid selector: *:x).] sourceName=[https://code.jquery.com/jquery-2.2.4.min.js] line=[2] lineSource=[null] lineOffset=[0]
    huhtikuuta 26, 2017 1:04:49 IP. com.gargoylesoftware.htmlunit.javascript.StrictErrorReporter error
    SEVERE: error: message=[syntax error] sourceName=[script in http://localhost:8000/ from (1, 1438) to (14, 12)] line=[1] lineSource=[$(document).ready(() => {] lineOffset=[20]

fi.halooconsulting.ohturef.RunCucumberTests > Scenario: New book reference is created.And create is clicked FAILED
    com.gargoylesoftware.htmlunit.ScriptException: syntax error (script in http://localhost:8000/ from (1, 1438) to (14, 12)#1)

        Caused by:
        net.sourceforge.htmlunit.corejs.javascript.EvaluatorException: syntax error (script in http://localhost:8000/ from (1, 1438) to (14, 12)#1)

fi.halooconsulting.ohturef.RunCucumberTests > Scenario: New book reference is created.When main page is loaded SKIPPED

fi.halooconsulting.ohturef.RunCucumberTests > Scenario: New book reference is created.Then reference with title "Tarina Keijosta" exists SKIPPED

fi.halooconsulting.ohturef.RunCucumberTests > Scenario: New book reference is created.And reference with title "Tarina Keijosta" is visible SKIPPED

fi.halooconsulting.ohturef.RunCucumberTests > Scenario: New book reference is created.classMethod FAILED
    com.gargoylesoftware.htmlunit.ScriptException: syntax error (script in http://localhost:8000/ from (1, 1438) to (14, 12)#1)

        Caused by:
        net.sourceforge.htmlunit.corejs.javascript.EvaluatorException: syntax error (script in http://localhost:8000/ from (1, 1438) to (14, 12)#1)

fi.halooconsulting.ohturef.RunCucumberTests > Scenario: New inproceedings reference is created.classMethod STANDARD_OUT

      Scenario: New book reference is created                 [90m# fi/halooconsulting/ohturef/reference_creation.feature:3[0m
        [32mGiven [0m[32mnew reference page is loaded[0m                    [90m# StepDefs.new_reference_loaded()[0m
        [32mWhen [0m[32mreference type is set to [0m[32m[1mBook[0m                    [90m# StepDefs.reference_type_is_set_to(String)[0m
        [32mAnd [0m[32mfield "[0m[32m[1mauthor[0m[32m" is set to "[0m[32m[1mKeijo[0m[32m"[0m                  [90m# StepDefs.field_is_set_to(String,String)[0m
        [32mAnd [0m[32mfield "[0m[32m[1mtitle[0m[32m" is set to "[0m[32m[1mTarina Keijosta[0m[32m"[0m         [90m# StepDefs.field_is_set_to(String,String)[0m
        [32mAnd [0m[32mfield "[0m[32m[1mid[0m[32m" is set to "[0m[32m[1mKTK1[0m[32m"[0m                       [90m# StepDefs.field_is_set_to(String,String)[0m
        [32mAnd [0m[32mfield "[0m[32m[1myear[0m[32m" is set to "[0m[32m[1m2017[0m[32m"[0m                     [90m# StepDefs.field_is_set_to(String,String)[0m
        [31mAnd [0m[31mcreate is clicked[0m                                 [90m# StepDefs.create_is_clicked()[0m
          [31m======= EXCEPTION START ========
          Exception class=[net.sourceforge.htmlunit.corejs.javascript.EvaluatorException]
          com.gargoylesoftware.htmlunit.ScriptException: syntax error (script in http://localhost:8000/ from (1, 1438) to (14, 12)#1)
          	at com.gargoylesoftware.htmlunit.javascript.JavaScriptEngine$HtmlUnitContextAction.run(JavaScriptEngine.java:865)
          	at net.sourceforge.htmlunit.corejs.javascript.Context.call(Context.java:628)
          	at net.sourceforge.htmlunit.corejs.javascript.ContextFactory.call(ContextFactory.java:513)
          	at com.gargoylesoftware.htmlunit.javascript.JavaScriptEngine.compile(JavaScriptEngine.java:701)
          	at com.gargoylesoftware.htmlunit.javascript.JavaScriptEngine.execute(JavaScriptEngine.java:718)
          	at com.gargoylesoftware.htmlunit.html.HtmlPage.executeJavaScriptIfPossible(HtmlPage.java:945)
          	at com.gargoylesoftware.htmlunit.html.HtmlScript.executeInlineScriptIfNeeded(HtmlScript.java:351)
          	at com.gargoylesoftware.htmlunit.html.HtmlScript.executeScriptIfNeeded(HtmlScript.java:411)
          	at com.gargoylesoftware.htmlunit.html.HtmlScript$3.execute(HtmlScript.java:276)
          	at com.gargoylesoftware.htmlunit.html.HtmlScript.onAllChildrenAddedToPage(HtmlScript.java:290)
          	at com.gargoylesoftware.htmlunit.html.HTMLParser$HtmlUnitDOMBuilder.endElement(HTMLParser.java:800)
          	at org.apache.xerces.parsers.AbstractSAXParser.endElement(Unknown Source)
          	at com.gargoylesoftware.htmlunit.html.HTMLParser$HtmlUnitDOMBuilder.endElement(HTMLParser.java:757)
          	at org.cyberneko.html.HTMLTagBalancer.callEndElement(HTMLTagBalancer.java:1170)
          	at org.cyberneko.html.HTMLTagBalancer.endElement(HTMLTagBalancer.java:1072)
          	at org.cyberneko.html.filters.DefaultFilter.endElement(DefaultFilter.java:206)
          	at org.cyberneko.html.filters.NamespaceBinder.endElement(NamespaceBinder.java:330)
          	at org.cyberneko.html.HTMLScanner$ContentScanner.scanEndElement(HTMLScanner.java:3126)
          	at org.cyberneko.html.HTMLScanner$ContentScanner.scan(HTMLScanner.java:2093)
          	at org.cyberneko.html.HTMLScanner.scanDocument(HTMLScanner.java:920)
          	at org.cyberneko.html.HTMLConfiguration.parse(HTMLConfiguration.java:499)
          	at org.cyberneko.html.HTMLConfiguration.parse(HTMLConfiguration.java:452)
          	at org.apache.xerces.parsers.XMLParser.parse(Unknown Source)
          	at com.gargoylesoftware.htmlunit.html.HTMLParser$HtmlUnitDOMBuilder.parse(HTMLParser.java:1040)
          	at com.gargoylesoftware.htmlunit.html.HTMLParser.parse(HTMLParser.java:253)
          	at com.gargoylesoftware.htmlunit.html.HTMLParser.parseHtml(HTMLParser.java:199)
          	at com.gargoylesoftware.htmlunit.DefaultPageCreator.createHtmlPage(DefaultPageCreator.java:272)
          	at com.gargoylesoftware.htmlunit.DefaultPageCreator.createPage(DefaultPageCreator.java:160)
          	at com.gargoylesoftware.htmlunit.WebClient.loadWebResponseInto(WebClient.java:476)
          	at com.gargoylesoftware.htmlunit.WebClient.loadDownloadedResponses(WebClient.java:2123)
          	at com.gargoylesoftware.htmlunit.javascript.JavaScriptEngine.doProcessPostponedActions(JavaScriptEngine.java:893)
          	at com.gargoylesoftware.htmlunit.javascript.JavaScriptEngine.processPostponedActions(JavaScriptEngine.java:983)
          	at com.gargoylesoftware.htmlunit.html.DomElement.click(DomElement.java:790)
          	at com.gargoylesoftware.htmlunit.html.DomElement.click(DomElement.java:733)
          	at com.gargoylesoftware.htmlunit.html.DomElement.click(DomElement.java:680)
          	at org.openqa.selenium.htmlunit.HtmlUnitWebElement.submit(HtmlUnitWebElement.java:171)
          	at fi.halooconsulting.ohturef.StepDefs.create_is_clicked(StepDefs.kt:54)
          	at ?.And create is clicked(fi/halooconsulting/ohturef/reference_creation.feature:10)
          Caused by: net.sourceforge.htmlunit.corejs.javascript.EvaluatorException: syntax error (script in http://localhost:8000/ from (1, 1438) to (14, 12)#1)
          	at com.gargoylesoftware.htmlunit.javascript.StrictErrorReporter.error(StrictErrorReporter.java:66)
          	at net.sourceforge.htmlunit.corejs.javascript.Parser.addError(Parser.java:187)
          	at net.sourceforge.htmlunit.corejs.javascript.Parser.addError(Parser.java:167)
          	at net.sourceforge.htmlunit.corejs.javascript.Parser.reportError(Parser.java:254)
          	at net.sourceforge.htmlunit.corejs.javascript.Parser.reportError(Parser.java:243)
          	at net.sourceforge.htmlunit.corejs.javascript.Parser.reportError(Parser.java:236)
          	at net.sourceforge.htmlunit.corejs.javascript.Parser.primaryExpr(Parser.java:2816)
          	at net.sourceforge.htmlunit.corejs.javascript.Parser.memberExpr(Parser.java:2388)
          	at net.sourceforge.htmlunit.corejs.javascript.Parser.unaryExpr(Parser.java:2292)
          	at net.sourceforge.htmlunit.corejs.javascript.Parser.mulExpr(Parser.java:2219)
          	at net.sourceforge.htmlunit.corejs.javascript.Parser.addExpr(Parser.java:2205)
          	at net.sourceforge.htmlunit.corejs.javascript.Parser.shiftExpr(Parser.java:2188)
          	at net.sourceforge.htmlunit.corejs.javascript.Parser.relExpr(Parser.java:2165)
          	at net.sourceforge.htmlunit.corejs.javascript.Parser.eqExpr(Parser.java:2139)
          	at net.sourceforge.htmlunit.corejs.javascript.Parser.bitAndExpr(Parser.java:2130)
          	at net.sourceforge.htmlunit.corejs.javascript.Parser.bitXorExpr(Parser.java:2121)
          	at net.sourceforge.htmlunit.corejs.javascript.Parser.bitOrExpr(Parser.java:2112)
          	at net.sourceforge.htmlunit.corejs.javascript.Parser.andExpr(Parser.java:2103)
          	at net.sourceforge.htmlunit.corejs.javascript.Parser.orExpr(Parser.java:2094)
          	at net.sourceforge.htmlunit.corejs.javascript.Parser.condExpr(Parser.java:2060)
          	at net.sourceforge.htmlunit.corejs.javascript.Parser.assignExpr(Parser.java:2033)
          	at net.sourceforge.htmlunit.corejs.javascript.Parser.expr(Parser.java:2014)
          	at net.sourceforge.htmlunit.corejs.javascript.Parser.parenExpr(Parser.java:2830)
          	at net.sourceforge.htmlunit.corejs.javascript.Parser.primaryExpr(Parser.java:2758)
          	at net.sourceforge.htmlunit.corejs.javascript.Parser.memberExpr(Parser.java:2388)
          	at net.sourceforge.htmlunit.corejs.javascript.Parser.unaryExpr(Parser.java:2292)
          	at net.sourceforge.htmlunit.corejs.javascript.Parser.mulExpr(Parser.java:2219)
          	at net.sourceforge.htmlunit.corejs.javascript.Parser.addExpr(Parser.java:2205)
          	at net.sourceforge.htmlunit.corejs.javascript.Parser.shiftExpr(Parser.java:2188)
          	at net.sourceforge.htmlunit.corejs.javascript.Parser.relExpr(Parser.java:2165)
          	at net.sourceforge.htmlunit.corejs.javascript.Parser.eqExpr(Parser.java:2139)
          	at net.sourceforge.htmlunit.corejs.javascript.Parser.bitAndExpr(Parser.java:2130)
          	at net.sourceforge.htmlunit.corejs.javascript.Parser.bitXorExpr(Parser.java:2121)
          	at net.sourceforge.htmlunit.corejs.javascript.Parser.bitOrExpr(Parser.java:2112)
          	at net.sourceforge.htmlunit.corejs.javascript.Parser.andExpr(Parser.java:2103)
          	at net.sourceforge.htmlunit.corejs.javascript.Parser.orExpr(Parser.java:2094)
          	at net.sourceforge.htmlunit.corejs.javascript.Parser.condExpr(Parser.java:2060)
          	at net.sourceforge.htmlunit.corejs.javascript.Parser.assignExpr(Parser.java:2033)
          	at net.sourceforge.htmlunit.corejs.javascript.Parser.argumentList(Parser.java:2357)
          	at net.sourceforge.htmlunit.corejs.javascript.Parser.memberExprTail(Parser.java:2508)
          	at net.sourceforge.htmlunit.corejs.javascript.Parser.memberExpr(Parser.java:2424)
          	at net.sourceforge.htmlunit.corejs.javascript.Parser.unaryExpr(Parser.java:2292)
          	at net.sourceforge.htmlunit.corejs.javascript.Parser.mulExpr(Parser.java:2219)
          	at net.sourceforge.htmlunit.corejs.javascript.Parser.addExpr(Parser.java:2205)
          	at net.sourceforge.htmlunit.corejs.javascript.Parser.shiftExpr(Parser.java:2188)
          	at net.sourceforge.htmlunit.corejs.javascript.Parser.relExpr(Parser.java:2165)
          	at net.sourceforge.htmlunit.corejs.javascript.Parser.eqExpr(Parser.java:2139)
          	at net.sourceforge.htmlunit.corejs.javascript.Parser.bitAndExpr(Parser.java:2130)
          	at net.sourceforge.htmlunit.corejs.javascript.Parser.bitXorExpr(Parser.java:2121)
          	at net.sourceforge.htmlunit.corejs.javascript.Parser.bitOrExpr(Parser.java:2112)
          	at net.sourceforge.htmlunit.corejs.javascript.Parser.andExpr(Parser.java:2103)
          	at net.sourceforge.htmlunit.corejs.javascript.Parser.orExpr(Parser.java:2094)
          	at net.sourceforge.htmlunit.corejs.javascript.Parser.condExpr(Parser.java:2060)
          	at net.sourceforge.htmlunit.corejs.javascript.Parser.assignExpr(Parser.java:2033)
          	at net.sourceforge.htmlunit.corejs.javascript.Parser.expr(Parser.java:2014)
          	at net.sourceforge.htmlunit.corejs.javascript.Parser.nameOrLabel(Parser.java:1774)
          	at net.sourceforge.htmlunit.corejs.javascript.Parser.statementHelper(Parser.java:1053)
          	at net.sourceforge.htmlunit.corejs.javascript.Parser.statement(Parser.java:926)
          	at net.sourceforge.htmlunit.corejs.javascript.Parser.parse(Parser.java:570)
          	at net.sourceforge.htmlunit.corejs.javascript.Parser.parse(Parser.java:491)
          	at net.sourceforge.htmlunit.corejs.javascript.Context.compileImpl(Context.java:2661)
          	at net.sourceforge.htmlunit.corejs.javascript.Context.compileString(Context.java:1624)
          	at com.gargoylesoftware.htmlunit.javascript.HtmlUnitContextFactory$TimeoutContext.compileString(HtmlUnitContextFactory.java:202)
          	at net.sourceforge.htmlunit.corejs.javascript.Context.compileString(Context.java:1616)
          	at com.gargoylesoftware.htmlunit.javascript.JavaScriptEngine$2.doRun(JavaScriptEngine.java:692)
          	at com.gargoylesoftware.htmlunit.javascript.JavaScriptEngine$HtmlUnitContextAction.run(JavaScriptEngine.java:850)
          	at net.sourceforge.htmlunit.corejs.javascript.Context.call(Context.java:628)
          	at net.sourceforge.htmlunit.corejs.javascript.ContextFactory.call(ContextFactory.java:513)
          	at com.gargoylesoftware.htmlunit.javascript.JavaScriptEngine.compile(JavaScriptEngine.java:701)
          	at com.gargoylesoftware.htmlunit.javascript.JavaScriptEngine.execute(JavaScriptEngine.java:718)
          	at com.gargoylesoftware.htmlunit.html.HtmlPage.executeJavaScriptIfPossible(HtmlPage.java:945)
          	at com.gargoylesoftware.htmlunit.html.HtmlScript.executeInlineScriptIfNeeded(HtmlScript.java:351)
          	at com.gargoylesoftware.htmlunit.html.HtmlScript.executeScriptIfNeeded(HtmlScript.java:411)
          	at com.gargoylesoftware.htmlunit.html.HtmlScript$3.execute(HtmlScript.java:276)
          	at com.gargoylesoftware.htmlunit.html.HtmlScript.onAllChildrenAddedToPage(HtmlScript.java:290)
          	at com.gargoylesoftware.htmlunit.html.HTMLParser$HtmlUnitDOMBuilder.endElement(HTMLParser.java:800)
          	at org.apache.xerces.parsers.AbstractSAXParser.endElement(Unknown Source)
          	at com.gargoylesoftware.htmlunit.html.HTMLParser$HtmlUnitDOMBuilder.endElement(HTMLParser.java:757)
          	at org.cyberneko.html.HTMLTagBalancer.callEndElement(HTMLTagBalancer.java:1170)
          	at org.cyberneko.html.HTMLTagBalancer.endElement(HTMLTagBalancer.java:1072)
          	at org.cyberneko.html.filters.DefaultFilter.endElement(DefaultFilter.java:206)
          	at org.cyberneko.html.filters.NamespaceBinder.endElement(NamespaceBinder.java:330)
          	at org.cyberneko.html.HTMLScanner$ContentScanner.scanEndElement(HTMLScanner.java:3126)
          	at org.cyberneko.html.HTMLScanner$ContentScanner.scan(HTMLScanner.java:2093)
          	at org.cyberneko.html.HTMLScanner.scanDocument(HTMLScanner.java:920)
          	at org.cyberneko.html.HTMLConfiguration.parse(HTMLConfiguration.java:499)
          	at org.cyberneko.html.HTMLConfiguration.parse(HTMLConfiguration.java:452)
          	at org.apache.xerces.parsers.XMLParser.parse(Unknown Source)
          	at com.gargoylesoftware.htmlunit.html.HTMLParser$HtmlUnitDOMBuilder.parse(HTMLParser.java:1040)
          	at com.gargoylesoftware.htmlunit.html.HTMLParser.parse(HTMLParser.java:253)
          	at com.gargoylesoftware.htmlunit.html.HTMLParser.parseHtml(HTMLParser.java:199)
          	at com.gargoylesoftware.htmlunit.DefaultPageCreator.createHtmlPage(DefaultPageCreator.java:272)
          	at com.gargoylesoftware.htmlunit.DefaultPageCreator.createPage(DefaultPageCreator.java:160)
          	at com.gargoylesoftware.htmlunit.WebClient.loadWebResponseInto(WebClient.java:476)
          	at com.gargoylesoftware.htmlunit.WebClient.loadDownloadedResponses(WebClient.java:2123)
          	at com.gargoylesoftware.htmlunit.javascript.JavaScriptEngine.doProcessPostponedActions(JavaScriptEngine.java:893)
          	at com.gargoylesoftware.htmlunit.javascript.JavaScriptEngine.processPostponedActions(JavaScriptEngine.java:983)
          	at com.gargoylesoftware.htmlunit.html.DomElement.click(DomElement.java:790)
          	at com.gargoylesoftware.htmlunit.html.DomElement.click(DomElement.java:733)
          	at com.gargoylesoftware.htmlunit.html.DomElement.click(DomElement.java:680)
          	at org.openqa.selenium.htmlunit.HtmlUnitWebElement.submit(HtmlUnitWebElement.java:171)
          	at fi.halooconsulting.ohturef.StepDefs.create_is_clicked(StepDefs.kt:54)
          	at sun.reflect.NativeMethodAccessorImpl.invoke0(Native Method)
          	at sun.reflect.NativeMethodAccessorImpl.invoke(NativeMethodAccessorImpl.java:62)
          	at sun.reflect.DelegatingMethodAccessorImpl.invoke(DelegatingMethodAccessorImpl.java:43)
          	at java.lang.reflect.Method.invoke(Method.java:497)
          	at cucumber.runtime.Utils$1.call(Utils.java:40)
          	at cucumber.runtime.Timeout.timeout(Timeout.java:16)
          	at cucumber.runtime.Utils.invoke(Utils.java:34)
          	at cucumber.runtime.java.JavaStepDefinition.execute(JavaStepDefinition.java:38)
          	at cucumber.runtime.StepDefinitionMatch.runStep(StepDefinitionMatch.java:37)
          	at cucumber.runtime.Runtime.runStep(Runtime.java:300)
          	at cucumber.runtime.model.StepContainer.runStep(StepContainer.java:44)
          	at cucumber.runtime.model.StepContainer.runSteps(StepContainer.java:39)
          	at cucumber.runtime.model.CucumberScenario.run(CucumberScenario.java:44)
          	at cucumber.runtime.junit.ExecutionUnitRunner.run(ExecutionUnitRunner.java:102)
          	at cucumber.runtime.junit.FeatureRunner.runChild(FeatureRunner.java:63)
          	at cucumber.runtime.junit.FeatureRunner.runChild(FeatureRunner.java:18)
          	at org.junit.runners.ParentRunner$3.run(ParentRunner.java:290)
          	at org.junit.runners.ParentRunner$1.schedule(ParentRunner.java:71)
          	at org.junit.runners.ParentRunner.runChildren(ParentRunner.java:288)
          	at org.junit.runners.ParentRunner.access$000(ParentRunner.java:58)
          	at org.junit.runners.ParentRunner$2.evaluate(ParentRunner.java:268)
          	at org.junit.runners.ParentRunner.run(ParentRunner.java:363)
          	at cucumber.runtime.junit.FeatureRunner.run(FeatureRunner.java:70)
          	at cucumber.api.junit.Cucumber.runChild(Cucumber.java:95)
          	at cucumber.api.junit.Cucumber.runChild(Cucumber.java:38)
          	at org.junit.runners.ParentRunner$3.run(ParentRunner.java:290)
          	at org.junit.runners.ParentRunner$1.schedule(ParentRunner.java:71)
          	at org.junit.runners.ParentRunner.runChildren(ParentRunner.java:288)
          	at org.junit.runners.ParentRunner.access$000(ParentRunner.java:58)
          	at org.junit.runners.ParentRunner$2.evaluate(ParentRunner.java:268)
          	at org.junit.internal.runners.statements.RunBefores.evaluate(RunBefores.java:26)
          	at org.junit.internal.runners.statements.RunAfters.evaluate(RunAfters.java:27)
          	at org.junit.runners.ParentRunner.run(ParentRunner.java:363)
          	at cucumber.api.junit.Cucumber.run(Cucumber.java:100)
          	at org.gradle.api.internal.tasks.testing.junit.JUnitTestClassExecuter.runTestClass(JUnitTestClassExecuter.java:114)
          	at org.gradle.api.internal.tasks.testing.junit.JUnitTestClassExecuter.execute(JUnitTestClassExecuter.java:57)
          	at org.gradle.api.internal.tasks.testing.junit.JUnitTestClassProcessor.processTestClass(JUnitTestClassProcessor.java:66)
          	at org.gradle.api.internal.tasks.testing.SuiteTestClassProcessor.processTestClass(SuiteTestClassProcessor.java:51)
          	at sun.reflect.NativeMethodAccessorImpl.invoke0(Native Method)
          	at sun.reflect.NativeMethodAccessorImpl.invoke(NativeMethodAccessorImpl.java:62)
          	at sun.reflect.DelegatingMethodAccessorImpl.invoke(DelegatingMethodAccessorImpl.java:43)
          	at java.lang.reflect.Method.invoke(Method.java:497)
          	at org.gradle.internal.dispatch.ReflectionDispatch.dispatch(ReflectionDispatch.java:35)
          	at org.gradle.internal.dispatch.ReflectionDispatch.dispatch(ReflectionDispatch.java:24)
          	at org.gradle.internal.dispatch.ContextClassLoaderDispatch.dispatch(ContextClassLoaderDispatch.java:32)
          	at org.gradle.internal.dispatch.ProxyDispatchAdapter$DispatchingInvocationHandler.invoke(ProxyDispatchAdapter.java:93)
          	at com.sun.proxy.$Proxy2.processTestClass(Unknown Source)
          	at org.gradle.api.internal.tasks.testing.worker.TestWorker.processTestClass(TestWorker.java:109)
          	at sun.reflect.NativeMethodAccessorImpl.invoke0(Native Method)
          	at sun.reflect.NativeMethodAccessorImpl.invoke(NativeMethodAccessorImpl.java:62)
          	at sun.reflect.DelegatingMethodAccessorImpl.invoke(DelegatingMethodAccessorImpl.java:43)
          	at java.lang.reflect.Method.invoke(Method.java:497)
          	at org.gradle.internal.dispatch.ReflectionDispatch.dispatch(ReflectionDispatch.java:35)
          	at org.gradle.internal.dispatch.ReflectionDispatch.dispatch(ReflectionDispatch.java:24)
          	at org.gradle.internal.remote.internal.hub.MessageHub$Handler.run(MessageHub.java:377)
          	at org.gradle.internal.concurrent.ExecutorPolicy$CatchAndRecordFailures.onExecute(ExecutorPolicy.java:54)
          	at org.gradle.internal.concurrent.StoppableExecutorImpl$1.run(StoppableExecutorImpl.java:40)
          	at java.util.concurrent.ThreadPoolExecutor.runWorker(ThreadPoolExecutor.java:1142)
          	at java.util.concurrent.ThreadPoolExecutor$Worker.run(ThreadPoolExecutor.java:617)
          	at java.lang.Thread.run(Thread.java:745)
          Enclosed exception: 
          net.sourceforge.htmlunit.corejs.javascript.EvaluatorException: syntax error (script in http://localhost:8000/ from (1, 1438) to (14, 12)#1)
          	at com.gargoylesoftware.htmlunit.javascript.StrictErrorReporter.error(StrictErrorReporter.java:66)
          	at net.sourceforge.htmlunit.corejs.javascript.Parser.addError(Parser.java:187)
          	at net.sourceforge.htmlunit.corejs.javascript.Parser.addError(Parser.java:167)
          	at net.sourceforge.htmlunit.corejs.javascript.Parser.reportError(Parser.java:254)
          	at net.sourceforge.htmlunit.corejs.javascript.Parser.reportError(Parser.java:243)
          	at net.sourceforge.htmlunit.corejs.javascript.Parser.reportError(Parser.java:236)
          	at net.sourceforge.htmlunit.corejs.javascript.Parser.primaryExpr(Parser.java:2816)
          	at net.sourceforge.htmlunit.corejs.javascript.Parser.memberExpr(Parser.java:2388)
          	at net.sourceforge.htmlunit.corejs.javascript.Parser.unaryExpr(Parser.java:2292)
          	at net.sourceforge.htmlunit.corejs.javascript.Parser.mulExpr(Parser.java:2219)
          	at net.sourceforge.htmlunit.corejs.javascript.Parser.addExpr(Parser.java:2205)
          	at net.sourceforge.htmlunit.corejs.javascript.Parser.shiftExpr(Parser.java:2188)
          	at net.sourceforge.htmlunit.corejs.javascript.Parser.relExpr(Parser.java:2165)
          	at net.sourceforge.htmlunit.corejs.javascript.Parser.eqExpr(Parser.java:2139)
          	at net.sourceforge.htmlunit.corejs.javascript.Parser.bitAndExpr(Parser.java:2130)
          	at net.sourceforge.htmlunit.corejs.javascript.Parser.bitXorExpr(Parser.java:2121)
          	at net.sourceforge.htmlunit.corejs.javascript.Parser.bitOrExpr(Parser.java:2112)
          	at net.sourceforge.htmlunit.corejs.javascript.Parser.andExpr(Parser.java:2103)
          	at net.sourceforge.htmlunit.corejs.javascript.Parser.orExpr(Parser.java:2094)
          	at net.sourceforge.htmlunit.corejs.javascript.Parser.condExpr(Parser.java:2060)
          	at net.sourceforge.htmlunit.corejs.javascript.Parser.assignExpr(Parser.java:2033)
          	at net.sourceforge.htmlunit.corejs.javascript.Parser.expr(Parser.java:2014)
          	at net.sourceforge.htmlunit.corejs.javascript.Parser.parenExpr(Parser.java:2830)
          	at net.sourceforge.htmlunit.corejs.javascript.Parser.primaryExpr(Parser.java:2758)
          	at net.sourceforge.htmlunit.corejs.javascript.Parser.memberExpr(Parser.java:2388)
          	at net.sourceforge.htmlunit.corejs.javascript.Parser.unaryExpr(Parser.java:2292)
          	at net.sourceforge.htmlunit.corejs.javascript.Parser.mulExpr(Parser.java:2219)
          	at net.sourceforge.htmlunit.corejs.javascript.Parser.addExpr(Parser.java:2205)
          	at net.sourceforge.htmlunit.corejs.javascript.Parser.shiftExpr(Parser.java:2188)
          	at net.sourceforge.htmlunit.corejs.javascript.Parser.relExpr(Parser.java:2165)
          	at net.sourceforge.htmlunit.corejs.javascript.Parser.eqExpr(Parser.java:2139)
          	at net.sourceforge.htmlunit.corejs.javascript.Parser.bitAndExpr(Parser.java:2130)
          	at net.sourceforge.htmlunit.corejs.javascript.Parser.bitXorExpr(Parser.java:2121)
          	at net.sourceforge.htmlunit.corejs.javascript.Parser.bitOrExpr(Parser.java:2112)
          	at net.sourceforge.htmlunit.corejs.javascript.Parser.andExpr(Parser.java:2103)
          	at net.sourceforge.htmlunit.corejs.javascript.Parser.orExpr(Parser.java:2094)
          	at net.sourceforge.htmlunit.corejs.javascript.Parser.condExpr(Parser.java:2060)
          	at net.sourceforge.htmlunit.corejs.javascript.Parser.assignExpr(Parser.java:2033)
          	at net.sourceforge.htmlunit.corejs.javascript.Parser.argumentList(Parser.java:2357)
          	at net.sourceforge.htmlunit.corejs.javascript.Parser.memberExprTail(Parser.java:2508)
          	at net.sourceforge.htmlunit.corejs.javascript.Parser.memberExpr(Parser.java:2424)
          	at net.sourceforge.htmlunit.corejs.javascript.Parser.unaryExpr(Parser.java:2292)
          	at net.sourceforge.htmlunit.corejs.javascript.Parser.mulExpr(Parser.java:2219)
          	at net.sourceforge.htmlunit.corejs.javascript.Parser.addExpr(Parser.java:2205)
          	at net.sourceforge.htmlunit.corejs.javascript.Parser.shiftExpr(Parser.java:2188)
          	at net.sourceforge.htmlunit.corejs.javascript.Parser.relExpr(Parser.java:2165)
          	at net.sourceforge.htmlunit.corejs.javascript.Parser.eqExpr(Parser.java:2139)
          	at net.sourceforge.htmlunit.corejs.javascript.Parser.bitAndExpr(Parser.java:2130)
          	at net.sourceforge.htmlunit.corejs.javascript.Parser.bitXorExpr(Parser.java:2121)
          	at net.sourceforge.htmlunit.corejs.javascript.Parser.bitOrExpr(Parser.java:2112)
          	at net.sourceforge.htmlunit.corejs.javascript.Parser.andExpr(Parser.java:2103)
          	at net.sourceforge.htmlunit.corejs.javascript.Parser.orExpr(Parser.java:2094)
          	at net.sourceforge.htmlunit.corejs.javascript.Parser.condExpr(Parser.java:2060)
          	at net.sourceforge.htmlunit.corejs.javascript.Parser.assignExpr(Parser.java:2033)
          	at net.sourceforge.htmlunit.corejs.javascript.Parser.expr(Parser.java:2014)
          	at net.sourceforge.htmlunit.corejs.javascript.Parser.nameOrLabel(Parser.java:1774)
          	at net.sourceforge.htmlunit.corejs.javascript.Parser.statementHelper(Parser.java:1053)
          	at net.sourceforge.htmlunit.corejs.javascript.Parser.statement(Parser.java:926)
          	at net.sourceforge.htmlunit.corejs.javascript.Parser.parse(Parser.java:570)
          	at net.sourceforge.htmlunit.corejs.javascript.Parser.parse(Parser.java:491)
          	at net.sourceforge.htmlunit.corejs.javascript.Context.compileImpl(Context.java:2661)
          	at net.sourceforge.htmlunit.corejs.javascript.Context.compileString(Context.java:1624)
          	at com.gargoylesoftware.htmlunit.javascript.HtmlUnitContextFactory$TimeoutContext.compileString(HtmlUnitContextFactory.java:202)
          	at net.sourceforge.htmlunit.corejs.javascript.Context.compileString(Context.java:1616)
          	at com.gargoylesoftware.htmlunit.javascript.JavaScriptEngine$2.doRun(JavaScriptEngine.java:692)
          	at com.gargoylesoftware.htmlunit.javascript.JavaScriptEngine$HtmlUnitContextAction.run(JavaScriptEngine.java:850)
          	at net.sourceforge.htmlunit.corejs.javascript.Context.call(Context.java:628)
          	at net.sourceforge.htmlunit.corejs.javascript.ContextFactory.call(ContextFactory.java:513)
          	at com.gargoylesoftware.htmlunit.javascript.JavaScriptEngine.compile(JavaScriptEngine.java:701)
          	at com.gargoylesoftware.htmlunit.javascript.JavaScriptEngine.execute(JavaScriptEngine.java:718)
          	at com.gargoylesoftware.htmlunit.html.HtmlPage.executeJavaScriptIfPossible(HtmlPage.java:945)
          	at com.gargoylesoftware.htmlunit.html.HtmlScript.executeInlineScriptIfNeeded(HtmlScript.java:351)
          	at com.gargoylesoftware.htmlunit.html.HtmlScript.executeScriptIfNeeded(HtmlScript.java:411)
          	at com.gargoylesoftware.htmlunit.html.HtmlScript$3.execute(HtmlScript.java:276)
          	at com.gargoylesoftware.htmlunit.html.HtmlScript.onAllChildrenAddedToPage(HtmlScript.java:290)
          	at com.gargoylesoftware.htmlunit.html.HTMLParser$HtmlUnitDOMBuilder.endElement(HTMLParser.java:800)
          	at org.apache.xerces.parsers.AbstractSAXParser.endElement(Unknown Source)
          	at com.gargoylesoftware.htmlunit.html.HTMLParser$HtmlUnitDOMBuilder.endElement(HTMLParser.java:757)
          	at org.cyberneko.html.HTMLTagBalancer.callEndElement(HTMLTagBalancer.java:1170)
          	at org.cyberneko.html.HTMLTagBalancer.endElement(HTMLTagBalancer.java:1072)
          	at org.cyberneko.html.filters.DefaultFilter.endElement(DefaultFilter.java:206)
          	at org.cyberneko.html.filters.NamespaceBinder.endElement(NamespaceBinder.java:330)
          	at org.cyberneko.html.HTMLScanner$ContentScanner.scanEndElement(HTMLScanner.java:3126)
          	at org.cyberneko.html.HTMLScanner$ContentScanner.scan(HTMLScanner.java:2093)
          	at org.cyberneko.html.HTMLScanner.scanDocument(HTMLScanner.java:920)
          	at org.cyberneko.html.HTMLConfiguration.parse(HTMLConfiguration.java:499)
          	at org.cyberneko.html.HTMLConfiguration.parse(HTMLConfiguration.java:452)
          	at org.apache.xerces.parsers.XMLParser.parse(Unknown Source)
          	at com.gargoylesoftware.htmlunit.html.HTMLParser$HtmlUnitDOMBuilder.parse(HTMLParser.java:1040)
          	at com.gargoylesoftware.htmlunit.html.HTMLParser.parse(HTMLParser.java:253)
          	at com.gargoylesoftware.htmlunit.html.HTMLParser.parseHtml(HTMLParser.java:199)
          	at com.gargoylesoftware.htmlunit.DefaultPageCreator.createHtmlPage(DefaultPageCreator.java:272)
          	at com.gargoylesoftware.htmlunit.DefaultPageCreator.createPage(DefaultPageCreator.java:160)
          	at com.gargoylesoftware.htmlunit.WebClient.loadWebResponseInto(WebClient.java:476)
          	at com.gargoylesoftware.htmlunit.WebClient.loadDownloadedResponses(WebClient.java:2123)
          	at com.gargoylesoftware.htmlunit.javascript.JavaScriptEngine.doProcessPostponedActions(JavaScriptEngine.java:893)
          	at com.gargoylesoftware.htmlunit.javascript.JavaScriptEngine.processPostponedActions(JavaScriptEngine.java:983)
          	at com.gargoylesoftware.htmlunit.html.DomElement.click(DomElement.java:790)
          	at com.gargoylesoftware.htmlunit.html.DomElement.click(DomElement.java:733)
          	at com.gargoylesoftware.htmlunit.html.DomElement.click(DomElement.java:680)
          	at org.openqa.selenium.htmlunit.HtmlUnitWebElement.submit(HtmlUnitWebElement.java:171)
          	at fi.halooconsulting.ohturef.StepDefs.create_is_clicked(StepDefs.kt:54)
          	at sun.reflect.NativeMethodAccessorImpl.invoke0(Native Method)
          	at sun.reflect.NativeMethodAccessorImpl.invoke(NativeMethodAccessorImpl.java:62)
          	at sun.reflect.DelegatingMethodAccessorImpl.invoke(DelegatingMethodAccessorImpl.java:43)
          	at java.lang.reflect.Method.invoke(Method.java:497)
          	at cucumber.runtime.Utils$1.call(Utils.java:40)
          	at cucumber.runtime.Timeout.timeout(Timeout.java:16)
          	at cucumber.runtime.Utils.invoke(Utils.java:34)
          	at cucumber.runtime.java.JavaStepDefinition.execute(JavaStepDefinition.java:38)
          	at cucumber.runtime.StepDefinitionMatch.runStep(StepDefinitionMatch.java:37)
          	at cucumber.runtime.Runtime.runStep(Runtime.java:300)
          	at cucumber.runtime.model.StepContainer.runStep(StepContainer.java:44)
          	at cucumber.runtime.model.StepContainer.runSteps(StepContainer.java:39)
          	at cucumber.runtime.model.CucumberScenario.run(CucumberScenario.java:44)
          	at cucumber.runtime.junit.ExecutionUnitRunner.run(ExecutionUnitRunner.java:102)
          	at cucumber.runtime.junit.FeatureRunner.runChild(FeatureRunner.java:63)
          	at cucumber.runtime.junit.FeatureRunner.runChild(FeatureRunner.java:18)
          	at org.junit.runners.ParentRunner$3.run(ParentRunner.java:290)
          	at org.junit.runners.ParentRunner$1.schedule(ParentRunner.java:71)
          	at org.junit.runners.ParentRunner.runChildren(ParentRunner.java:288)
          	at org.junit.runners.ParentRunner.access$000(ParentRunner.java:58)
          	at org.junit.runners.ParentRunner$2.evaluate(ParentRunner.java:268)
          	at org.junit.runners.ParentRunner.run(ParentRunner.java:363)
          	at cucumber.runtime.junit.FeatureRunner.run(FeatureRunner.java:70)
          	at cucumber.api.junit.Cucumber.runChild(Cucumber.java:95)
          	at cucumber.api.junit.Cucumber.runChild(Cucumber.java:38)
          	at org.junit.runners.ParentRunner$3.run(ParentRunner.java:290)
          	at org.junit.runners.ParentRunner$1.schedule(ParentRunner.java:71)
          	at org.junit.runners.ParentRunner.runChildren(ParentRunner.java:288)
          	at org.junit.runners.ParentRunner.access$000(ParentRunner.java:58)
          	at org.junit.runners.ParentRunner$2.evaluate(ParentRunner.java:268)
          	at org.junit.internal.runners.statements.RunBefores.evaluate(RunBefores.java:26)
          	at org.junit.internal.runners.statements.RunAfters.evaluate(RunAfters.java:27)
          	at org.junit.runners.ParentRunner.run(ParentRunner.java:363)
          	at cucumber.api.junit.Cucumber.run(Cucumber.java:100)
          	at org.gradle.api.internal.tasks.testing.junit.JUnitTestClassExecuter.runTestClass(JUnitTestClassExecuter.java:114)
          	at org.gradle.api.internal.tasks.testing.junit.JUnitTestClassExecuter.execute(JUnitTestClassExecuter.java:57)
          	at org.gradle.api.internal.tasks.testing.junit.JUnitTestClassProcessor.processTestClass(JUnitTestClassProcessor.java:66)
          	at org.gradle.api.internal.tasks.testing.SuiteTestClassProcessor.processTestClass(SuiteTestClassProcessor.java:51)
          	at sun.reflect.NativeMethodAccessorImpl.invoke0(Native Method)
          	at sun.reflect.NativeMethodAccessorImpl.invoke(NativeMethodAccessorImpl.java:62)
          	at sun.reflect.DelegatingMethodAccessorImpl.invoke(DelegatingMethodAccessorImpl.java:43)
          	at java.lang.reflect.Method.invoke(Method.java:497)
          	at org.gradle.internal.dispatch.ReflectionDispatch.dispatch(ReflectionDispatch.java:35)
          	at org.gradle.internal.dispatch.ReflectionDispatch.dispatch(ReflectionDispatch.java:24)
          	at org.gradle.internal.dispatch.ContextClassLoaderDispatch.dispatch(ContextClassLoaderDispatch.java:32)
          	at org.gradle.internal.dispatch.ProxyDispatchAdapter$DispatchingInvocationHandler.invoke(ProxyDispatchAdapter.java:93)
          	at com.sun.proxy.$Proxy2.processTestClass(Unknown Source)
          	at org.gradle.api.internal.tasks.testing.worker.TestWorker.processTestClass(TestWorker.java:109)
          	at sun.reflect.NativeMethodAccessorImpl.invoke0(Native Method)
          	at sun.reflect.NativeMethodAccessorImpl.invoke(NativeMethodAccessorImpl.java:62)
          	at sun.reflect.DelegatingMethodAccessorImpl.invoke(DelegatingMethodAccessorImpl.java:43)
          	at java.lang.reflect.Method.invoke(Method.java:497)
          	at org.gradle.internal.dispatch.ReflectionDispatch.dispatch(ReflectionDispatch.java:35)
          	at org.gradle.internal.dispatch.ReflectionDispatch.dispatch(ReflectionDispatch.java:24)
          	at org.gradle.internal.remote.internal.hub.MessageHub$Handler.run(MessageHub.java:377)
          	at org.gradle.internal.concurrent.ExecutorPolicy$CatchAndRecordFailures.onExecute(ExecutorPolicy.java:54)
          	at org.gradle.internal.concurrent.StoppableExecutorImpl$1.run(StoppableExecutorImpl.java:40)
          	at java.util.concurrent.ThreadPoolExecutor.runWorker(ThreadPoolExecutor.java:1142)
          	at java.util.concurrent.ThreadPoolExecutor$Worker.run(ThreadPoolExecutor.java:617)
          	at java.lang.Thread.run(Thread.java:745)
          == CALLING JAVASCRIPT ==
          $(document).ready(() => {
              $("#export").click(() => {
                  $("#bibtex").load("/bibtex", () => $("#bibtex").removeClass("hidden"))
              });
          });
          function deleteReference(id) {
              $.ajax({
                  url: '/' + id,
                  method: 'DELETE',
                  success: function(result) {
                      location.reload()
                  }
              });
          };
          ======= EXCEPTION END ========
          [0m
        [36mWhen [0m[36mmain page is loaded[0m                              [90m# StepDefs.main_page_loaded()[0m
        [36mThen [0m[36mreference with title "[0m[36m[1mTarina Keijosta[0m[36m" exists[0m    [90m# StepDefs.reference_exists_title(String)[0m
        [36mAnd [0m[36mreference with title "[0m[36m[1mTarina Keijosta[0m[36m" is visible[0m [90m# StepDefs.reference_is_visible(String)[0m

fi.halooconsulting.ohturef.RunCucumberTests > Scenario: New inproceedings reference is created.classMethod STANDARD_ERROR
    huhtikuuta 26, 2017 1:04:49 IP. com.gargoylesoftware.htmlunit.javascript.host.css.CSSStyleSheet isValidSelector
    WARNING: Unhandled CSS condition type '7'. Accepting it silently.
    huhtikuuta 26, 2017 1:04:49 IP. com.gargoylesoftware.htmlunit.javascript.StrictErrorReporter runtimeError
    SEVERE: runtimeError: message=[An invalid or illegal selector was specified (selector: '*,:x' error: Invalid selector: *:x).] sourceName=[https://code.jquery.com/jquery-2.2.4.min.js] line=[2] lineSource=[null] lineOffset=[0]

fi.halooconsulting.ohturef.RunCucumberTests STANDARD_ERROR
    huhtikuuta 26, 2017 1:04:49 IP. com.gargoylesoftware.htmlunit.javascript.StrictErrorReporter runtimeError
    SEVERE: runtimeError: message=[An invalid or illegal selector was specified (selector: '#type option:selected' error: Invalid selector: *#type option:selected).] sourceName=[https://code.jquery.com/jquery-2.2.4.min.js] line=[2] lineSource=[null] lineOffset=[0]
    [qtp1643296642-24] ERROR spark.http.matching.GeneralError - 
    java.lang.NullPointerException
    	at java.util.HashMap.putMapEntries(HashMap.java:500)
    	at java.util.HashMap.putAll(HashMap.java:784)
    	at de.neuland.jade4j.model.JadeModel.putAll(JadeModel.java:128)
    	at de.neuland.jade4j.JadeConfiguration.renderTemplate(JadeConfiguration.java:73)
    	at de.neuland.jade4j.JadeConfiguration.renderTemplate(JadeConfiguration.java:79)
    	at spark.template.jade.JadeTemplateEngine.render(JadeTemplateEngine.java:77)
    	at spark.TemplateViewRouteImpl$1.render(TemplateViewRouteImpl.java:61)
    	at spark.TemplateViewRouteImpl$1.render(TemplateViewRouteImpl.java:58)
    	at spark.TemplateViewRouteImpl.render(TemplateViewRouteImpl.java:86)
    	at spark.http.matching.Routes.execute(Routes.java:62)
    	at spark.http.matching.MatcherFilter.doFilter(MatcherFilter.java:130)
    	at spark.embeddedserver.jetty.JettyHandler.doHandle(JettyHandler.java:50)
    	at org.eclipse.jetty.server.session.SessionHandler.doScope(SessionHandler.java:189)
    	at org.eclipse.jetty.server.handler.ScopedHandler.handle(ScopedHandler.java:141)
    	at org.eclipse.jetty.server.handler.HandlerWrapper.handle(HandlerWrapper.java:119)
    	at org.eclipse.jetty.server.Server.handle(Server.java:517)
    	at org.eclipse.jetty.server.HttpChannel.handle(HttpChannel.java:308)
    	at org.eclipse.jetty.server.HttpConnection.onFillable(HttpConnection.java:242)
    	at org.eclipse.jetty.io.AbstractConnection$ReadCallback.succeeded(AbstractConnection.java:261)
    	at org.eclipse.jetty.io.FillInterest.fillable(FillInterest.java:95)
    	at org.eclipse.jetty.io.SelectChannelEndPoint$2.run(SelectChannelEndPoint.java:75)
    	at org.eclipse.jetty.util.thread.strategy.ExecuteProduceConsume.produceAndRun(ExecuteProduceConsume.java:213)
    	at org.eclipse.jetty.util.thread.strategy.ExecuteProduceConsume.run(ExecuteProduceConsume.java:147)
    	at org.eclipse.jetty.util.thread.QueuedThreadPool.runJob(QueuedThreadPool.java:654)
    	at org.eclipse.jetty.util.thread.QueuedThreadPool$3.run(QueuedThreadPool.java:572)
    	at java.lang.Thread.run(Thread.java:745)
    huhtikuuta 26, 2017 1:04:49 IP. com.gargoylesoftware.htmlunit.javascript.host.css.CSSStyleSheet isValidSelector
    WARNING: Unhandled CSS condition type '7'. Accepting it silently.
    huhtikuuta 26, 2017 1:04:49 IP. com.gargoylesoftware.htmlunit.javascript.StrictErrorReporter runtimeError
    SEVERE: runtimeError: message=[An invalid or illegal selector was specified (selector: '*,:x' error: Invalid selector: *:x).] sourceName=[https://code.jquery.com/jquery-2.2.4.min.js] line=[2] lineSource=[null] lineOffset=[0]
    huhtikuuta 26, 2017 1:04:49 IP. com.gargoylesoftware.htmlunit.javascript.StrictErrorReporter error
    SEVERE: error: message=[syntax error] sourceName=[script in http://localhost:8000/ from (1, 1472) to (14, 12)] line=[1] lineSource=[$(document).ready(() => {] lineOffset=[20]

fi.halooconsulting.ohturef.RunCucumberTests > Scenario: New inproceedings reference is created.And create is clicked FAILED
    com.gargoylesoftware.htmlunit.ScriptException: syntax error (script in http://localhost:8000/ from (1, 1472) to (14, 12)#1)

        Caused by:
        net.sourceforge.htmlunit.corejs.javascript.EvaluatorException: syntax error (script in http://localhost:8000/ from (1, 1472) to (14, 12)#1)

fi.halooconsulting.ohturef.RunCucumberTests > Scenario: New inproceedings reference is created.When main page is loaded SKIPPED

fi.halooconsulting.ohturef.RunCucumberTests > Scenario: New inproceedings reference is created.Then reference with title "Tarina Keijosta 2" exists SKIPPED

fi.halooconsulting.ohturef.RunCucumberTests > Scenario: New inproceedings reference is created.And reference with title "Tarina Keijosta 2" is visible SKIPPED

fi.halooconsulting.ohturef.RunCucumberTests > Scenario: New inproceedings reference is created.classMethod FAILED
    com.gargoylesoftware.htmlunit.ScriptException: syntax error (script in http://localhost:8000/ from (1, 1472) to (14, 12)#1)

        Caused by:
        net.sourceforge.htmlunit.corejs.javascript.EvaluatorException: syntax error (script in http://localhost:8000/ from (1, 1472) to (14, 12)#1)

fi.halooconsulting.ohturef.RunCucumberTests > Scenario: New book reference is created, id is not entered manually.classMethod STANDARD_OUT

      Scenario: New inproceedings reference is created          [90m# fi/halooconsulting/ohturef/reference_creation.feature:15[0m
        [32mGiven [0m[32mnew reference page is loaded[0m                      [90m# StepDefs.new_reference_loaded()[0m
        [32mWhen [0m[32mreference type is set to [0m[32m[1mInproceedings[0m             [90m# StepDefs.reference_type_is_set_to(String)[0m
        [32mAnd [0m[32mfield "[0m[32m[1mauthor[0m[32m" is set to "[0m[32m[1mKeijo[0m[32m"[0m                    [90m# StepDefs.field_is_set_to(String,String)[0m
        [32mAnd [0m[32mfield "[0m[32m[1mtitle[0m[32m" is set to "[0m[32m[1mTarina Keijosta 2[0m[32m"[0m         [90m# StepDefs.field_is_set_to(String,String)[0m
        [32mAnd [0m[32mfield "[0m[32m[1mid[0m[32m" is set to "[0m[32m[1mKTK1[0m[32m"[0m                         [90m# StepDefs.field_is_set_to(String,String)[0m
        [32mAnd [0m[32mfield "[0m[32m[1mbooktitle[0m[32m" is set to "[0m[32m[1mKirjan otsikko[0m[32m"[0m        [90m# StepDefs.field_is_set_to(String,String)[0m
        [31mAnd [0m[31mcreate is clicked[0m                                   [90m# StepDefs.create_is_clicked()[0m
          [31m======= EXCEPTION START ========
          Exception class=[net.sourceforge.htmlunit.corejs.javascript.EvaluatorException]
          com.gargoylesoftware.htmlunit.ScriptException: syntax error (script in http://localhost:8000/ from (1, 1472) to (14, 12)#1)
          	at com.gargoylesoftware.htmlunit.javascript.JavaScriptEngine$HtmlUnitContextAction.run(JavaScriptEngine.java:865)
          	at net.sourceforge.htmlunit.corejs.javascript.Context.call(Context.java:628)
          	at net.sourceforge.htmlunit.corejs.javascript.ContextFactory.call(ContextFactory.java:513)
          	at com.gargoylesoftware.htmlunit.javascript.JavaScriptEngine.compile(JavaScriptEngine.java:701)
          	at com.gargoylesoftware.htmlunit.javascript.JavaScriptEngine.execute(JavaScriptEngine.java:718)
          	at com.gargoylesoftware.htmlunit.html.HtmlPage.executeJavaScriptIfPossible(HtmlPage.java:945)
          	at com.gargoylesoftware.htmlunit.html.HtmlScript.executeInlineScriptIfNeeded(HtmlScript.java:351)
          	at com.gargoylesoftware.htmlunit.html.HtmlScript.executeScriptIfNeeded(HtmlScript.java:411)
          	at com.gargoylesoftware.htmlunit.html.HtmlScript$3.execute(HtmlScript.java:276)
          	at com.gargoylesoftware.htmlunit.html.HtmlScript.onAllChildrenAddedToPage(HtmlScript.java:290)
          	at com.gargoylesoftware.htmlunit.html.HTMLParser$HtmlUnitDOMBuilder.endElement(HTMLParser.java:800)
          	at org.apache.xerces.parsers.AbstractSAXParser.endElement(Unknown Source)
          	at com.gargoylesoftware.htmlunit.html.HTMLParser$HtmlUnitDOMBuilder.endElement(HTMLParser.java:757)
          	at org.cyberneko.html.HTMLTagBalancer.callEndElement(HTMLTagBalancer.java:1170)
          	at org.cyberneko.html.HTMLTagBalancer.endElement(HTMLTagBalancer.java:1072)
          	at org.cyberneko.html.filters.DefaultFilter.endElement(DefaultFilter.java:206)
          	at org.cyberneko.html.filters.NamespaceBinder.endElement(NamespaceBinder.java:330)
          	at org.cyberneko.html.HTMLScanner$ContentScanner.scanEndElement(HTMLScanner.java:3126)
          	at org.cyberneko.html.HTMLScanner$ContentScanner.scan(HTMLScanner.java:2093)
          	at org.cyberneko.html.HTMLScanner.scanDocument(HTMLScanner.java:920)
          	at org.cyberneko.html.HTMLConfiguration.parse(HTMLConfiguration.java:499)
          	at org.cyberneko.html.HTMLConfiguration.parse(HTMLConfiguration.java:452)
          	at org.apache.xerces.parsers.XMLParser.parse(Unknown Source)
          	at com.gargoylesoftware.htmlunit.html.HTMLParser$HtmlUnitDOMBuilder.parse(HTMLParser.java:1040)
          	at com.gargoylesoftware.htmlunit.html.HTMLParser.parse(HTMLParser.java:253)
          	at com.gargoylesoftware.htmlunit.html.HTMLParser.parseHtml(HTMLParser.java:199)
          	at com.gargoylesoftware.htmlunit.DefaultPageCreator.createHtmlPage(DefaultPageCreator.java:272)
          	at com.gargoylesoftware.htmlunit.DefaultPageCreator.createPage(DefaultPageCreator.java:160)
          	at com.gargoylesoftware.htmlunit.WebClient.loadWebResponseInto(WebClient.java:476)
          	at com.gargoylesoftware.htmlunit.WebClient.loadDownloadedResponses(WebClient.java:2123)
          	at com.gargoylesoftware.htmlunit.javascript.JavaScriptEngine.doProcessPostponedActions(JavaScriptEngine.java:893)
          	at com.gargoylesoftware.htmlunit.javascript.JavaScriptEngine.processPostponedActions(JavaScriptEngine.java:983)
          	at com.gargoylesoftware.htmlunit.html.DomElement.click(DomElement.java:790)
          	at com.gargoylesoftware.htmlunit.html.DomElement.click(DomElement.java:733)
          	at com.gargoylesoftware.htmlunit.html.DomElement.click(DomElement.java:680)
          	at org.openqa.selenium.htmlunit.HtmlUnitWebElement.submit(HtmlUnitWebElement.java:171)
          	at fi.halooconsulting.ohturef.StepDefs.create_is_clicked(StepDefs.kt:54)
          	at ?.And create is clicked(fi/halooconsulting/ohturef/reference_creation.feature:22)
          Caused by: net.sourceforge.htmlunit.corejs.javascript.EvaluatorException: syntax error (script in http://localhost:8000/ from (1, 1472) to (14, 12)#1)
          	at com.gargoylesoftware.htmlunit.javascript.StrictErrorReporter.error(StrictErrorReporter.java:66)
          	at net.sourceforge.htmlunit.corejs.javascript.Parser.addError(Parser.java:187)
          	at net.sourceforge.htmlunit.corejs.javascript.Parser.addError(Parser.java:167)
          	at net.sourceforge.htmlunit.corejs.javascript.Parser.reportError(Parser.java:254)
          	at net.sourceforge.htmlunit.corejs.javascript.Parser.reportError(Parser.java:243)
          	at net.sourceforge.htmlunit.corejs.javascript.Parser.reportError(Parser.java:236)
          	at net.sourceforge.htmlunit.corejs.javascript.Parser.primaryExpr(Parser.java:2816)
          	at net.sourceforge.htmlunit.corejs.javascript.Parser.memberExpr(Parser.java:2388)
          	at net.sourceforge.htmlunit.corejs.javascript.Parser.unaryExpr(Parser.java:2292)
          	at net.sourceforge.htmlunit.corejs.javascript.Parser.mulExpr(Parser.java:2219)
          	at net.sourceforge.htmlunit.corejs.javascript.Parser.addExpr(Parser.java:2205)
          	at net.sourceforge.htmlunit.corejs.javascript.Parser.shiftExpr(Parser.java:2188)
          	at net.sourceforge.htmlunit.corejs.javascript.Parser.relExpr(Parser.java:2165)
          	at net.sourceforge.htmlunit.corejs.javascript.Parser.eqExpr(Parser.java:2139)
          	at net.sourceforge.htmlunit.corejs.javascript.Parser.bitAndExpr(Parser.java:2130)
          	at net.sourceforge.htmlunit.corejs.javascript.Parser.bitXorExpr(Parser.java:2121)
          	at net.sourceforge.htmlunit.corejs.javascript.Parser.bitOrExpr(Parser.java:2112)
          	at net.sourceforge.htmlunit.corejs.javascript.Parser.andExpr(Parser.java:2103)
          	at net.sourceforge.htmlunit.corejs.javascript.Parser.orExpr(Parser.java:2094)
          	at net.sourceforge.htmlunit.corejs.javascript.Parser.condExpr(Parser.java:2060)
          	at net.sourceforge.htmlunit.corejs.javascript.Parser.assignExpr(Parser.java:2033)
          	at net.sourceforge.htmlunit.corejs.javascript.Parser.expr(Parser.java:2014)
          	at net.sourceforge.htmlunit.corejs.javascript.Parser.parenExpr(Parser.java:2830)
          	at net.sourceforge.htmlunit.corejs.javascript.Parser.primaryExpr(Parser.java:2758)
          	at net.sourceforge.htmlunit.corejs.javascript.Parser.memberExpr(Parser.java:2388)
          	at net.sourceforge.htmlunit.corejs.javascript.Parser.unaryExpr(Parser.java:2292)
          	at net.sourceforge.htmlunit.corejs.javascript.Parser.mulExpr(Parser.java:2219)
          	at net.sourceforge.htmlunit.corejs.javascript.Parser.addExpr(Parser.java:2205)
          	at net.sourceforge.htmlunit.corejs.javascript.Parser.shiftExpr(Parser.java:2188)
          	at net.sourceforge.htmlunit.corejs.javascript.Parser.relExpr(Parser.java:2165)
          	at net.sourceforge.htmlunit.corejs.javascript.Parser.eqExpr(Parser.java:2139)
          	at net.sourceforge.htmlunit.corejs.javascript.Parser.bitAndExpr(Parser.java:2130)
          	at net.sourceforge.htmlunit.corejs.javascript.Parser.bitXorExpr(Parser.java:2121)
          	at net.sourceforge.htmlunit.corejs.javascript.Parser.bitOrExpr(Parser.java:2112)
          	at net.sourceforge.htmlunit.corejs.javascript.Parser.andExpr(Parser.java:2103)
          	at net.sourceforge.htmlunit.corejs.javascript.Parser.orExpr(Parser.java:2094)
          	at net.sourceforge.htmlunit.corejs.javascript.Parser.condExpr(Parser.java:2060)
          	at net.sourceforge.htmlunit.corejs.javascript.Parser.assignExpr(Parser.java:2033)
          	at net.sourceforge.htmlunit.corejs.javascript.Parser.argumentList(Parser.java:2357)
          	at net.sourceforge.htmlunit.corejs.javascript.Parser.memberExprTail(Parser.java:2508)
          	at net.sourceforge.htmlunit.corejs.javascript.Parser.memberExpr(Parser.java:2424)
          	at net.sourceforge.htmlunit.corejs.javascript.Parser.unaryExpr(Parser.java:2292)
          	at net.sourceforge.htmlunit.corejs.javascript.Parser.mulExpr(Parser.java:2219)
          	at net.sourceforge.htmlunit.corejs.javascript.Parser.addExpr(Parser.java:2205)
          	at net.sourceforge.htmlunit.corejs.javascript.Parser.shiftExpr(Parser.java:2188)
          	at net.sourceforge.htmlunit.corejs.javascript.Parser.relExpr(Parser.java:2165)
          	at net.sourceforge.htmlunit.corejs.javascript.Parser.eqExpr(Parser.java:2139)
          	at net.sourceforge.htmlunit.corejs.javascript.Parser.bitAndExpr(Parser.java:2130)
          	at net.sourceforge.htmlunit.corejs.javascript.Parser.bitXorExpr(Parser.java:2121)
          	at net.sourceforge.htmlunit.corejs.javascript.Parser.bitOrExpr(Parser.java:2112)
          	at net.sourceforge.htmlunit.corejs.javascript.Parser.andExpr(Parser.java:2103)
          	at net.sourceforge.htmlunit.corejs.javascript.Parser.orExpr(Parser.java:2094)
          	at net.sourceforge.htmlunit.corejs.javascript.Parser.condExpr(Parser.java:2060)
          	at net.sourceforge.htmlunit.corejs.javascript.Parser.assignExpr(Parser.java:2033)
          	at net.sourceforge.htmlunit.corejs.javascript.Parser.expr(Parser.java:2014)
          	at net.sourceforge.htmlunit.corejs.javascript.Parser.nameOrLabel(Parser.java:1774)
          	at net.sourceforge.htmlunit.corejs.javascript.Parser.statementHelper(Parser.java:1053)
          	at net.sourceforge.htmlunit.corejs.javascript.Parser.statement(Parser.java:926)
          	at net.sourceforge.htmlunit.corejs.javascript.Parser.parse(Parser.java:570)
          	at net.sourceforge.htmlunit.corejs.javascript.Parser.parse(Parser.java:491)
          	at net.sourceforge.htmlunit.corejs.javascript.Context.compileImpl(Context.java:2661)
          	at net.sourceforge.htmlunit.corejs.javascript.Context.compileString(Context.java:1624)
          	at com.gargoylesoftware.htmlunit.javascript.HtmlUnitContextFactory$TimeoutContext.compileString(HtmlUnitContextFactory.java:202)
          	at net.sourceforge.htmlunit.corejs.javascript.Context.compileString(Context.java:1616)
          	at com.gargoylesoftware.htmlunit.javascript.JavaScriptEngine$2.doRun(JavaScriptEngine.java:692)
          	at com.gargoylesoftware.htmlunit.javascript.JavaScriptEngine$HtmlUnitContextAction.run(JavaScriptEngine.java:850)
          	at net.sourceforge.htmlunit.corejs.javascript.Context.call(Context.java:628)
          	at net.sourceforge.htmlunit.corejs.javascript.ContextFactory.call(ContextFactory.java:513)
          	at com.gargoylesoftware.htmlunit.javascript.JavaScriptEngine.compile(JavaScriptEngine.java:701)
          	at com.gargoylesoftware.htmlunit.javascript.JavaScriptEngine.execute(JavaScriptEngine.java:718)
          	at com.gargoylesoftware.htmlunit.html.HtmlPage.executeJavaScriptIfPossible(HtmlPage.java:945)
          	at com.gargoylesoftware.htmlunit.html.HtmlScript.executeInlineScriptIfNeeded(HtmlScript.java:351)
          	at com.gargoylesoftware.htmlunit.html.HtmlScript.executeScriptIfNeeded(HtmlScript.java:411)
          	at com.gargoylesoftware.htmlunit.html.HtmlScript$3.execute(HtmlScript.java:276)
          	at com.gargoylesoftware.htmlunit.html.HtmlScript.onAllChildrenAddedToPage(HtmlScript.java:290)
          	at com.gargoylesoftware.htmlunit.html.HTMLParser$HtmlUnitDOMBuilder.endElement(HTMLParser.java:800)
          	at org.apache.xerces.parsers.AbstractSAXParser.endElement(Unknown Source)
          	at com.gargoylesoftware.htmlunit.html.HTMLParser$HtmlUnitDOMBuilder.endElement(HTMLParser.java:757)
          	at org.cyberneko.html.HTMLTagBalancer.callEndElement(HTMLTagBalancer.java:1170)
          	at org.cyberneko.html.HTMLTagBalancer.endElement(HTMLTagBalancer.java:1072)
          	at org.cyberneko.html.filters.DefaultFilter.endElement(DefaultFilter.java:206)
          	at org.cyberneko.html.filters.NamespaceBinder.endElement(NamespaceBinder.java:330)
          	at org.cyberneko.html.HTMLScanner$ContentScanner.scanEndElement(HTMLScanner.java:3126)
          	at org.cyberneko.html.HTMLScanner$ContentScanner.scan(HTMLScanner.java:2093)
          	at org.cyberneko.html.HTMLScanner.scanDocument(HTMLScanner.java:920)
          	at org.cyberneko.html.HTMLConfiguration.parse(HTMLConfiguration.java:499)
          	at org.cyberneko.html.HTMLConfiguration.parse(HTMLConfiguration.java:452)
          	at org.apache.xerces.parsers.XMLParser.parse(Unknown Source)
          	at com.gargoylesoftware.htmlunit.html.HTMLParser$HtmlUnitDOMBuilder.parse(HTMLParser.java:1040)
          	at com.gargoylesoftware.htmlunit.html.HTMLParser.parse(HTMLParser.java:253)
          	at com.gargoylesoftware.htmlunit.html.HTMLParser.parseHtml(HTMLParser.java:199)
          	at com.gargoylesoftware.htmlunit.DefaultPageCreator.createHtmlPage(DefaultPageCreator.java:272)
          	at com.gargoylesoftware.htmlunit.DefaultPageCreator.createPage(DefaultPageCreator.java:160)
          	at com.gargoylesoftware.htmlunit.WebClient.loadWebResponseInto(WebClient.java:476)
          	at com.gargoylesoftware.htmlunit.WebClient.loadDownloadedResponses(WebClient.java:2123)
          	at com.gargoylesoftware.htmlunit.javascript.JavaScriptEngine.doProcessPostponedActions(JavaScriptEngine.java:893)
          	at com.gargoylesoftware.htmlunit.javascript.JavaScriptEngine.processPostponedActions(JavaScriptEngine.java:983)
          	at com.gargoylesoftware.htmlunit.html.DomElement.click(DomElement.java:790)
          	at com.gargoylesoftware.htmlunit.html.DomElement.click(DomElement.java:733)
          	at com.gargoylesoftware.htmlunit.html.DomElement.click(DomElement.java:680)
          	at org.openqa.selenium.htmlunit.HtmlUnitWebElement.submit(HtmlUnitWebElement.java:171)
          	at fi.halooconsulting.ohturef.StepDefs.create_is_clicked(StepDefs.kt:54)
          	at sun.reflect.NativeMethodAccessorImpl.invoke0(Native Method)
          	at sun.reflect.NativeMethodAccessorImpl.invoke(NativeMethodAccessorImpl.java:62)
          	at sun.reflect.DelegatingMethodAccessorImpl.invoke(DelegatingMethodAccessorImpl.java:43)
          	at java.lang.reflect.Method.invoke(Method.java:497)
          	at cucumber.runtime.Utils$1.call(Utils.java:40)
          	at cucumber.runtime.Timeout.timeout(Timeout.java:16)
          	at cucumber.runtime.Utils.invoke(Utils.java:34)
          	at cucumber.runtime.java.JavaStepDefinition.execute(JavaStepDefinition.java:38)
          	at cucumber.runtime.StepDefinitionMatch.runStep(StepDefinitionMatch.java:37)
          	at cucumber.runtime.Runtime.runStep(Runtime.java:300)
          	at cucumber.runtime.model.StepContainer.runStep(StepContainer.java:44)
          	at cucumber.runtime.model.StepContainer.runSteps(StepContainer.java:39)
          	at cucumber.runtime.model.CucumberScenario.run(CucumberScenario.java:44)
          	at cucumber.runtime.junit.ExecutionUnitRunner.run(ExecutionUnitRunner.java:102)
          	at cucumber.runtime.junit.FeatureRunner.runChild(FeatureRunner.java:63)
          	at cucumber.runtime.junit.FeatureRunner.runChild(FeatureRunner.java:18)
          	at org.junit.runners.ParentRunner$3.run(ParentRunner.java:290)
          	at org.junit.runners.ParentRunner$1.schedule(ParentRunner.java:71)
          	at org.junit.runners.ParentRunner.runChildren(ParentRunner.java:288)
          	at org.junit.runners.ParentRunner.access$000(ParentRunner.java:58)
          	at org.junit.runners.ParentRunner$2.evaluate(ParentRunner.java:268)
          	at org.junit.runners.ParentRunner.run(ParentRunner.java:363)
          	at cucumber.runtime.junit.FeatureRunner.run(FeatureRunner.java:70)
          	at cucumber.api.junit.Cucumber.runChild(Cucumber.java:95)
          	at cucumber.api.junit.Cucumber.runChild(Cucumber.java:38)
          	at org.junit.runners.ParentRunner$3.run(ParentRunner.java:290)
          	at org.junit.runners.ParentRunner$1.schedule(ParentRunner.java:71)
          	at org.junit.runners.ParentRunner.runChildren(ParentRunner.java:288)
          	at org.junit.runners.ParentRunner.access$000(ParentRunner.java:58)
          	at org.junit.runners.ParentRunner$2.evaluate(ParentRunner.java:268)
          	at org.junit.internal.runners.statements.RunBefores.evaluate(RunBefores.java:26)
          	at org.junit.internal.runners.statements.RunAfters.evaluate(RunAfters.java:27)
          	at org.junit.runners.ParentRunner.run(ParentRunner.java:363)
          	at cucumber.api.junit.Cucumber.run(Cucumber.java:100)
          	at org.gradle.api.internal.tasks.testing.junit.JUnitTestClassExecuter.runTestClass(JUnitTestClassExecuter.java:114)
          	at org.gradle.api.internal.tasks.testing.junit.JUnitTestClassExecuter.execute(JUnitTestClassExecuter.java:57)
          	at org.gradle.api.internal.tasks.testing.junit.JUnitTestClassProcessor.processTestClass(JUnitTestClassProcessor.java:66)
          	at org.gradle.api.internal.tasks.testing.SuiteTestClassProcessor.processTestClass(SuiteTestClassProcessor.java:51)
          	at sun.reflect.NativeMethodAccessorImpl.invoke0(Native Method)
          	at sun.reflect.NativeMethodAccessorImpl.invoke(NativeMethodAccessorImpl.java:62)
          	at sun.reflect.DelegatingMethodAccessorImpl.invoke(DelegatingMethodAccessorImpl.java:43)
          	at java.lang.reflect.Method.invoke(Method.java:497)
          	at org.gradle.internal.dispatch.ReflectionDispatch.dispatch(ReflectionDispatch.java:35)
          	at org.gradle.internal.dispatch.ReflectionDispatch.dispatch(ReflectionDispatch.java:24)
          	at org.gradle.internal.dispatch.ContextClassLoaderDispatch.dispatch(ContextClassLoaderDispatch.java:32)
          	at org.gradle.internal.dispatch.ProxyDispatchAdapter$DispatchingInvocationHandler.invoke(ProxyDispatchAdapter.java:93)
          	at com.sun.proxy.$Proxy2.processTestClass(Unknown Source)
          	at org.gradle.api.internal.tasks.testing.worker.TestWorker.processTestClass(TestWorker.java:109)
          	at sun.reflect.NativeMethodAccessorImpl.invoke0(Native Method)
          	at sun.reflect.NativeMethodAccessorImpl.invoke(NativeMethodAccessorImpl.java:62)
          	at sun.reflect.DelegatingMethodAccessorImpl.invoke(DelegatingMethodAccessorImpl.java:43)
          	at java.lang.reflect.Method.invoke(Method.java:497)
          	at org.gradle.internal.dispatch.ReflectionDispatch.dispatch(ReflectionDispatch.java:35)
          	at org.gradle.internal.dispatch.ReflectionDispatch.dispatch(ReflectionDispatch.java:24)
          	at org.gradle.internal.remote.internal.hub.MessageHub$Handler.run(MessageHub.java:377)
          	at org.gradle.internal.concurrent.ExecutorPolicy$CatchAndRecordFailures.onExecute(ExecutorPolicy.java:54)
          	at org.gradle.internal.concurrent.StoppableExecutorImpl$1.run(StoppableExecutorImpl.java:40)
          	at java.util.concurrent.ThreadPoolExecutor.runWorker(ThreadPoolExecutor.java:1142)
          	at java.util.concurrent.ThreadPoolExecutor$Worker.run(ThreadPoolExecutor.java:617)
          	at java.lang.Thread.run(Thread.java:745)
          Enclosed exception: 
          net.sourceforge.htmlunit.corejs.javascript.EvaluatorException: syntax error (script in http://localhost:8000/ from (1, 1472) to (14, 12)#1)
          	at com.gargoylesoftware.htmlunit.javascript.StrictErrorReporter.error(StrictErrorReporter.java:66)
          	at net.sourceforge.htmlunit.corejs.javascript.Parser.addError(Parser.java:187)
          	at net.sourceforge.htmlunit.corejs.javascript.Parser.addError(Parser.java:167)
          	at net.sourceforge.htmlunit.corejs.javascript.Parser.reportError(Parser.java:254)
          	at net.sourceforge.htmlunit.corejs.javascript.Parser.reportError(Parser.java:243)
          	at net.sourceforge.htmlunit.corejs.javascript.Parser.reportError(Parser.java:236)
          	at net.sourceforge.htmlunit.corejs.javascript.Parser.primaryExpr(Parser.java:2816)
          	at net.sourceforge.htmlunit.corejs.javascript.Parser.memberExpr(Parser.java:2388)
          	at net.sourceforge.htmlunit.corejs.javascript.Parser.unaryExpr(Parser.java:2292)
          	at net.sourceforge.htmlunit.corejs.javascript.Parser.mulExpr(Parser.java:2219)
          	at net.sourceforge.htmlunit.corejs.javascript.Parser.addExpr(Parser.java:2205)
          	at net.sourceforge.htmlunit.corejs.javascript.Parser.shiftExpr(Parser.java:2188)
          	at net.sourceforge.htmlunit.corejs.javascript.Parser.relExpr(Parser.java:2165)
          	at net.sourceforge.htmlunit.corejs.javascript.Parser.eqExpr(Parser.java:2139)
          	at net.sourceforge.htmlunit.corejs.javascript.Parser.bitAndExpr(Parser.java:2130)
          	at net.sourceforge.htmlunit.corejs.javascript.Parser.bitXorExpr(Parser.java:2121)
          	at net.sourceforge.htmlunit.corejs.javascript.Parser.bitOrExpr(Parser.java:2112)
          	at net.sourceforge.htmlunit.corejs.javascript.Parser.andExpr(Parser.java:2103)
          	at net.sourceforge.htmlunit.corejs.javascript.Parser.orExpr(Parser.java:2094)
          	at net.sourceforge.htmlunit.corejs.javascript.Parser.condExpr(Parser.java:2060)
          	at net.sourceforge.htmlunit.corejs.javascript.Parser.assignExpr(Parser.java:2033)
          	at net.sourceforge.htmlunit.corejs.javascript.Parser.expr(Parser.java:2014)
          	at net.sourceforge.htmlunit.corejs.javascript.Parser.parenExpr(Parser.java:2830)
          	at net.sourceforge.htmlunit.corejs.javascript.Parser.primaryExpr(Parser.java:2758)
          	at net.sourceforge.htmlunit.corejs.javascript.Parser.memberExpr(Parser.java:2388)
          	at net.sourceforge.htmlunit.corejs.javascript.Parser.unaryExpr(Parser.java:2292)
          	at net.sourceforge.htmlunit.corejs.javascript.Parser.mulExpr(Parser.java:2219)
          	at net.sourceforge.htmlunit.corejs.javascript.Parser.addExpr(Parser.java:2205)
          	at net.sourceforge.htmlunit.corejs.javascript.Parser.shiftExpr(Parser.java:2188)
          	at net.sourceforge.htmlunit.corejs.javascript.Parser.relExpr(Parser.java:2165)
          	at net.sourceforge.htmlunit.corejs.javascript.Parser.eqExpr(Parser.java:2139)
          	at net.sourceforge.htmlunit.corejs.javascript.Parser.bitAndExpr(Parser.java:2130)
          	at net.sourceforge.htmlunit.corejs.javascript.Parser.bitXorExpr(Parser.java:2121)
          	at net.sourceforge.htmlunit.corejs.javascript.Parser.bitOrExpr(Parser.java:2112)
          	at net.sourceforge.htmlunit.corejs.javascript.Parser.andExpr(Parser.java:2103)
          	at net.sourceforge.htmlunit.corejs.javascript.Parser.orExpr(Parser.java:2094)
          	at net.sourceforge.htmlunit.corejs.javascript.Parser.condExpr(Parser.java:2060)
          	at net.sourceforge.htmlunit.corejs.javascript.Parser.assignExpr(Parser.java:2033)
          	at net.sourceforge.htmlunit.corejs.javascript.Parser.argumentList(Parser.java:2357)
          	at net.sourceforge.htmlunit.corejs.javascript.Parser.memberExprTail(Parser.java:2508)
          	at net.sourceforge.htmlunit.corejs.javascript.Parser.memberExpr(Parser.java:2424)
          	at net.sourceforge.htmlunit.corejs.javascript.Parser.unaryExpr(Parser.java:2292)
          	at net.sourceforge.htmlunit.corejs.javascript.Parser.mulExpr(Parser.java:2219)
          	at net.sourceforge.htmlunit.corejs.javascript.Parser.addExpr(Parser.java:2205)
          	at net.sourceforge.htmlunit.corejs.javascript.Parser.shiftExpr(Parser.java:2188)
          	at net.sourceforge.htmlunit.corejs.javascript.Parser.relExpr(Parser.java:2165)
          	at net.sourceforge.htmlunit.corejs.javascript.Parser.eqExpr(Parser.java:2139)
          	at net.sourceforge.htmlunit.corejs.javascript.Parser.bitAndExpr(Parser.java:2130)
          	at net.sourceforge.htmlunit.corejs.javascript.Parser.bitXorExpr(Parser.java:2121)
          	at net.sourceforge.htmlunit.corejs.javascript.Parser.bitOrExpr(Parser.java:2112)
          	at net.sourceforge.htmlunit.corejs.javascript.Parser.andExpr(Parser.java:2103)
          	at net.sourceforge.htmlunit.corejs.javascript.Parser.orExpr(Parser.java:2094)
          	at net.sourceforge.htmlunit.corejs.javascript.Parser.condExpr(Parser.java:2060)
          	at net.sourceforge.htmlunit.corejs.javascript.Parser.assignExpr(Parser.java:2033)
          	at net.sourceforge.htmlunit.corejs.javascript.Parser.expr(Parser.java:2014)
          	at net.sourceforge.htmlunit.corejs.javascript.Parser.nameOrLabel(Parser.java:1774)
          	at net.sourceforge.htmlunit.corejs.javascript.Parser.statementHelper(Parser.java:1053)
          	at net.sourceforge.htmlunit.corejs.javascript.Parser.statement(Parser.java:926)
          	at net.sourceforge.htmlunit.corejs.javascript.Parser.parse(Parser.java:570)
          	at net.sourceforge.htmlunit.corejs.javascript.Parser.parse(Parser.java:491)
          	at net.sourceforge.htmlunit.corejs.javascript.Context.compileImpl(Context.java:2661)
          	at net.sourceforge.htmlunit.corejs.javascript.Context.compileString(Context.java:1624)
          	at com.gargoylesoftware.htmlunit.javascript.HtmlUnitContextFactory$TimeoutContext.compileString(HtmlUnitContextFactory.java:202)
          	at net.sourceforge.htmlunit.corejs.javascript.Context.compileString(Context.java:1616)
          	at com.gargoylesoftware.htmlunit.javascript.JavaScriptEngine$2.doRun(JavaScriptEngine.java:692)
          	at com.gargoylesoftware.htmlunit.javascript.JavaScriptEngine$HtmlUnitContextAction.run(JavaScriptEngine.java:850)
          	at net.sourceforge.htmlunit.corejs.javascript.Context.call(Context.java:628)
          	at net.sourceforge.htmlunit.corejs.javascript.ContextFactory.call(ContextFactory.java:513)
          	at com.gargoylesoftware.htmlunit.javascript.JavaScriptEngine.compile(JavaScriptEngine.java:701)
          	at com.gargoylesoftware.htmlunit.javascript.JavaScriptEngine.execute(JavaScriptEngine.java:718)
          	at com.gargoylesoftware.htmlunit.html.HtmlPage.executeJavaScriptIfPossible(HtmlPage.java:945)
          	at com.gargoylesoftware.htmlunit.html.HtmlScript.executeInlineScriptIfNeeded(HtmlScript.java:351)
          	at com.gargoylesoftware.htmlunit.html.HtmlScript.executeScriptIfNeeded(HtmlScript.java:411)
          	at com.gargoylesoftware.htmlunit.html.HtmlScript$3.execute(HtmlScript.java:276)
          	at com.gargoylesoftware.htmlunit.html.HtmlScript.onAllChildrenAddedToPage(HtmlScript.java:290)
          	at com.gargoylesoftware.htmlunit.html.HTMLParser$HtmlUnitDOMBuilder.endElement(HTMLParser.java:800)
          	at org.apache.xerces.parsers.AbstractSAXParser.endElement(Unknown Source)
          	at com.gargoylesoftware.htmlunit.html.HTMLParser$HtmlUnitDOMBuilder.endElement(HTMLParser.java:757)
          	at org.cyberneko.html.HTMLTagBalancer.callEndElement(HTMLTagBalancer.java:1170)
          	at org.cyberneko.html.HTMLTagBalancer.endElement(HTMLTagBalancer.java:1072)
          	at org.cyberneko.html.filters.DefaultFilter.endElement(DefaultFilter.java:206)
          	at org.cyberneko.html.filters.NamespaceBinder.endElement(NamespaceBinder.java:330)
          	at org.cyberneko.html.HTMLScanner$ContentScanner.scanEndElement(HTMLScanner.java:3126)
          	at org.cyberneko.html.HTMLScanner$ContentScanner.scan(HTMLScanner.java:2093)
          	at org.cyberneko.html.HTMLScanner.scanDocument(HTMLScanner.java:920)
          	at org.cyberneko.html.HTMLConfiguration.parse(HTMLConfiguration.java:499)
          	at org.cyberneko.html.HTMLConfiguration.parse(HTMLConfiguration.java:452)
          	at org.apache.xerces.parsers.XMLParser.parse(Unknown Source)
          	at com.gargoylesoftware.htmlunit.html.HTMLParser$HtmlUnitDOMBuilder.parse(HTMLParser.java:1040)
          	at com.gargoylesoftware.htmlunit.html.HTMLParser.parse(HTMLParser.java:253)
          	at com.gargoylesoftware.htmlunit.html.HTMLParser.parseHtml(HTMLParser.java:199)
          	at com.gargoylesoftware.htmlunit.DefaultPageCreator.createHtmlPage(DefaultPageCreator.java:272)
          	at com.gargoylesoftware.htmlunit.DefaultPageCreator.createPage(DefaultPageCreator.java:160)
          	at com.gargoylesoftware.htmlunit.WebClient.loadWebResponseInto(WebClient.java:476)
          	at com.gargoylesoftware.htmlunit.WebClient.loadDownloadedResponses(WebClient.java:2123)
          	at com.gargoylesoftware.htmlunit.javascript.JavaScriptEngine.doProcessPostponedActions(JavaScriptEngine.java:893)
          	at com.gargoylesoftware.htmlunit.javascript.JavaScriptEngine.processPostponedActions(JavaScriptEngine.java:983)
          	at com.gargoylesoftware.htmlunit.html.DomElement.click(DomElement.java:790)
          	at com.gargoylesoftware.htmlunit.html.DomElement.click(DomElement.java:733)
          	at com.gargoylesoftware.htmlunit.html.DomElement.click(DomElement.java:680)
          	at org.openqa.selenium.htmlunit.HtmlUnitWebElement.submit(HtmlUnitWebElement.java:171)
          	at fi.halooconsulting.ohturef.StepDefs.create_is_clicked(StepDefs.kt:54)
          	at sun.reflect.NativeMethodAccessorImpl.invoke0(Native Method)
          	at sun.reflect.NativeMethodAccessorImpl.invoke(NativeMethodAccessorImpl.java:62)
          	at sun.reflect.DelegatingMethodAccessorImpl.invoke(DelegatingMethodAccessorImpl.java:43)
          	at java.lang.reflect.Method.invoke(Method.java:497)
          	at cucumber.runtime.Utils$1.call(Utils.java:40)
          	at cucumber.runtime.Timeout.timeout(Timeout.java:16)
          	at cucumber.runtime.Utils.invoke(Utils.java:34)
          	at cucumber.runtime.java.JavaStepDefinition.execute(JavaStepDefinition.java:38)
          	at cucumber.runtime.StepDefinitionMatch.runStep(StepDefinitionMatch.java:37)
          	at cucumber.runtime.Runtime.runStep(Runtime.java:300)
          	at cucumber.runtime.model.StepContainer.runStep(StepContainer.java:44)
          	at cucumber.runtime.model.StepContainer.runSteps(StepContainer.java:39)
          	at cucumber.runtime.model.CucumberScenario.run(CucumberScenario.java:44)
          	at cucumber.runtime.junit.ExecutionUnitRunner.run(ExecutionUnitRunner.java:102)
          	at cucumber.runtime.junit.FeatureRunner.runChild(FeatureRunner.java:63)
          	at cucumber.runtime.junit.FeatureRunner.runChild(FeatureRunner.java:18)
          	at org.junit.runners.ParentRunner$3.run(ParentRunner.java:290)
          	at org.junit.runners.ParentRunner$1.schedule(ParentRunner.java:71)
          	at org.junit.runners.ParentRunner.runChildren(ParentRunner.java:288)
          	at org.junit.runners.ParentRunner.access$000(ParentRunner.java:58)
          	at org.junit.runners.ParentRunner$2.evaluate(ParentRunner.java:268)
          	at org.junit.runners.ParentRunner.run(ParentRunner.java:363)
          	at cucumber.runtime.junit.FeatureRunner.run(FeatureRunner.java:70)
          	at cucumber.api.junit.Cucumber.runChild(Cucumber.java:95)
          	at cucumber.api.junit.Cucumber.runChild(Cucumber.java:38)
          	at org.junit.runners.ParentRunner$3.run(ParentRunner.java:290)
          	at org.junit.runners.ParentRunner$1.schedule(ParentRunner.java:71)
          	at org.junit.runners.ParentRunner.runChildren(ParentRunner.java:288)
          	at org.junit.runners.ParentRunner.access$000(ParentRunner.java:58)
          	at org.junit.runners.ParentRunner$2.evaluate(ParentRunner.java:268)
          	at org.junit.internal.runners.statements.RunBefores.evaluate(RunBefores.java:26)
          	at org.junit.internal.runners.statements.RunAfters.evaluate(RunAfters.java:27)
          	at org.junit.runners.ParentRunner.run(ParentRunner.java:363)
          	at cucumber.api.junit.Cucumber.run(Cucumber.java:100)
          	at org.gradle.api.internal.tasks.testing.junit.JUnitTestClassExecuter.runTestClass(JUnitTestClassExecuter.java:114)
          	at org.gradle.api.internal.tasks.testing.junit.JUnitTestClassExecuter.execute(JUnitTestClassExecuter.java:57)
          	at org.gradle.api.internal.tasks.testing.junit.JUnitTestClassProcessor.processTestClass(JUnitTestClassProcessor.java:66)
          	at org.gradle.api.internal.tasks.testing.SuiteTestClassProcessor.processTestClass(SuiteTestClassProcessor.java:51)
          	at sun.reflect.NativeMethodAccessorImpl.invoke0(Native Method)
          	at sun.reflect.NativeMethodAccessorImpl.invoke(NativeMethodAccessorImpl.java:62)
          	at sun.reflect.DelegatingMethodAccessorImpl.invoke(DelegatingMethodAccessorImpl.java:43)
          	at java.lang.reflect.Method.invoke(Method.java:497)
          	at org.gradle.internal.dispatch.ReflectionDispatch.dispatch(ReflectionDispatch.java:35)
          	at org.gradle.internal.dispatch.ReflectionDispatch.dispatch(ReflectionDispatch.java:24)
          	at org.gradle.internal.dispatch.ContextClassLoaderDispatch.dispatch(ContextClassLoaderDispatch.java:32)
          	at org.gradle.internal.dispatch.ProxyDispatchAdapter$DispatchingInvocationHandler.invoke(ProxyDispatchAdapter.java:93)
          	at com.sun.proxy.$Proxy2.processTestClass(Unknown Source)
          	at org.gradle.api.internal.tasks.testing.worker.TestWorker.processTestClass(TestWorker.java:109)
          	at sun.reflect.NativeMethodAccessorImpl.invoke0(Native Method)
          	at sun.reflect.NativeMethodAccessorImpl.invoke(NativeMethodAccessorImpl.java:62)
          	at sun.reflect.DelegatingMethodAccessorImpl.invoke(DelegatingMethodAccessorImpl.java:43)
          	at java.lang.reflect.Method.invoke(Method.java:497)
          	at org.gradle.internal.dispatch.ReflectionDispatch.dispatch(ReflectionDispatch.java:35)
          	at org.gradle.internal.dispatch.ReflectionDispatch.dispatch(ReflectionDispatch.java:24)
          	at org.gradle.internal.remote.internal.hub.MessageHub$Handler.run(MessageHub.java:377)
          	at org.gradle.internal.concurrent.ExecutorPolicy$CatchAndRecordFailures.onExecute(ExecutorPolicy.java:54)
          	at org.gradle.internal.concurrent.StoppableExecutorImpl$1.run(StoppableExecutorImpl.java:40)
          	at java.util.concurrent.ThreadPoolExecutor.runWorker(ThreadPoolExecutor.java:1142)
          	at java.util.concurrent.ThreadPoolExecutor$Worker.run(ThreadPoolExecutor.java:617)
          	at java.lang.Thread.run(Thread.java:745)
          == CALLING JAVASCRIPT ==
          $(document).ready(() => {
              $("#export").click(() => {
                  $("#bibtex").load("/bibtex", () => $("#bibtex").removeClass("hidden"))
              });
          });
          function deleteReference(id) {
              $.ajax({
                  url: '/' + id,
                  method: 'DELETE',
                  success: function(result) {
                      location.reload()
                  }
              });
          };
          ======= EXCEPTION END ========
          [0m
        [36mWhen [0m[36mmain page is loaded[0m                                [90m# StepDefs.main_page_loaded()[0m
        [36mThen [0m[36mreference with title "[0m[36m[1mTarina Keijosta 2[0m[36m" exists[0m    [90m# StepDefs.reference_exists_title(String)[0m
        [36mAnd [0m[36mreference with title "[0m[36m[1mTarina Keijosta 2[0m[36m" is visible[0m [90m# StepDefs.reference_is_visible(String)[0m

fi.halooconsulting.ohturef.RunCucumberTests > Scenario: New book reference is created, id is not entered manually.classMethod STANDARD_ERROR
    huhtikuuta 26, 2017 1:04:50 IP. com.gargoylesoftware.htmlunit.javascript.host.css.CSSStyleSheet isValidSelector
    WARNING: Unhandled CSS condition type '7'. Accepting it silently.
    huhtikuuta 26, 2017 1:04:50 IP. com.gargoylesoftware.htmlunit.javascript.StrictErrorReporter runtimeError
    SEVERE: runtimeError: message=[An invalid or illegal selector was specified (selector: '*,:x' error: Invalid selector: *:x).] sourceName=[https://code.jquery.com/jquery-2.2.4.min.js] line=[2] lineSource=[null] lineOffset=[0]

fi.halooconsulting.ohturef.RunCucumberTests STANDARD_ERROR
    huhtikuuta 26, 2017 1:04:50 IP. com.gargoylesoftware.htmlunit.javascript.StrictErrorReporter runtimeError
    SEVERE: runtimeError: message=[An invalid or illegal selector was specified (selector: '#type option:selected' error: Invalid selector: *#type option:selected).] sourceName=[https://code.jquery.com/jquery-2.2.4.min.js] line=[2] lineSource=[null] lineOffset=[0]
    [qtp1643296642-18] ERROR spark.http.matching.GeneralError - 
    java.lang.NullPointerException
    	at java.util.HashMap.putMapEntries(HashMap.java:500)
    	at java.util.HashMap.putAll(HashMap.java:784)
    	at de.neuland.jade4j.model.JadeModel.putAll(JadeModel.java:128)
    	at de.neuland.jade4j.JadeConfiguration.renderTemplate(JadeConfiguration.java:73)
    	at de.neuland.jade4j.JadeConfiguration.renderTemplate(JadeConfiguration.java:79)
    	at spark.template.jade.JadeTemplateEngine.render(JadeTemplateEngine.java:77)
    	at spark.TemplateViewRouteImpl$1.render(TemplateViewRouteImpl.java:61)
    	at spark.TemplateViewRouteImpl$1.render(TemplateViewRouteImpl.java:58)
    	at spark.TemplateViewRouteImpl.render(TemplateViewRouteImpl.java:86)
    	at spark.http.matching.Routes.execute(Routes.java:62)
    	at spark.http.matching.MatcherFilter.doFilter(MatcherFilter.java:130)
    	at spark.embeddedserver.jetty.JettyHandler.doHandle(JettyHandler.java:50)
    	at org.eclipse.jetty.server.session.SessionHandler.doScope(SessionHandler.java:189)
    	at org.eclipse.jetty.server.handler.ScopedHandler.handle(ScopedHandler.java:141)
    	at org.eclipse.jetty.server.handler.HandlerWrapper.handle(HandlerWrapper.java:119)
    	at org.eclipse.jetty.server.Server.handle(Server.java:517)
    	at org.eclipse.jetty.server.HttpChannel.handle(HttpChannel.java:308)
    	at org.eclipse.jetty.server.HttpConnection.onFillable(HttpConnection.java:242)
    	at org.eclipse.jetty.io.AbstractConnection$ReadCallback.succeeded(AbstractConnection.java:261)
    	at org.eclipse.jetty.io.FillInterest.fillable(FillInterest.java:95)
    	at org.eclipse.jetty.io.SelectChannelEndPoint$2.run(SelectChannelEndPoint.java:75)
    	at org.eclipse.jetty.util.thread.strategy.ExecuteProduceConsume.produceAndRun(ExecuteProduceConsume.java:213)
    	at org.eclipse.jetty.util.thread.strategy.ExecuteProduceConsume.run(ExecuteProduceConsume.java:147)
    	at org.eclipse.jetty.util.thread.QueuedThreadPool.runJob(QueuedThreadPool.java:654)
    	at org.eclipse.jetty.util.thread.QueuedThreadPool$3.run(QueuedThreadPool.java:572)
    	at java.lang.Thread.run(Thread.java:745)
    huhtikuuta 26, 2017 1:04:50 IP. com.gargoylesoftware.htmlunit.javascript.host.css.CSSStyleSheet isValidSelector
    WARNING: Unhandled CSS condition type '7'. Accepting it silently.
    huhtikuuta 26, 2017 1:04:50 IP. com.gargoylesoftware.htmlunit.javascript.StrictErrorReporter runtimeError
    SEVERE: runtimeError: message=[An invalid or illegal selector was specified (selector: '*,:x' error: Invalid selector: *:x).] sourceName=[https://code.jquery.com/jquery-2.2.4.min.js] line=[2] lineSource=[null] lineOffset=[0]
    huhtikuuta 26, 2017 1:04:50 IP. com.gargoylesoftware.htmlunit.javascript.StrictErrorReporter error
    SEVERE: error: message=[syntax error] sourceName=[script in http://localhost:8000/ from (1, 1441) to (14, 12)] line=[1] lineSource=[$(document).ready(() => {] lineOffset=[20]
Gradle Test Executor 1 finished executing tests.

fi.halooconsulting.ohturef.RunCucumberTests > Scenario: New book reference is created, id is not entered manually.And create is clicked FAILED
    com.gargoylesoftware.htmlunit.ScriptException: syntax error (script in http://localhost:8000/ from (1, 1441) to (14, 12)#1)

        Caused by:
        net.sourceforge.htmlunit.corejs.javascript.EvaluatorException: syntax error (script in http://localhost:8000/ from (1, 1441) to (14, 12)#1)

fi.halooconsulting.ohturef.RunCucumberTests > Scenario: New book reference is created, id is not entered manually.When main page is loaded SKIPPED

fi.halooconsulting.ohturef.RunCucumberTests > Scenario: New book reference is created, id is not entered manually.Then reference with title "Tarina Keijosta" exists SKIPPED

fi.halooconsulting.ohturef.RunCucumberTests > Scenario: New book reference is created, id is not entered manually.And reference with id "Kei77" exists SKIPPED

fi.halooconsulting.ohturef.RunCucumberTests > Scenario: New book reference is created, id is not entered manually.classMethod FAILED
    com.gargoylesoftware.htmlunit.ScriptException: syntax error (script in http://localhost:8000/ from (1, 1441) to (14, 12)#1)

        Caused by:
        net.sourceforge.htmlunit.corejs.javascript.EvaluatorException: syntax error (script in http://localhost:8000/ from (1, 1441) to (14, 12)#1)

fi.halooconsulting.ohturef.RunCucumberTests STANDARD_OUT

      Scenario: New book reference is created, id is not entered manually [90m# fi/halooconsulting/ohturef/reference_creation.feature:27[0m
        [32mGiven [0m[32mnew reference page is loaded[0m                                [90m# StepDefs.new_reference_loaded()[0m
        [32mWhen [0m[32mreference type is set to [0m[32m[1mBook[0m                                [90m# StepDefs.reference_type_is_set_to(String)[0m
        [32mAnd [0m[32mfield "[0m[32m[1mauthor[0m[32m" is set to "[0m[32m[1mKeijo[0m[32m"[0m                              [90m# StepDefs.field_is_set_to(String,String)[0m
        [32mAnd [0m[32mfield "[0m[32m[1mtitle[0m[32m" is set to "[0m[32m[1mTarina Keijosta[0m[32m"[0m                     [90m# StepDefs.field_is_set_to(String,String)[0m
        [32mAnd [0m[32mfield "[0m[32m[1myear[0m[32m" is set to "[0m[32m[1m2077[0m[32m"[0m                                 [90m# StepDefs.field_is_set_to(String,String)[0m
        [32mAnd [0m[32mid generation button is clicked[0m                               [90m# StepDefs.generate_id_is_clicked()[0m
        [31mAnd [0m[31mcreate is clicked[0m                                             [90m# StepDefs.create_is_clicked()[0m
          [31m======= EXCEPTION START ========
          Exception class=[net.sourceforge.htmlunit.corejs.javascript.EvaluatorException]
          com.gargoylesoftware.htmlunit.ScriptException: syntax error (script in http://localhost:8000/ from (1, 1441) to (14, 12)#1)
          	at com.gargoylesoftware.htmlunit.javascript.JavaScriptEngine$HtmlUnitContextAction.run(JavaScriptEngine.java:865)
          	at net.sourceforge.htmlunit.corejs.javascript.Context.call(Context.java:628)
          	at net.sourceforge.htmlunit.corejs.javascript.ContextFactory.call(ContextFactory.java:513)
          	at com.gargoylesoftware.htmlunit.javascript.JavaScriptEngine.compile(JavaScriptEngine.java:701)
          	at com.gargoylesoftware.htmlunit.javascript.JavaScriptEngine.execute(JavaScriptEngine.java:718)
          	at com.gargoylesoftware.htmlunit.html.HtmlPage.executeJavaScriptIfPossible(HtmlPage.java:945)
          	at com.gargoylesoftware.htmlunit.html.HtmlScript.executeInlineScriptIfNeeded(HtmlScript.java:351)
          	at com.gargoylesoftware.htmlunit.html.HtmlScript.executeScriptIfNeeded(HtmlScript.java:411)
          	at com.gargoylesoftware.htmlunit.html.HtmlScript$3.execute(HtmlScript.java:276)
          	at com.gargoylesoftware.htmlunit.html.HtmlScript.onAllChildrenAddedToPage(HtmlScript.java:290)
          	at com.gargoylesoftware.htmlunit.html.HTMLParser$HtmlUnitDOMBuilder.endElement(HTMLParser.java:800)
          	at org.apache.xerces.parsers.AbstractSAXParser.endElement(Unknown Source)
          	at com.gargoylesoftware.htmlunit.html.HTMLParser$HtmlUnitDOMBuilder.endElement(HTMLParser.java:757)
          	at org.cyberneko.html.HTMLTagBalancer.callEndElement(HTMLTagBalancer.java:1170)
          	at org.cyberneko.html.HTMLTagBalancer.endElement(HTMLTagBalancer.java:1072)
          	at org.cyberneko.html.filters.DefaultFilter.endElement(DefaultFilter.java:206)
          	at org.cyberneko.html.filters.NamespaceBinder.endElement(NamespaceBinder.java:330)
          	at org.cyberneko.html.HTMLScanner$ContentScanner.scanEndElement(HTMLScanner.java:3126)
          	at org.cyberneko.html.HTMLScanner$ContentScanner.scan(HTMLScanner.java:2093)
          	at org.cyberneko.html.HTMLScanner.scanDocument(HTMLScanner.java:920)
          	at org.cyberneko.html.HTMLConfiguration.parse(HTMLConfiguration.java:499)
          	at org.cyberneko.html.HTMLConfiguration.parse(HTMLConfiguration.java:452)
          	at org.apache.xerces.parsers.XMLParser.parse(Unknown Source)
          	at com.gargoylesoftware.htmlunit.html.HTMLParser$HtmlUnitDOMBuilder.parse(HTMLParser.java:1040)
          	at com.gargoylesoftware.htmlunit.html.HTMLParser.parse(HTMLParser.java:253)
          	at com.gargoylesoftware.htmlunit.html.HTMLParser.parseHtml(HTMLParser.java:199)
          	at com.gargoylesoftware.htmlunit.DefaultPageCreator.createHtmlPage(DefaultPageCreator.java:272)
          	at com.gargoylesoftware.htmlunit.DefaultPageCreator.createPage(DefaultPageCreator.java:160)
          	at com.gargoylesoftware.htmlunit.WebClient.loadWebResponseInto(WebClient.java:476)
          	at com.gargoylesoftware.htmlunit.WebClient.loadDownloadedResponses(WebClient.java:2123)
          	at com.gargoylesoftware.htmlunit.javascript.JavaScriptEngine.doProcessPostponedActions(JavaScriptEngine.java:893)
          	at com.gargoylesoftware.htmlunit.javascript.JavaScriptEngine.processPostponedActions(JavaScriptEngine.java:983)
          	at com.gargoylesoftware.htmlunit.html.DomElement.click(DomElement.java:790)
          	at com.gargoylesoftware.htmlunit.html.DomElement.click(DomElement.java:733)
          	at com.gargoylesoftware.htmlunit.html.DomElement.click(DomElement.java:680)
          	at org.openqa.selenium.htmlunit.HtmlUnitWebElement.submit(HtmlUnitWebElement.java:171)
          	at fi.halooconsulting.ohturef.StepDefs.create_is_clicked(StepDefs.kt:54)
          	at ?.And create is clicked(fi/halooconsulting/ohturef/reference_creation.feature:34)
          Caused by: net.sourceforge.htmlunit.corejs.javascript.EvaluatorException: syntax error (script in http://localhost:8000/ from (1, 1441) to (14, 12)#1)
          	at com.gargoylesoftware.htmlunit.javascript.StrictErrorReporter.error(StrictErrorReporter.java:66)
          	at net.sourceforge.htmlunit.corejs.javascript.Parser.addError(Parser.java:187)
          	at net.sourceforge.htmlunit.corejs.javascript.Parser.addError(Parser.java:167)
          	at net.sourceforge.htmlunit.corejs.javascript.Parser.reportError(Parser.java:254)
          	at net.sourceforge.htmlunit.corejs.javascript.Parser.reportError(Parser.java:243)
          	at net.sourceforge.htmlunit.corejs.javascript.Parser.reportError(Parser.java:236)
          	at net.sourceforge.htmlunit.corejs.javascript.Parser.primaryExpr(Parser.java:2816)
          	at net.sourceforge.htmlunit.corejs.javascript.Parser.memberExpr(Parser.java:2388)
          	at net.sourceforge.htmlunit.corejs.javascript.Parser.unaryExpr(Parser.java:2292)
          	at net.sourceforge.htmlunit.corejs.javascript.Parser.mulExpr(Parser.java:2219)
          	at net.sourceforge.htmlunit.corejs.javascript.Parser.addExpr(Parser.java:2205)
          	at net.sourceforge.htmlunit.corejs.javascript.Parser.shiftExpr(Parser.java:2188)
          	at net.sourceforge.htmlunit.corejs.javascript.Parser.relExpr(Parser.java:2165)
          	at net.sourceforge.htmlunit.corejs.javascript.Parser.eqExpr(Parser.java:2139)
          	at net.sourceforge.htmlunit.corejs.javascript.Parser.bitAndExpr(Parser.java:2130)
          	at net.sourceforge.htmlunit.corejs.javascript.Parser.bitXorExpr(Parser.java:2121)
          	at net.sourceforge.htmlunit.corejs.javascript.Parser.bitOrExpr(Parser.java:2112)
          	at net.sourceforge.htmlunit.corejs.javascript.Parser.andExpr(Parser.java:2103)
          	at net.sourceforge.htmlunit.corejs.javascript.Parser.orExpr(Parser.java:2094)
          	at net.sourceforge.htmlunit.corejs.javascript.Parser.condExpr(Parser.java:2060)
          	at net.sourceforge.htmlunit.corejs.javascript.Parser.assignExpr(Parser.java:2033)
          	at net.sourceforge.htmlunit.corejs.javascript.Parser.expr(Parser.java:2014)
          	at net.sourceforge.htmlunit.corejs.javascript.Parser.parenExpr(Parser.java:2830)
          	at net.sourceforge.htmlunit.corejs.javascript.Parser.primaryExpr(Parser.java:2758)
          	at net.sourceforge.htmlunit.corejs.javascript.Parser.memberExpr(Parser.java:2388)
          	at net.sourceforge.htmlunit.corejs.javascript.Parser.unaryExpr(Parser.java:2292)
          	at net.sourceforge.htmlunit.corejs.javascript.Parser.mulExpr(Parser.java:2219)
          	at net.sourceforge.htmlunit.corejs.javascript.Parser.addExpr(Parser.java:2205)
          	at net.sourceforge.htmlunit.corejs.javascript.Parser.shiftExpr(Parser.java:2188)
          	at net.sourceforge.htmlunit.corejs.javascript.Parser.relExpr(Parser.java:2165)
          	at net.sourceforge.htmlunit.corejs.javascript.Parser.eqExpr(Parser.java:2139)
          	at net.sourceforge.htmlunit.corejs.javascript.Parser.bitAndExpr(Parser.java:2130)
          	at net.sourceforge.htmlunit.corejs.javascript.Parser.bitXorExpr(Parser.java:2121)
          	at net.sourceforge.htmlunit.corejs.javascript.Parser.bitOrExpr(Parser.java:2112)
          	at net.sourceforge.htmlunit.corejs.javascript.Parser.andExpr(Parser.java:2103)
          	at net.sourceforge.htmlunit.corejs.javascript.Parser.orExpr(Parser.java:2094)
          	at net.sourceforge.htmlunit.corejs.javascript.Parser.condExpr(Parser.java:2060)
          	at net.sourceforge.htmlunit.corejs.javascript.Parser.assignExpr(Parser.java:2033)
          	at net.sourceforge.htmlunit.corejs.javascript.Parser.argumentList(Parser.java:2357)
          	at net.sourceforge.htmlunit.corejs.javascript.Parser.memberExprTail(Parser.java:2508)
          	at net.sourceforge.htmlunit.corejs.javascript.Parser.memberExpr(Parser.java:2424)
          	at net.sourceforge.htmlunit.corejs.javascript.Parser.unaryExpr(Parser.java:2292)
          	at net.sourceforge.htmlunit.corejs.javascript.Parser.mulExpr(Parser.java:2219)
          	at net.sourceforge.htmlunit.corejs.javascript.Parser.addExpr(Parser.java:2205)
          	at net.sourceforge.htmlunit.corejs.javascript.Parser.shiftExpr(Parser.java:2188)
          	at net.sourceforge.htmlunit.corejs.javascript.Parser.relExpr(Parser.java:2165)
          	at net.sourceforge.htmlunit.corejs.javascript.Parser.eqExpr(Parser.java:2139)
          	at net.sourceforge.htmlunit.corejs.javascript.Parser.bitAndExpr(Parser.java:2130)
          	at net.sourceforge.htmlunit.corejs.javascript.Parser.bitXorExpr(Parser.java:2121)
          	at net.sourceforge.htmlunit.corejs.javascript.Parser.bitOrExpr(Parser.java:2112)
          	at net.sourceforge.htmlunit.corejs.javascript.Parser.andExpr(Parser.java:2103)
          	at net.sourceforge.htmlunit.corejs.javascript.Parser.orExpr(Parser.java:2094)
          	at net.sourceforge.htmlunit.corejs.javascript.Parser.condExpr(Parser.java:2060)
          	at net.sourceforge.htmlunit.corejs.javascript.Parser.assignExpr(Parser.java:2033)
          	at net.sourceforge.htmlunit.corejs.javascript.Parser.expr(Parser.java:2014)
          	at net.sourceforge.htmlunit.corejs.javascript.Parser.nameOrLabel(Parser.java:1774)
          	at net.sourceforge.htmlunit.corejs.javascript.Parser.statementHelper(Parser.java:1053)
          	at net.sourceforge.htmlunit.corejs.javascript.Parser.statement(Parser.java:926)
          	at net.sourceforge.htmlunit.corejs.javascript.Parser.parse(Parser.java:570)
          	at net.sourceforge.htmlunit.corejs.javascript.Parser.parse(Parser.java:491)
          	at net.sourceforge.htmlunit.corejs.javascript.Context.compileImpl(Context.java:2661)
          	at net.sourceforge.htmlunit.corejs.javascript.Context.compileString(Context.java:1624)
          	at com.gargoylesoftware.htmlunit.javascript.HtmlUnitContextFactory$TimeoutContext.compileString(HtmlUnitContextFactory.java:202)
          	at net.sourceforge.htmlunit.corejs.javascript.Context.compileString(Context.java:1616)
          	at com.gargoylesoftware.htmlunit.javascript.JavaScriptEngine$2.doRun(JavaScriptEngine.java:692)
          	at com.gargoylesoftware.htmlunit.javascript.JavaScriptEngine$HtmlUnitContextAction.run(JavaScriptEngine.java:850)
          	at net.sourceforge.htmlunit.corejs.javascript.Context.call(Context.java:628)
          	at net.sourceforge.htmlunit.corejs.javascript.ContextFactory.call(ContextFactory.java:513)
          	at com.gargoylesoftware.htmlunit.javascript.JavaScriptEngine.compile(JavaScriptEngine.java:701)
          	at com.gargoylesoftware.htmlunit.javascript.JavaScriptEngine.execute(JavaScriptEngine.java:718)
          	at com.gargoylesoftware.htmlunit.html.HtmlPage.executeJavaScriptIfPossible(HtmlPage.java:945)
          	at com.gargoylesoftware.htmlunit.html.HtmlScript.executeInlineScriptIfNeeded(HtmlScript.java:351)
          	at com.gargoylesoftware.htmlunit.html.HtmlScript.executeScriptIfNeeded(HtmlScript.java:411)
          	at com.gargoylesoftware.htmlunit.html.HtmlScript$3.execute(HtmlScript.java:276)
          	at com.gargoylesoftware.htmlunit.html.HtmlScript.onAllChildrenAddedToPage(HtmlScript.java:290)
          	at com.gargoylesoftware.htmlunit.html.HTMLParser$HtmlUnitDOMBuilder.endElement(HTMLParser.java:800)
          	at org.apache.xerces.parsers.AbstractSAXParser.endElement(Unknown Source)
          	at com.gargoylesoftware.htmlunit.html.HTMLParser$HtmlUnitDOMBuilder.endElement(HTMLParser.java:757)
          	at org.cyberneko.html.HTMLTagBalancer.callEndElement(HTMLTagBalancer.java:1170)
          	at org.cyberneko.html.HTMLTagBalancer.endElement(HTMLTagBalancer.java:1072)
          	at org.cyberneko.html.filters.DefaultFilter.endElement(DefaultFilter.java:206)
          	at org.cyberneko.html.filters.NamespaceBinder.endElement(NamespaceBinder.java:330)
          	at org.cyberneko.html.HTMLScanner$ContentScanner.scanEndElement(HTMLScanner.java:3126)
          	at org.cyberneko.html.HTMLScanner$ContentScanner.scan(HTMLScanner.java:2093)
          	at org.cyberneko.html.HTMLScanner.scanDocument(HTMLScanner.java:920)
          	at org.cyberneko.html.HTMLConfiguration.parse(HTMLConfiguration.java:499)
          	at org.cyberneko.html.HTMLConfiguration.parse(HTMLConfiguration.java:452)
          	at org.apache.xerces.parsers.XMLParser.parse(Unknown Source)
          	at com.gargoylesoftware.htmlunit.html.HTMLParser$HtmlUnitDOMBuilder.parse(HTMLParser.java:1040)
          	at com.gargoylesoftware.htmlunit.html.HTMLParser.parse(HTMLParser.java:253)
          	at com.gargoylesoftware.htmlunit.html.HTMLParser.parseHtml(HTMLParser.java:199)
          	at com.gargoylesoftware.htmlunit.DefaultPageCreator.createHtmlPage(DefaultPageCreator.java:272)
          	at com.gargoylesoftware.htmlunit.DefaultPageCreator.createPage(DefaultPageCreator.java:160)
          	at com.gargoylesoftware.htmlunit.WebClient.loadWebResponseInto(WebClient.java:476)
          	at com.gargoylesoftware.htmlunit.WebClient.loadDownloadedResponses(WebClient.java:2123)
          	at com.gargoylesoftware.htmlunit.javascript.JavaScriptEngine.doProcessPostponedActions(JavaScriptEngine.java:893)
          	at com.gargoylesoftware.htmlunit.javascript.JavaScriptEngine.processPostponedActions(JavaScriptEngine.java:983)
          	at com.gargoylesoftware.htmlunit.html.DomElement.click(DomElement.java:790)
          	at com.gargoylesoftware.htmlunit.html.DomElement.click(DomElement.java:733)
          	at com.gargoylesoftware.htmlunit.html.DomElement.click(DomElement.java:680)
          	at org.openqa.selenium.htmlunit.HtmlUnitWebElement.submit(HtmlUnitWebElement.java:171)
          	at fi.halooconsulting.ohturef.StepDefs.create_is_clicked(StepDefs.kt:54)
          	at sun.reflect.NativeMethodAccessorImpl.invoke0(Native Method)
          	at sun.reflect.NativeMethodAccessorImpl.invoke(NativeMethodAccessorImpl.java:62)
          	at sun.reflect.DelegatingMethodAccessorImpl.invoke(DelegatingMethodAccessorImpl.java:43)
          	at java.lang.reflect.Method.invoke(Method.java:497)
          	at cucumber.runtime.Utils$1.call(Utils.java:40)
          	at cucumber.runtime.Timeout.timeout(Timeout.java:16)
          	at cucumber.runtime.Utils.invoke(Utils.java:34)
          	at cucumber.runtime.java.JavaStepDefinition.execute(JavaStepDefinition.java:38)
          	at cucumber.runtime.StepDefinitionMatch.runStep(StepDefinitionMatch.java:37)
          	at cucumber.runtime.Runtime.runStep(Runtime.java:300)
          	at cucumber.runtime.model.StepContainer.runStep(StepContainer.java:44)
          	at cucumber.runtime.model.StepContainer.runSteps(StepContainer.java:39)
          	at cucumber.runtime.model.CucumberScenario.run(CucumberScenario.java:44)
          	at cucumber.runtime.junit.ExecutionUnitRunner.run(ExecutionUnitRunner.java:102)
          	at cucumber.runtime.junit.FeatureRunner.runChild(FeatureRunner.java:63)
          	at cucumber.runtime.junit.FeatureRunner.runChild(FeatureRunner.java:18)
          	at org.junit.runners.ParentRunner$3.run(ParentRunner.java:290)
          	at org.junit.runners.ParentRunner$1.schedule(ParentRunner.java:71)
          	at org.junit.runners.ParentRunner.runChildren(ParentRunner.java:288)
          	at org.junit.runners.ParentRunner.access$000(ParentRunner.java:58)
          	at org.junit.runners.ParentRunner$2.evaluate(ParentRunner.java:268)
          	at org.junit.runners.ParentRunner.run(ParentRunner.java:363)
          	at cucumber.runtime.junit.FeatureRunner.run(FeatureRunner.java:70)
          	at cucumber.api.junit.Cucumber.runChild(Cucumber.java:95)
          	at cucumber.api.junit.Cucumber.runChild(Cucumber.java:38)
          	at org.junit.runners.ParentRunner$3.run(ParentRunner.java:290)
          	at org.junit.runners.ParentRunner$1.schedule(ParentRunner.java:71)
          	at org.junit.runners.ParentRunner.runChildren(ParentRunner.java:288)
          	at org.junit.runners.ParentRunner.access$000(ParentRunner.java:58)
          	at org.junit.runners.ParentRunner$2.evaluate(ParentRunner.java:268)
          	at org.junit.internal.runners.statements.RunBefores.evaluate(RunBefores.java:26)
          	at org.junit.internal.runners.statements.RunAfters.evaluate(RunAfters.java:27)
          	at org.junit.runners.ParentRunner.run(ParentRunner.java:363)
          	at cucumber.api.junit.Cucumber.run(Cucumber.java:100)
          	at org.gradle.api.internal.tasks.testing.junit.JUnitTestClassExecuter.runTestClass(JUnitTestClassExecuter.java:114)
          	at org.gradle.api.internal.tasks.testing.junit.JUnitTestClassExecuter.execute(JUnitTestClassExecuter.java:57)
          	at org.gradle.api.internal.tasks.testing.junit.JUnitTestClassProcessor.processTestClass(JUnitTestClassProcessor.java:66)
          	at org.gradle.api.internal.tasks.testing.SuiteTestClassProcessor.processTestClass(SuiteTestClassProcessor.java:51)
          	at sun.reflect.NativeMethodAccessorImpl.invoke0(Native Method)
          	at sun.reflect.NativeMethodAccessorImpl.invoke(NativeMethodAccessorImpl.java:62)
          	at sun.reflect.DelegatingMethodAccessorImpl.invoke(DelegatingMethodAccessorImpl.java:43)
          	at java.lang.reflect.Method.invoke(Method.java:497)
          	at org.gradle.internal.dispatch.ReflectionDispatch.dispatch(ReflectionDispatch.java:35)
          	at org.gradle.internal.dispatch.ReflectionDispatch.dispatch(ReflectionDispatch.java:24)
          	at org.gradle.internal.dispatch.ContextClassLoaderDispatch.dispatch(ContextClassLoaderDispatch.java:32)
          	at org.gradle.internal.dispatch.ProxyDispatchAdapter$DispatchingInvocationHandler.invoke(ProxyDispatchAdapter.java:93)
          	at com.sun.proxy.$Proxy2.processTestClass(Unknown Source)
          	at org.gradle.api.internal.tasks.testing.worker.TestWorker.processTestClass(TestWorker.java:109)
          	at sun.reflect.NativeMethodAccessorImpl.invoke0(Native Method)
          	at sun.reflect.NativeMethodAccessorImpl.invoke(NativeMethodAccessorImpl.java:62)
          	at sun.reflect.DelegatingMethodAccessorImpl.invoke(DelegatingMethodAccessorImpl.java:43)
          	at java.lang.reflect.Method.invoke(Method.java:497)
          	at org.gradle.internal.dispatch.ReflectionDispatch.dispatch(ReflectionDispatch.java:35)
          	at org.gradle.internal.dispatch.ReflectionDispatch.dispatch(ReflectionDispatch.java:24)
          	at org.gradle.internal.remote.internal.hub.MessageHub$Handler.run(MessageHub.java:377)
          	at org.gradle.internal.concurrent.ExecutorPolicy$CatchAndRecordFailures.onExecute(ExecutorPolicy.java:54)
          	at org.gradle.internal.concurrent.StoppableExecutorImpl$1.run(StoppableExecutorImpl.java:40)
          	at java.util.concurrent.ThreadPoolExecutor.runWorker(ThreadPoolExecutor.java:1142)
          	at java.util.concurrent.ThreadPoolExecutor$Worker.run(ThreadPoolExecutor.java:617)
          	at java.lang.Thread.run(Thread.java:745)
          Enclosed exception: 
          net.sourceforge.htmlunit.corejs.javascript.EvaluatorException: syntax error (script in http://localhost:8000/ from (1, 1441) to (14, 12)#1)
          	at com.gargoylesoftware.htmlunit.javascript.StrictErrorReporter.error(StrictErrorReporter.java:66)
          	at net.sourceforge.htmlunit.corejs.javascript.Parser.addError(Parser.java:187)
          	at net.sourceforge.htmlunit.corejs.javascript.Parser.addError(Parser.java:167)
          	at net.sourceforge.htmlunit.corejs.javascript.Parser.reportError(Parser.java:254)
          	at net.sourceforge.htmlunit.corejs.javascript.Parser.reportError(Parser.java:243)
          	at net.sourceforge.htmlunit.corejs.javascript.Parser.reportError(Parser.java:236)
          	at net.sourceforge.htmlunit.corejs.javascript.Parser.primaryExpr(Parser.java:2816)
          	at net.sourceforge.htmlunit.corejs.javascript.Parser.memberExpr(Parser.java:2388)
          	at net.sourceforge.htmlunit.corejs.javascript.Parser.unaryExpr(Parser.java:2292)
          	at net.sourceforge.htmlunit.corejs.javascript.Parser.mulExpr(Parser.java:2219)
          	at net.sourceforge.htmlunit.corejs.javascript.Parser.addExpr(Parser.java:2205)
          	at net.sourceforge.htmlunit.corejs.javascript.Parser.shiftExpr(Parser.java:2188)
          	at net.sourceforge.htmlunit.corejs.javascript.Parser.relExpr(Parser.java:2165)
          	at net.sourceforge.htmlunit.corejs.javascript.Parser.eqExpr(Parser.java:2139)
          	at net.sourceforge.htmlunit.corejs.javascript.Parser.bitAndExpr(Parser.java:2130)
          	at net.sourceforge.htmlunit.corejs.javascript.Parser.bitXorExpr(Parser.java:2121)
          	at net.sourceforge.htmlunit.corejs.javascript.Parser.bitOrExpr(Parser.java:2112)
          	at net.sourceforge.htmlunit.corejs.javascript.Parser.andExpr(Parser.java:2103)
          	at net.sourceforge.htmlunit.corejs.javascript.Parser.orExpr(Parser.java:2094)
          	at net.sourceforge.htmlunit.corejs.javascript.Parser.condExpr(Parser.java:2060)
          	at net.sourceforge.htmlunit.corejs.javascript.Parser.assignExpr(Parser.java:2033)
          	at net.sourceforge.htmlunit.corejs.javascript.Parser.expr(Parser.java:2014)
          	at net.sourceforge.htmlunit.corejs.javascript.Parser.parenExpr(Parser.java:2830)
          	at net.sourceforge.htmlunit.corejs.javascript.Parser.primaryExpr(Parser.java:2758)
          	at net.sourceforge.htmlunit.corejs.javascript.Parser.memberExpr(Parser.java:2388)
          	at net.sourceforge.htmlunit.corejs.javascript.Parser.unaryExpr(Parser.java:2292)
          	at net.sourceforge.htmlunit.corejs.javascript.Parser.mulExpr(Parser.java:2219)
          	at net.sourceforge.htmlunit.corejs.javascript.Parser.addExpr(Parser.java:2205)
          	at net.sourceforge.htmlunit.corejs.javascript.Parser.shiftExpr(Parser.java:2188)
          	at net.sourceforge.htmlunit.corejs.javascript.Parser.relExpr(Parser.java:2165)
          	at net.sourceforge.htmlunit.corejs.javascript.Parser.eqExpr(Parser.java:2139)
          	at net.sourceforge.htmlunit.corejs.javascript.Parser.bitAndExpr(Parser.java:2130)
          	at net.sourceforge.htmlunit.corejs.javascript.Parser.bitXorExpr(Parser.java:2121)
          	at net.sourceforge.htmlunit.corejs.javascript.Parser.bitOrExpr(Parser.java:2112)
          	at net.sourceforge.htmlunit.corejs.javascript.Parser.andExpr(Parser.java:2103)
          	at net.sourceforge.htmlunit.corejs.javascript.Parser.orExpr(Parser.java:2094)
          	at net.sourceforge.htmlunit.corejs.javascript.Parser.condExpr(Parser.java:2060)
          	at net.sourceforge.htmlunit.corejs.javascript.Parser.assignExpr(Parser.java:2033)
          	at net.sourceforge.htmlunit.corejs.javascript.Parser.argumentList(Parser.java:2357)
          	at net.sourceforge.htmlunit.corejs.javascript.Parser.memberExprTail(Parser.java:2508)
          	at net.sourceforge.htmlunit.corejs.javascript.Parser.memberExpr(Parser.java:2424)
          	at net.sourceforge.htmlunit.corejs.javascript.Parser.unaryExpr(Parser.java:2292)
          	at net.sourceforge.htmlunit.corejs.javascript.Parser.mulExpr(Parser.java:2219)
          	at net.sourceforge.htmlunit.corejs.javascript.Parser.addExpr(Parser.java:2205)
          	at net.sourceforge.htmlunit.corejs.javascript.Parser.shiftExpr(Parser.java:2188)
          	at net.sourceforge.htmlunit.corejs.javascript.Parser.relExpr(Parser.java:2165)
          	at net.sourceforge.htmlunit.corejs.javascript.Parser.eqExpr(Parser.java:2139)
          	at net.sourceforge.htmlunit.corejs.javascript.Parser.bitAndExpr(Parser.java:2130)
          	at net.sourceforge.htmlunit.corejs.javascript.Parser.bitXorExpr(Parser.java:2121)
          	at net.sourceforge.htmlunit.corejs.javascript.Parser.bitOrExpr(Parser.java:2112)
          	at net.sourceforge.htmlunit.corejs.javascript.Parser.andExpr(Parser.java:2103)
          	at net.sourceforge.htmlunit.corejs.javascript.Parser.orExpr(Parser.java:2094)
          	at net.sourceforge.htmlunit.corejs.javascript.Parser.condExpr(Parser.java:2060)
          	at net.sourceforge.htmlunit.corejs.javascript.Parser.assignExpr(Parser.java:2033)
          	at net.sourceforge.htmlunit.corejs.javascript.Parser.expr(Parser.java:2014)
          	at net.sourceforge.htmlunit.corejs.javascript.Parser.nameOrLabel(Parser.java:1774)
          	at net.sourceforge.htmlunit.corejs.javascript.Parser.statementHelper(Parser.java:1053)
          	at net.sourceforge.htmlunit.corejs.javascript.Parser.statement(Parser.java:926)
          	at net.sourceforge.htmlunit.corejs.javascript.Parser.parse(Parser.java:570)
          	at net.sourceforge.htmlunit.corejs.javascript.Parser.parse(Parser.java:491)
          	at net.sourceforge.htmlunit.corejs.javascript.Context.compileImpl(Context.java:2661)
          	at net.sourceforge.htmlunit.corejs.javascript.Context.compileString(Context.java:1624)
          	at com.gargoylesoftware.htmlunit.javascript.HtmlUnitContextFactory$TimeoutContext.compileString(HtmlUnitContextFactory.java:202)
          	at net.sourceforge.htmlunit.corejs.javascript.Context.compileString(Context.java:1616)
          	at com.gargoylesoftware.htmlunit.javascript.JavaScriptEngine$2.doRun(JavaScriptEngine.java:692)
          	at com.gargoylesoftware.htmlunit.javascript.JavaScriptEngine$HtmlUnitContextAction.run(JavaScriptEngine.java:850)
          	at net.sourceforge.htmlunit.corejs.javascript.Context.call(Context.java:628)
          	at net.sourceforge.htmlunit.corejs.javascript.ContextFactory.call(ContextFactory.java:513)
          	at com.gargoylesoftware.htmlunit.javascript.JavaScriptEngine.compile(JavaScriptEngine.java:701)
          	at com.gargoylesoftware.htmlunit.javascript.JavaScriptEngine.execute(JavaScriptEngine.java:718)
          	at com.gargoylesoftware.htmlunit.html.HtmlPage.executeJavaScriptIfPossible(HtmlPage.java:945)
          	at com.gargoylesoftware.htmlunit.html.HtmlScript.executeInlineScriptIfNeeded(HtmlScript.java:351)
          	at com.gargoylesoftware.htmlunit.html.HtmlScript.executeScriptIfNeeded(HtmlScript.java:411)
          	at com.gargoylesoftware.htmlunit.html.HtmlScript$3.execute(HtmlScript.java:276)
          	at com.gargoylesoftware.htmlunit.html.HtmlScript.onAllChildrenAddedToPage(HtmlScript.java:290)
          	at com.gargoylesoftware.htmlunit.html.HTMLParser$HtmlUnitDOMBuilder.endElement(HTMLParser.java:800)
          	at org.apache.xerces.parsers.AbstractSAXParser.endElement(Unknown Source)
          	at com.gargoylesoftware.htmlunit.html.HTMLParser$HtmlUnitDOMBuilder.endElement(HTMLParser.java:757)
          	at org.cyberneko.html.HTMLTagBalancer.callEndElement(HTMLTagBalancer.java:1170)
          	at org.cyberneko.html.HTMLTagBalancer.endElement(HTMLTagBalancer.java:1072)
          	at org.cyberneko.html.filters.DefaultFilter.endElement(DefaultFilter.java:206)
          	at org.cyberneko.html.filters.NamespaceBinder.endElement(NamespaceBinder.java:330)
          	at org.cyberneko.html.HTMLScanner$ContentScanner.scanEndElement(HTMLScanner.java:3126)
          	at org.cyberneko.html.HTMLScanner$ContentScanner.scan(HTMLScanner.java:2093)
          	at org.cyberneko.html.HTMLScanner.scanDocument(HTMLScanner.java:920)
          	at org.cyberneko.html.HTMLConfiguration.parse(HTMLConfiguration.java:499)
          	at org.cyberneko.html.HTMLConfiguration.parse(HTMLConfiguration.java:452)
          	at org.apache.xerces.parsers.XMLParser.parse(Unknown Source)
          	at com.gargoylesoftware.htmlunit.html.HTMLParser$HtmlUnitDOMBuilder.parse(HTMLParser.java:1040)
          	at com.gargoylesoftware.htmlunit.html.HTMLParser.parse(HTMLParser.java:253)
          	at com.gargoylesoftware.htmlunit.html.HTMLParser.parseHtml(HTMLParser.java:199)
          	at com.gargoylesoftware.htmlunit.DefaultPageCreator.createHtmlPage(DefaultPageCreator.java:272)
          	at com.gargoylesoftware.htmlunit.DefaultPageCreator.createPage(DefaultPageCreator.java:160)
          	at com.gargoylesoftware.htmlunit.WebClient.loadWebResponseInto(WebClient.java:476)
          	at com.gargoylesoftware.htmlunit.WebClient.loadDownloadedResponses(WebClient.java:2123)
          	at com.gargoylesoftware.htmlunit.javascript.JavaScriptEngine.doProcessPostponedActions(JavaScriptEngine.java:893)
          	at com.gargoylesoftware.htmlunit.javascript.JavaScriptEngine.processPostponedActions(JavaScriptEngine.java:983)
          	at com.gargoylesoftware.htmlunit.html.DomElement.click(DomElement.java:790)
          	at com.gargoylesoftware.htmlunit.html.DomElement.click(DomElement.java:733)
          	at com.gargoylesoftware.htmlunit.html.DomElement.click(DomElement.java:680)
          	at org.openqa.selenium.htmlunit.HtmlUnitWebElement.submit(HtmlUnitWebElement.java:171)
          	at fi.halooconsulting.ohturef.StepDefs.create_is_clicked(StepDefs.kt:54)
          	at sun.reflect.NativeMethodAccessorImpl.invoke0(Native Method)
          	at sun.reflect.NativeMethodAccessorImpl.invoke(NativeMethodAccessorImpl.java:62)
          	at sun.reflect.DelegatingMethodAccessorImpl.invoke(DelegatingMethodAccessorImpl.java:43)
          	at java.lang.reflect.Method.invoke(Method.java:497)
          	at cucumber.runtime.Utils$1.call(Utils.java:40)
          	at cucumber.runtime.Timeout.timeout(Timeout.java:16)
          	at cucumber.runtime.Utils.invoke(Utils.java:34)
          	at cucumber.runtime.java.JavaStepDefinition.execute(JavaStepDefinition.java:38)
          	at cucumber.runtime.StepDefinitionMatch.runStep(StepDefinitionMatch.java:37)
          	at cucumber.runtime.Runtime.runStep(Runtime.java:300)
          	at cucumber.runtime.model.StepContainer.runStep(StepContainer.java:44)
          	at cucumber.runtime.model.StepContainer.runSteps(StepContainer.java:39)
          	at cucumber.runtime.model.CucumberScenario.run(CucumberScenario.java:44)
          	at cucumber.runtime.junit.ExecutionUnitRunner.run(ExecutionUnitRunner.java:102)
          	at cucumber.runtime.junit.FeatureRunner.runChild(FeatureRunner.java:63)
          	at cucumber.runtime.junit.FeatureRunner.runChild(FeatureRunner.java:18)
          	at org.junit.runners.ParentRunner$3.run(ParentRunner.java:290)
          	at org.junit.runners.ParentRunner$1.schedule(ParentRunner.java:71)
          	at org.junit.runners.ParentRunner.runChildren(ParentRunner.java:288)
          	at org.junit.runners.ParentRunner.access$000(ParentRunner.java:58)
          	at org.junit.runners.ParentRunner$2.evaluate(ParentRunner.java:268)
          	at org.junit.runners.ParentRunner.run(ParentRunner.java:363)
          	at cucumber.runtime.junit.FeatureRunner.run(FeatureRunner.java:70)
          	at cucumber.api.junit.Cucumber.runChild(Cucumber.java:95)
          	at cucumber.api.junit.Cucumber.runChild(Cucumber.java:38)
          	at org.junit.runners.ParentRunner$3.run(ParentRunner.java:290)
          	at org.junit.runners.ParentRunner$1.schedule(ParentRunner.java:71)
          	at org.junit.runners.ParentRunner.runChildren(ParentRunner.java:288)
          	at org.junit.runners.ParentRunner.access$000(ParentRunner.java:58)
          	at org.junit.runners.ParentRunner$2.evaluate(ParentRunner.java:268)
          	at org.junit.internal.runners.statements.RunBefores.evaluate(RunBefores.java:26)
          	at org.junit.internal.runners.statements.RunAfters.evaluate(RunAfters.java:27)
          	at org.junit.runners.ParentRunner.run(ParentRunner.java:363)
          	at cucumber.api.junit.Cucumber.run(Cucumber.java:100)
          	at org.gradle.api.internal.tasks.testing.junit.JUnitTestClassExecuter.runTestClass(JUnitTestClassExecuter.java:114)
          	at org.gradle.api.internal.tasks.testing.junit.JUnitTestClassExecuter.execute(JUnitTestClassExecuter.java:57)
          	at org.gradle.api.internal.tasks.testing.junit.JUnitTestClassProcessor.processTestClass(JUnitTestClassProcessor.java:66)
          	at org.gradle.api.internal.tasks.testing.SuiteTestClassProcessor.processTestClass(SuiteTestClassProcessor.java:51)
          	at sun.reflect.NativeMethodAccessorImpl.invoke0(Native Method)
          	at sun.reflect.NativeMethodAccessorImpl.invoke(NativeMethodAccessorImpl.java:62)
          	at sun.reflect.DelegatingMethodAccessorImpl.invoke(DelegatingMethodAccessorImpl.java:43)
          	at java.lang.reflect.Method.invoke(Method.java:497)
          	at org.gradle.internal.dispatch.ReflectionDispatch.dispatch(ReflectionDispatch.java:35)
          	at org.gradle.internal.dispatch.ReflectionDispatch.dispatch(ReflectionDispatch.java:24)
          	at org.gradle.internal.dispatch.ContextClassLoaderDispatch.dispatch(ContextClassLoaderDispatch.java:32)
          	at org.gradle.internal.dispatch.ProxyDispatchAdapter$DispatchingInvocationHandler.invoke(ProxyDispatchAdapter.java:93)
          	at com.sun.proxy.$Proxy2.processTestClass(Unknown Source)
          	at org.gradle.api.internal.tasks.testing.worker.TestWorker.processTestClass(TestWorker.java:109)
          	at sun.reflect.NativeMethodAccessorImpl.invoke0(Native Method)
          	at sun.reflect.NativeMethodAccessorImpl.invoke(NativeMethodAccessorImpl.java:62)
          	at sun.reflect.DelegatingMethodAccessorImpl.invoke(DelegatingMethodAccessorImpl.java:43)
          	at java.lang.reflect.Method.invoke(Method.java:497)
          	at org.gradle.internal.dispatch.ReflectionDispatch.dispatch(ReflectionDispatch.java:35)
          	at org.gradle.internal.dispatch.ReflectionDispatch.dispatch(ReflectionDispatch.java:24)
          	at org.gradle.internal.remote.internal.hub.MessageHub$Handler.run(MessageHub.java:377)
          	at org.gradle.internal.concurrent.ExecutorPolicy$CatchAndRecordFailures.onExecute(ExecutorPolicy.java:54)
          	at org.gradle.internal.concurrent.StoppableExecutorImpl$1.run(StoppableExecutorImpl.java:40)
          	at java.util.concurrent.ThreadPoolExecutor.runWorker(ThreadPoolExecutor.java:1142)
          	at java.util.concurrent.ThreadPoolExecutor$Worker.run(ThreadPoolExecutor.java:617)
          	at java.lang.Thread.run(Thread.java:745)
          == CALLING JAVASCRIPT ==
          $(document).ready(() => {
              $("#export").click(() => {
                  $("#bibtex").load("/bibtex", () => $("#bibtex").removeClass("hidden"))
              });
          });
          function deleteReference(id) {
              $.ajax({
                  url: '/' + id,
                  method: 'DELETE',
                  success: function(result) {
                      location.reload()
                  }
              });
          };
          ======= EXCEPTION END ========
          [0m
        [36mWhen [0m[36mmain page is loaded[0m                                          [90m# StepDefs.main_page_loaded()[0m
        [36mThen [0m[36mreference with title "[0m[36m[1mTarina Keijosta[0m[36m" exists[0m                [90m# StepDefs.reference_exists_title(String)[0m
        [36mAnd [0m[36mreference with id "[0m[36m[1mKei77[0m[36m" exists[0m                              [90m# StepDefs.reference_exists_id(String)[0m

fi.halooconsulting.ohturef.RunCucumberTests STANDARD_ERROR
    [Thread-15] INFO spark.embeddedserver.jetty.EmbeddedJettyServer - >>> Spark shutting down ...

fi.halooconsulting.ohturef.RunCucumberTests STANDARD_OUT

    [31mFailed scenarios:[0m
    [31mfi/halooconsulting/ohturef/reference_creation.feature:3 [0m# Scenario: New book reference is created
    [31mfi/halooconsulting/ohturef/reference_creation.feature:15 [0m# Scenario: New inproceedings reference is created
    [31mfi/halooconsulting/ohturef/reference_creation.feature:27 [0m# Scenario: New book reference is created, id is not entered manually

    3 Scenarios ([31m3 failed[0m)
    30 Steps ([31m3 failed[0m, [36m9 skipped[0m, [32m18 passed[0m)
    0m3,056s

    ======= EXCEPTION START ========
    Exception class=[net.sourceforge.htmlunit.corejs.javascript.EvaluatorException]
    com.gargoylesoftware.htmlunit.ScriptException: syntax error (script in http://localhost:8000/ from (1, 1438) to (14, 12)#1)
    	at com.gargoylesoftware.htmlunit.javascript.JavaScriptEngine$HtmlUnitContextAction.run(JavaScriptEngine.java:865)
    	at net.sourceforge.htmlunit.corejs.javascript.Context.call(Context.java:628)
    	at net.sourceforge.htmlunit.corejs.javascript.ContextFactory.call(ContextFactory.java:513)
    	at com.gargoylesoftware.htmlunit.javascript.JavaScriptEngine.compile(JavaScriptEngine.java:701)
    	at com.gargoylesoftware.htmlunit.javascript.JavaScriptEngine.execute(JavaScriptEngine.java:718)
    	at com.gargoylesoftware.htmlunit.html.HtmlPage.executeJavaScriptIfPossible(HtmlPage.java:945)
    	at com.gargoylesoftware.htmlunit.html.HtmlScript.executeInlineScriptIfNeeded(HtmlScript.java:351)
    	at com.gargoylesoftware.htmlunit.html.HtmlScript.executeScriptIfNeeded(HtmlScript.java:411)
    	at com.gargoylesoftware.htmlunit.html.HtmlScript$3.execute(HtmlScript.java:276)
    	at com.gargoylesoftware.htmlunit.html.HtmlScript.onAllChildrenAddedToPage(HtmlScript.java:290)
    	at com.gargoylesoftware.htmlunit.html.HTMLParser$HtmlUnitDOMBuilder.endElement(HTMLParser.java:800)
    	at org.apache.xerces.parsers.AbstractSAXParser.endElement(Unknown Source)
    	at com.gargoylesoftware.htmlunit.html.HTMLParser$HtmlUnitDOMBuilder.endElement(HTMLParser.java:757)
    	at org.cyberneko.html.HTMLTagBalancer.callEndElement(HTMLTagBalancer.java:1170)
    	at org.cyberneko.html.HTMLTagBalancer.endElement(HTMLTagBalancer.java:1072)
    	at org.cyberneko.html.filters.DefaultFilter.endElement(DefaultFilter.java:206)
    	at org.cyberneko.html.filters.NamespaceBinder.endElement(NamespaceBinder.java:330)
    	at org.cyberneko.html.HTMLScanner$ContentScanner.scanEndElement(HTMLScanner.java:3126)
    	at org.cyberneko.html.HTMLScanner$ContentScanner.scan(HTMLScanner.java:2093)
    	at org.cyberneko.html.HTMLScanner.scanDocument(HTMLScanner.java:920)
    	at org.cyberneko.html.HTMLConfiguration.parse(HTMLConfiguration.java:499)
    	at org.cyberneko.html.HTMLConfiguration.parse(HTMLConfiguration.java:452)
    	at org.apache.xerces.parsers.XMLParser.parse(Unknown Source)
    	at com.gargoylesoftware.htmlunit.html.HTMLParser$HtmlUnitDOMBuilder.parse(HTMLParser.java:1040)
    	at com.gargoylesoftware.htmlunit.html.HTMLParser.parse(HTMLParser.java:253)
    	at com.gargoylesoftware.htmlunit.html.HTMLParser.parseHtml(HTMLParser.java:199)
    	at com.gargoylesoftware.htmlunit.DefaultPageCreator.createHtmlPage(DefaultPageCreator.java:272)
    	at com.gargoylesoftware.htmlunit.DefaultPageCreator.createPage(DefaultPageCreator.java:160)
    	at com.gargoylesoftware.htmlunit.WebClient.loadWebResponseInto(WebClient.java:476)
    	at com.gargoylesoftware.htmlunit.WebClient.loadDownloadedResponses(WebClient.java:2123)
    	at com.gargoylesoftware.htmlunit.javascript.JavaScriptEngine.doProcessPostponedActions(JavaScriptEngine.java:893)
    	at com.gargoylesoftware.htmlunit.javascript.JavaScriptEngine.processPostponedActions(JavaScriptEngine.java:983)
    	at com.gargoylesoftware.htmlunit.html.DomElement.click(DomElement.java:790)
    	at com.gargoylesoftware.htmlunit.html.DomElement.click(DomElement.java:733)
    	at com.gargoylesoftware.htmlunit.html.DomElement.click(DomElement.java:680)
    	at org.openqa.selenium.htmlunit.HtmlUnitWebElement.submit(HtmlUnitWebElement.java:171)
    	at fi.halooconsulting.ohturef.StepDefs.create_is_clicked(StepDefs.kt:54)
    	at ?.And create is clicked(fi/halooconsulting/ohturef/reference_creation.feature:10)
    Caused by: net.sourceforge.htmlunit.corejs.javascript.EvaluatorException: syntax error (script in http://localhost:8000/ from (1, 1438) to (14, 12)#1)
    	at com.gargoylesoftware.htmlunit.javascript.StrictErrorReporter.error(StrictErrorReporter.java:66)
    	at net.sourceforge.htmlunit.corejs.javascript.Parser.addError(Parser.java:187)
    	at net.sourceforge.htmlunit.corejs.javascript.Parser.addError(Parser.java:167)
    	at net.sourceforge.htmlunit.corejs.javascript.Parser.reportError(Parser.java:254)
    	at net.sourceforge.htmlunit.corejs.javascript.Parser.reportError(Parser.java:243)
    	at net.sourceforge.htmlunit.corejs.javascript.Parser.reportError(Parser.java:236)
    	at net.sourceforge.htmlunit.corejs.javascript.Parser.primaryExpr(Parser.java:2816)
    	at net.sourceforge.htmlunit.corejs.javascript.Parser.memberExpr(Parser.java:2388)
    	at net.sourceforge.htmlunit.corejs.javascript.Parser.unaryExpr(Parser.java:2292)
    	at net.sourceforge.htmlunit.corejs.javascript.Parser.mulExpr(Parser.java:2219)
    	at net.sourceforge.htmlunit.corejs.javascript.Parser.addExpr(Parser.java:2205)
    	at net.sourceforge.htmlunit.corejs.javascript.Parser.shiftExpr(Parser.java:2188)
    	at net.sourceforge.htmlunit.corejs.javascript.Parser.relExpr(Parser.java:2165)
    	at net.sourceforge.htmlunit.corejs.javascript.Parser.eqExpr(Parser.java:2139)
    	at net.sourceforge.htmlunit.corejs.javascript.Parser.bitAndExpr(Parser.java:2130)
    	at net.sourceforge.htmlunit.corejs.javascript.Parser.bitXorExpr(Parser.java:2121)
    	at net.sourceforge.htmlunit.corejs.javascript.Parser.bitOrExpr(Parser.java:2112)
    	at net.sourceforge.htmlunit.corejs.javascript.Parser.andExpr(Parser.java:2103)
    	at net.sourceforge.htmlunit.corejs.javascript.Parser.orExpr(Parser.java:2094)
    	at net.sourceforge.htmlunit.corejs.javascript.Parser.condExpr(Parser.java:2060)
    	at net.sourceforge.htmlunit.corejs.javascript.Parser.assignExpr(Parser.java:2033)
    	at net.sourceforge.htmlunit.corejs.javascript.Parser.expr(Parser.java:2014)
    	at net.sourceforge.htmlunit.corejs.javascript.Parser.parenExpr(Parser.java:2830)
    	at net.sourceforge.htmlunit.corejs.javascript.Parser.primaryExpr(Parser.java:2758)
    	at net.sourceforge.htmlunit.corejs.javascript.Parser.memberExpr(Parser.java:2388)
    	at net.sourceforge.htmlunit.corejs.javascript.Parser.unaryExpr(Parser.java:2292)
    	at net.sourceforge.htmlunit.corejs.javascript.Parser.mulExpr(Parser.java:2219)
    	at net.sourceforge.htmlunit.corejs.javascript.Parser.addExpr(Parser.java:2205)
    	at net.sourceforge.htmlunit.corejs.javascript.Parser.shiftExpr(Parser.java:2188)
    	at net.sourceforge.htmlunit.corejs.javascript.Parser.relExpr(Parser.java:2165)
    	at net.sourceforge.htmlunit.corejs.javascript.Parser.eqExpr(Parser.java:2139)
    	at net.sourceforge.htmlunit.corejs.javascript.Parser.bitAndExpr(Parser.java:2130)
    	at net.sourceforge.htmlunit.corejs.javascript.Parser.bitXorExpr(Parser.java:2121)
    	at net.sourceforge.htmlunit.corejs.javascript.Parser.bitOrExpr(Parser.java:2112)
    	at net.sourceforge.htmlunit.corejs.javascript.Parser.andExpr(Parser.java:2103)
    	at net.sourceforge.htmlunit.corejs.javascript.Parser.orExpr(Parser.java:2094)
    	at net.sourceforge.htmlunit.corejs.javascript.Parser.condExpr(Parser.java:2060)
    	at net.sourceforge.htmlunit.corejs.javascript.Parser.assignExpr(Parser.java:2033)
    	at net.sourceforge.htmlunit.corejs.javascript.Parser.argumentList(Parser.java:2357)
    	at net.sourceforge.htmlunit.corejs.javascript.Parser.memberExprTail(Parser.java:2508)
    	at net.sourceforge.htmlunit.corejs.javascript.Parser.memberExpr(Parser.java:2424)
    	at net.sourceforge.htmlunit.corejs.javascript.Parser.unaryExpr(Parser.java:2292)
    	at net.sourceforge.htmlunit.corejs.javascript.Parser.mulExpr(Parser.java:2219)
    	at net.sourceforge.htmlunit.corejs.javascript.Parser.addExpr(Parser.java:2205)
    	at net.sourceforge.htmlunit.corejs.javascript.Parser.shiftExpr(Parser.java:2188)
    	at net.sourceforge.htmlunit.corejs.javascript.Parser.relExpr(Parser.java:2165)
    	at net.sourceforge.htmlunit.corejs.javascript.Parser.eqExpr(Parser.java:2139)
    	at net.sourceforge.htmlunit.corejs.javascript.Parser.bitAndExpr(Parser.java:2130)
    	at net.sourceforge.htmlunit.corejs.javascript.Parser.bitXorExpr(Parser.java:2121)
    	at net.sourceforge.htmlunit.corejs.javascript.Parser.bitOrExpr(Parser.java:2112)
    	at net.sourceforge.htmlunit.corejs.javascript.Parser.andExpr(Parser.java:2103)
    	at net.sourceforge.htmlunit.corejs.javascript.Parser.orExpr(Parser.java:2094)
    	at net.sourceforge.htmlunit.corejs.javascript.Parser.condExpr(Parser.java:2060)
    	at net.sourceforge.htmlunit.corejs.javascript.Parser.assignExpr(Parser.java:2033)
    	at net.sourceforge.htmlunit.corejs.javascript.Parser.expr(Parser.java:2014)
    	at net.sourceforge.htmlunit.corejs.javascript.Parser.nameOrLabel(Parser.java:1774)
    	at net.sourceforge.htmlunit.corejs.javascript.Parser.statementHelper(Parser.java:1053)
    	at net.sourceforge.htmlunit.corejs.javascript.Parser.statement(Parser.java:926)
    	at net.sourceforge.htmlunit.corejs.javascript.Parser.parse(Parser.java:570)
    	at net.sourceforge.htmlunit.corejs.javascript.Parser.parse(Parser.java:491)
    	at net.sourceforge.htmlunit.corejs.javascript.Context.compileImpl(Context.java:2661)
    	at net.sourceforge.htmlunit.corejs.javascript.Context.compileString(Context.java:1624)
    	at com.gargoylesoftware.htmlunit.javascript.HtmlUnitContextFactory$TimeoutContext.compileString(HtmlUnitContextFactory.java:202)
    	at net.sourceforge.htmlunit.corejs.javascript.Context.compileString(Context.java:1616)
    	at com.gargoylesoftware.htmlunit.javascript.JavaScriptEngine$2.doRun(JavaScriptEngine.java:692)
    	at com.gargoylesoftware.htmlunit.javascript.JavaScriptEngine$HtmlUnitContextAction.run(JavaScriptEngine.java:850)
    	at net.sourceforge.htmlunit.corejs.javascript.Context.call(Context.java:628)
    	at net.sourceforge.htmlunit.corejs.javascript.ContextFactory.call(ContextFactory.java:513)
    	at com.gargoylesoftware.htmlunit.javascript.JavaScriptEngine.compile(JavaScriptEngine.java:701)
    	at com.gargoylesoftware.htmlunit.javascript.JavaScriptEngine.execute(JavaScriptEngine.java:718)
    	at com.gargoylesoftware.htmlunit.html.HtmlPage.executeJavaScriptIfPossible(HtmlPage.java:945)
    	at com.gargoylesoftware.htmlunit.html.HtmlScript.executeInlineScriptIfNeeded(HtmlScript.java:351)
    	at com.gargoylesoftware.htmlunit.html.HtmlScript.executeScriptIfNeeded(HtmlScript.java:411)
    	at com.gargoylesoftware.htmlunit.html.HtmlScript$3.execute(HtmlScript.java:276)
    	at com.gargoylesoftware.htmlunit.html.HtmlScript.onAllChildrenAddedToPage(HtmlScript.java:290)
    	at com.gargoylesoftware.htmlunit.html.HTMLParser$HtmlUnitDOMBuilder.endElement(HTMLParser.java:800)
    	at org.apache.xerces.parsers.AbstractSAXParser.endElement(Unknown Source)
    	at com.gargoylesoftware.htmlunit.html.HTMLParser$HtmlUnitDOMBuilder.endElement(HTMLParser.java:757)
    	at org.cyberneko.html.HTMLTagBalancer.callEndElement(HTMLTagBalancer.java:1170)
    	at org.cyberneko.html.HTMLTagBalancer.endElement(HTMLTagBalancer.java:1072)
    	at org.cyberneko.html.filters.DefaultFilter.endElement(DefaultFilter.java:206)
    	at org.cyberneko.html.filters.NamespaceBinder.endElement(NamespaceBinder.java:330)
    	at org.cyberneko.html.HTMLScanner$ContentScanner.scanEndElement(HTMLScanner.java:3126)
    	at org.cyberneko.html.HTMLScanner$ContentScanner.scan(HTMLScanner.java:2093)
    	at org.cyberneko.html.HTMLScanner.scanDocument(HTMLScanner.java:920)
    	at org.cyberneko.html.HTMLConfiguration.parse(HTMLConfiguration.java:499)
    	at org.cyberneko.html.HTMLConfiguration.parse(HTMLConfiguration.java:452)
    	at org.apache.xerces.parsers.XMLParser.parse(Unknown Source)
    	at com.gargoylesoftware.htmlunit.html.HTMLParser$HtmlUnitDOMBuilder.parse(HTMLParser.java:1040)
    	at com.gargoylesoftware.htmlunit.html.HTMLParser.parse(HTMLParser.java:253)
    	at com.gargoylesoftware.htmlunit.html.HTMLParser.parseHtml(HTMLParser.java:199)
    	at com.gargoylesoftware.htmlunit.DefaultPageCreator.createHtmlPage(DefaultPageCreator.java:272)
    	at com.gargoylesoftware.htmlunit.DefaultPageCreator.createPage(DefaultPageCreator.java:160)
    	at com.gargoylesoftware.htmlunit.WebClient.loadWebResponseInto(WebClient.java:476)
    	at com.gargoylesoftware.htmlunit.WebClient.loadDownloadedResponses(WebClient.java:2123)
    	at com.gargoylesoftware.htmlunit.javascript.JavaScriptEngine.doProcessPostponedActions(JavaScriptEngine.java:893)
    	at com.gargoylesoftware.htmlunit.javascript.JavaScriptEngine.processPostponedActions(JavaScriptEngine.java:983)
    	at com.gargoylesoftware.htmlunit.html.DomElement.click(DomElement.java:790)
    	at com.gargoylesoftware.htmlunit.html.DomElement.click(DomElement.java:733)
    	at com.gargoylesoftware.htmlunit.html.DomElement.click(DomElement.java:680)
    	at org.openqa.selenium.htmlunit.HtmlUnitWebElement.submit(HtmlUnitWebElement.java:171)
    	at fi.halooconsulting.ohturef.StepDefs.create_is_clicked(StepDefs.kt:54)
    	at sun.reflect.NativeMethodAccessorImpl.invoke0(Native Method)
    	at sun.reflect.NativeMethodAccessorImpl.invoke(NativeMethodAccessorImpl.java:62)
    	at sun.reflect.DelegatingMethodAccessorImpl.invoke(DelegatingMethodAccessorImpl.java:43)
    	at java.lang.reflect.Method.invoke(Method.java:497)
    	at cucumber.runtime.Utils$1.call(Utils.java:40)
    	at cucumber.runtime.Timeout.timeout(Timeout.java:16)
    	at cucumber.runtime.Utils.invoke(Utils.java:34)
    	at cucumber.runtime.java.JavaStepDefinition.execute(JavaStepDefinition.java:38)
    	at cucumber.runtime.StepDefinitionMatch.runStep(StepDefinitionMatch.java:37)
    	at cucumber.runtime.Runtime.runStep(Runtime.java:300)
    	at cucumber.runtime.model.StepContainer.runStep(StepContainer.java:44)
    	at cucumber.runtime.model.StepContainer.runSteps(StepContainer.java:39)
    	at cucumber.runtime.model.CucumberScenario.run(CucumberScenario.java:44)
    	at cucumber.runtime.junit.ExecutionUnitRunner.run(ExecutionUnitRunner.java:102)
    	at cucumber.runtime.junit.FeatureRunner.runChild(FeatureRunner.java:63)
    	at cucumber.runtime.junit.FeatureRunner.runChild(FeatureRunner.java:18)
    	at org.junit.runners.ParentRunner$3.run(ParentRunner.java:290)
    	at org.junit.runners.ParentRunner$1.schedule(ParentRunner.java:71)
    	at org.junit.runners.ParentRunner.runChildren(ParentRunner.java:288)
    	at org.junit.runners.ParentRunner.access$000(ParentRunner.java:58)
    	at org.junit.runners.ParentRunner$2.evaluate(ParentRunner.java:268)
    	at org.junit.runners.ParentRunner.run(ParentRunner.java:363)
    	at cucumber.runtime.junit.FeatureRunner.run(FeatureRunner.java:70)
    	at cucumber.api.junit.Cucumber.runChild(Cucumber.java:95)
    	at cucumber.api.junit.Cucumber.runChild(Cucumber.java:38)
    	at org.junit.runners.ParentRunner$3.run(ParentRunner.java:290)
    	at org.junit.runners.ParentRunner$1.schedule(ParentRunner.java:71)
    	at org.junit.runners.ParentRunner.runChildren(ParentRunner.java:288)
    	at org.junit.runners.ParentRunner.access$000(ParentRunner.java:58)
    	at org.junit.runners.ParentRunner$2.evaluate(ParentRunner.java:268)
    	at org.junit.internal.runners.statements.RunBefores.evaluate(RunBefores.java:26)
    	at org.junit.internal.runners.statements.RunAfters.evaluate(RunAfters.java:27)
    	at org.junit.runners.ParentRunner.run(ParentRunner.java:363)
    	at cucumber.api.junit.Cucumber.run(Cucumber.java:100)
    	at org.gradle.api.internal.tasks.testing.junit.JUnitTestClassExecuter.runTestClass(JUnitTestClassExecuter.java:114)
    	at org.gradle.api.internal.tasks.testing.junit.JUnitTestClassExecuter.execute(JUnitTestClassExecuter.java:57)
    	at org.gradle.api.internal.tasks.testing.junit.JUnitTestClassProcessor.processTestClass(JUnitTestClassProcessor.java:66)
    	at org.gradle.api.internal.tasks.testing.SuiteTestClassProcessor.processTestClass(SuiteTestClassProcessor.java:51)
    	at sun.reflect.NativeMethodAccessorImpl.invoke0(Native Method)
    	at sun.reflect.NativeMethodAccessorImpl.invoke(NativeMethodAccessorImpl.java:62)
    	at sun.reflect.DelegatingMethodAccessorImpl.invoke(DelegatingMethodAccessorImpl.java:43)
    	at java.lang.reflect.Method.invoke(Method.java:497)
    	at org.gradle.internal.dispatch.ReflectionDispatch.dispatch(ReflectionDispatch.java:35)
    	at org.gradle.internal.dispatch.ReflectionDispatch.dispatch(ReflectionDispatch.java:24)
    	at org.gradle.internal.dispatch.ContextClassLoaderDispatch.dispatch(ContextClassLoaderDispatch.java:32)
    	at org.gradle.internal.dispatch.ProxyDispatchAdapter$DispatchingInvocationHandler.invoke(ProxyDispatchAdapter.java:93)
    	at com.sun.proxy.$Proxy2.processTestClass(Unknown Source)
    	at org.gradle.api.internal.tasks.testing.worker.TestWorker.processTestClass(TestWorker.java:109)
    	at sun.reflect.NativeMethodAccessorImpl.invoke0(Native Method)
    	at sun.reflect.NativeMethodAccessorImpl.invoke(NativeMethodAccessorImpl.java:62)
    	at sun.reflect.DelegatingMethodAccessorImpl.invoke(DelegatingMethodAccessorImpl.java:43)
    	at java.lang.reflect.Method.invoke(Method.java:497)
    	at org.gradle.internal.dispatch.ReflectionDispatch.dispatch(ReflectionDispatch.java:35)
    	at org.gradle.internal.dispatch.ReflectionDispatch.dispatch(ReflectionDispatch.java:24)
    	at org.gradle.internal.remote.internal.hub.MessageHub$Handler.run(MessageHub.java:377)
    	at org.gradle.internal.concurrent.ExecutorPolicy$CatchAndRecordFailures.onExecute(ExecutorPolicy.java:54)
    	at org.gradle.internal.concurrent.StoppableExecutorImpl$1.run(StoppableExecutorImpl.java:40)
    	at java.util.concurrent.ThreadPoolExecutor.runWorker(ThreadPoolExecutor.java:1142)
    	at java.util.concurrent.ThreadPoolExecutor$Worker.run(ThreadPoolExecutor.java:617)
    	at java.lang.Thread.run(Thread.java:745)
    Enclosed exception: 
    net.sourceforge.htmlunit.corejs.javascript.EvaluatorException: syntax error (script in http://localhost:8000/ from (1, 1438) to (14, 12)#1)
    	at com.gargoylesoftware.htmlunit.javascript.StrictErrorReporter.error(StrictErrorReporter.java:66)
    	at net.sourceforge.htmlunit.corejs.javascript.Parser.addError(Parser.java:187)
    	at net.sourceforge.htmlunit.corejs.javascript.Parser.addError(Parser.java:167)
    	at net.sourceforge.htmlunit.corejs.javascript.Parser.reportError(Parser.java:254)
    	at net.sourceforge.htmlunit.corejs.javascript.Parser.reportError(Parser.java:243)
    	at net.sourceforge.htmlunit.corejs.javascript.Parser.reportError(Parser.java:236)
    	at net.sourceforge.htmlunit.corejs.javascript.Parser.primaryExpr(Parser.java:2816)
    	at net.sourceforge.htmlunit.corejs.javascript.Parser.memberExpr(Parser.java:2388)
    	at net.sourceforge.htmlunit.corejs.javascript.Parser.unaryExpr(Parser.java:2292)
    	at net.sourceforge.htmlunit.corejs.javascript.Parser.mulExpr(Parser.java:2219)
    	at net.sourceforge.htmlunit.corejs.javascript.Parser.addExpr(Parser.java:2205)
    	at net.sourceforge.htmlunit.corejs.javascript.Parser.shiftExpr(Parser.java:2188)
    	at net.sourceforge.htmlunit.corejs.javascript.Parser.relExpr(Parser.java:2165)
    	at net.sourceforge.htmlunit.corejs.javascript.Parser.eqExpr(Parser.java:2139)
    	at net.sourceforge.htmlunit.corejs.javascript.Parser.bitAndExpr(Parser.java:2130)
    	at net.sourceforge.htmlunit.corejs.javascript.Parser.bitXorExpr(Parser.java:2121)
    	at net.sourceforge.htmlunit.corejs.javascript.Parser.bitOrExpr(Parser.java:2112)
    	at net.sourceforge.htmlunit.corejs.javascript.Parser.andExpr(Parser.java:2103)
    	at net.sourceforge.htmlunit.corejs.javascript.Parser.orExpr(Parser.java:2094)
    	at net.sourceforge.htmlunit.corejs.javascript.Parser.condExpr(Parser.java:2060)
    	at net.sourceforge.htmlunit.corejs.javascript.Parser.assignExpr(Parser.java:2033)
    	at net.sourceforge.htmlunit.corejs.javascript.Parser.expr(Parser.java:2014)
    	at net.sourceforge.htmlunit.corejs.javascript.Parser.parenExpr(Parser.java:2830)
    	at net.sourceforge.htmlunit.corejs.javascript.Parser.primaryExpr(Parser.java:2758)
    	at net.sourceforge.htmlunit.corejs.javascript.Parser.memberExpr(Parser.java:2388)
    	at net.sourceforge.htmlunit.corejs.javascript.Parser.unaryExpr(Parser.java:2292)
    	at net.sourceforge.htmlunit.corejs.javascript.Parser.mulExpr(Parser.java:2219)
    	at net.sourceforge.htmlunit.corejs.javascript.Parser.addExpr(Parser.java:2205)
    	at net.sourceforge.htmlunit.corejs.javascript.Parser.shiftExpr(Parser.java:2188)
    	at net.sourceforge.htmlunit.corejs.javascript.Parser.relExpr(Parser.java:2165)
    	at net.sourceforge.htmlunit.corejs.javascript.Parser.eqExpr(Parser.java:2139)
    	at net.sourceforge.htmlunit.corejs.javascript.Parser.bitAndExpr(Parser.java:2130)
    	at net.sourceforge.htmlunit.corejs.javascript.Parser.bitXorExpr(Parser.java:2121)
    	at net.sourceforge.htmlunit.corejs.javascript.Parser.bitOrExpr(Parser.java:2112)
    	at net.sourceforge.htmlunit.corejs.javascript.Parser.andExpr(Parser.java:2103)
    	at net.sourceforge.htmlunit.corejs.javascript.Parser.orExpr(Parser.java:2094)
    	at net.sourceforge.htmlunit.corejs.javascript.Parser.condExpr(Parser.java:2060)
    	at net.sourceforge.htmlunit.corejs.javascript.Parser.assignExpr(Parser.java:2033)
    	at net.sourceforge.htmlunit.corejs.javascript.Parser.argumentList(Parser.java:2357)
    	at net.sourceforge.htmlunit.corejs.javascript.Parser.memberExprTail(Parser.java:2508)
    	at net.sourceforge.htmlunit.corejs.javascript.Parser.memberExpr(Parser.java:2424)
    	at net.sourceforge.htmlunit.corejs.javascript.Parser.unaryExpr(Parser.java:2292)
    	at net.sourceforge.htmlunit.corejs.javascript.Parser.mulExpr(Parser.java:2219)
    	at net.sourceforge.htmlunit.corejs.javascript.Parser.addExpr(Parser.java:2205)
    	at net.sourceforge.htmlunit.corejs.javascript.Parser.shiftExpr(Parser.java:2188)
    	at net.sourceforge.htmlunit.corejs.javascript.Parser.relExpr(Parser.java:2165)
    	at net.sourceforge.htmlunit.corejs.javascript.Parser.eqExpr(Parser.java:2139)
    	at net.sourceforge.htmlunit.corejs.javascript.Parser.bitAndExpr(Parser.java:2130)
    	at net.sourceforge.htmlunit.corejs.javascript.Parser.bitXorExpr(Parser.java:2121)
    	at net.sourceforge.htmlunit.corejs.javascript.Parser.bitOrExpr(Parser.java:2112)
    	at net.sourceforge.htmlunit.corejs.javascript.Parser.andExpr(Parser.java:2103)
    	at net.sourceforge.htmlunit.corejs.javascript.Parser.orExpr(Parser.java:2094)
    	at net.sourceforge.htmlunit.corejs.javascript.Parser.condExpr(Parser.java:2060)
    	at net.sourceforge.htmlunit.corejs.javascript.Parser.assignExpr(Parser.java:2033)
    	at net.sourceforge.htmlunit.corejs.javascript.Parser.expr(Parser.java:2014)
    	at net.sourceforge.htmlunit.corejs.javascript.Parser.nameOrLabel(Parser.java:1774)
    	at net.sourceforge.htmlunit.corejs.javascript.Parser.statementHelper(Parser.java:1053)
    	at net.sourceforge.htmlunit.corejs.javascript.Parser.statement(Parser.java:926)
    	at net.sourceforge.htmlunit.corejs.javascript.Parser.parse(Parser.java:570)
    	at net.sourceforge.htmlunit.corejs.javascript.Parser.parse(Parser.java:491)
    	at net.sourceforge.htmlunit.corejs.javascript.Context.compileImpl(Context.java:2661)
    	at net.sourceforge.htmlunit.corejs.javascript.Context.compileString(Context.java:1624)
    	at com.gargoylesoftware.htmlunit.javascript.HtmlUnitContextFactory$TimeoutContext.compileString(HtmlUnitContextFactory.java:202)
    	at net.sourceforge.htmlunit.corejs.javascript.Context.compileString(Context.java:1616)
    	at com.gargoylesoftware.htmlunit.javascript.JavaScriptEngine$2.doRun(JavaScriptEngine.java:692)
    	at com.gargoylesoftware.htmlunit.javascript.JavaScriptEngine$HtmlUnitContextAction.run(JavaScriptEngine.java:850)
    	at net.sourceforge.htmlunit.corejs.javascript.Context.call(Context.java:628)
    	at net.sourceforge.htmlunit.corejs.javascript.ContextFactory.call(ContextFactory.java:513)
    	at com.gargoylesoftware.htmlunit.javascript.JavaScriptEngine.compile(JavaScriptEngine.java:701)
    	at com.gargoylesoftware.htmlunit.javascript.JavaScriptEngine.execute(JavaScriptEngine.java:718)
    	at com.gargoylesoftware.htmlunit.html.HtmlPage.executeJavaScriptIfPossible(HtmlPage.java:945)
    	at com.gargoylesoftware.htmlunit.html.HtmlScript.executeInlineScriptIfNeeded(HtmlScript.java:351)

fi.halooconsulting.ohturef.RunCucumberTests STANDARD_ERROR
    [Thread-15] INFO org.eclipse.jetty.server.ServerConnector - Stopped ServerConnector@7ede0a7e{HTTP/1.1,[http/1.1]}{0.0.0.0:8000}

fi.halooconsulting.ohturef.RunCucumberTests STANDARD_OUT
    	at com.gargoylesoftware.htmlunit.html.HtmlScript.executeScriptIfNeeded(HtmlScript.java:411)
    	at com.gargoylesoftware.htmlunit.html.HtmlScript$3.execute(HtmlScript.java:276)
    	at com.gargoylesoftware.htmlunit.html.HtmlScript.onAllChildrenAddedToPage(HtmlScript.java:290)
    	at com.gargoylesoftware.htmlunit.html.HTMLParser$HtmlUnitDOMBuilder.endElement(HTMLParser.java:800)
    	at org.apache.xerces.parsers.AbstractSAXParser.endElement(Unknown Source)
    	at com.gargoylesoftware.htmlunit.html.HTMLParser$HtmlUnitDOMBuilder.endElement(HTMLParser.java:757)
    	at org.cyberneko.html.HTMLTagBalancer.callEndElement(HTMLTagBalancer.java:1170)
    	at org.cyberneko.html.HTMLTagBalancer.endElement(HTMLTagBalancer.java:1072)
    	at org.cyberneko.html.filters.DefaultFilter.endElement(DefaultFilter.java:206)
    	at org.cyberneko.html.filters.NamespaceBinder.endElement(NamespaceBinder.java:330)
    	at org.cyberneko.html.HTMLScanner$ContentScanner.scanEndElement(HTMLScanner.java:3126)
    	at org.cyberneko.html.HTMLScanner$ContentScanner.scan(HTMLScanner.java:2093)
    	at org.cyberneko.html.HTMLScanner.scanDocument(HTMLScanner.java:920)
    	at org.cyberneko.html.HTMLConfiguration.parse(HTMLConfiguration.java:499)
    	at org.cyberneko.html.HTMLConfiguration.parse(HTMLConfiguration.java:452)
    	at org.apache.xerces.parsers.XMLParser.parse(Unknown Source)
    	at com.gargoylesoftware.htmlunit.html.HTMLParser$HtmlUnitDOMBuilder.parse(HTMLParser.java:1040)
    	at com.gargoylesoftware.htmlunit.html.HTMLParser.parse(HTMLParser.java:253)
    	at com.gargoylesoftware.htmlunit.html.HTMLParser.parseHtml(HTMLParser.java:199)
    	at com.gargoylesoftware.htmlunit.DefaultPageCreator.createHtmlPage(DefaultPageCreator.java:272)
    	at com.gargoylesoftware.htmlunit.DefaultPageCreator.createPage(DefaultPageCreator.java:160)
    	at com.gargoylesoftware.htmlunit.WebClient.loadWebResponseInto(WebClient.java:476)
    	at com.gargoylesoftware.htmlunit.WebClient.loadDownloadedResponses(WebClient.java:2123)
    	at com.gargoylesoftware.htmlunit.javascript.JavaScriptEngine.doProcessPostponedActions(JavaScriptEngine.java:893)
    	at com.gargoylesoftware.htmlunit.javascript.JavaScriptEngine.processPostponedActions(JavaScriptEngine.java:983)
    	at com.gargoylesoftware.htmlunit.html.DomElement.click(DomElement.java:790)
    	at com.gargoylesoftware.htmlunit.html.DomElement.click(DomElement.java:733)
    	at com.gargoylesoftware.htmlunit.html.DomElement.click(DomElement.java:680)
    	at org.openqa.selenium.htmlunit.HtmlUnitWebElement.submit(HtmlUnitWebElement.java:171)
    	at fi.halooconsulting.ohturef.StepDefs.create_is_clicked(StepDefs.kt:54)
    	at sun.reflect.NativeMethodAccessorImpl.invoke0(Native Method)
    	at sun.reflect.NativeMethodAccessorImpl.invoke(NativeMethodAccessorImpl.java:62)
    	at sun.reflect.DelegatingMethodAccessorImpl.invoke(DelegatingMethodAccessorImpl.java:43)
    	at java.lang.reflect.Method.invoke(Method.java:497)
    	at cucumber.runtime.Utils$1.call(Utils.java:40)
    	at cucumber.runtime.Timeout.timeout(Timeout.java:16)
    	at cucumber.runtime.Utils.invoke(Utils.java:34)
    	at cucumber.runtime.java.JavaStepDefinition.execute(JavaStepDefinition.java:38)
    	at cucumber.runtime.StepDefinitionMatch.runStep(StepDefinitionMatch.java:37)
    	at cucumber.runtime.Runtime.runStep(Runtime.java:300)
    	at cucumber.runtime.model.StepContainer.runStep(StepContainer.java:44)
    	at cucumber.runtime.model.StepContainer.runSteps(StepContainer.java:39)
    	at cucumber.runtime.model.CucumberScenario.run(CucumberScenario.java:44)
    	at cucumber.runtime.junit.ExecutionUnitRunner.run(ExecutionUnitRunner.java:102)
    	at cucumber.runtime.junit.FeatureRunner.runChild(FeatureRunner.java:63)
    	at cucumber.runtime.junit.FeatureRunner.runChild(FeatureRunner.java:18)
    	at org.junit.runners.ParentRunner$3.run(ParentRunner.java:290)
    	at org.junit.runners.ParentRunner$1.schedule(ParentRunner.java:71)
    	at org.junit.runners.ParentRunner.runChildren(ParentRunner.java:288)
    	at org.junit.runners.ParentRunner.access$000(ParentRunner.java:58)
    	at org.junit.runners.ParentRunner$2.evaluate(ParentRunner.java:268)
    	at org.junit.runners.ParentRunner.run(ParentRunner.java:363)
    	at cucumber.runtime.junit.FeatureRunner.run(FeatureRunner.java:70)
    	at cucumber.api.junit.Cucumber.runChild(Cucumber.java:95)
    	at cucumber.api.junit.Cucumber.runChild(Cucumber.java:38)
    	at org.junit.runners.ParentRunner$3.run(ParentRunner.java:290)
    	at org.junit.runners.ParentRunner$1.schedule(ParentRunner.java:71)
    	at org.junit.runners.ParentRunner.runChildren(ParentRunner.java:288)
    	at org.junit.runners.ParentRunner.access$000(ParentRunner.java:58)
    	at org.junit.runners.ParentRunner$2.evaluate(ParentRunner.java:268)
    	at org.junit.internal.runners.statements.RunBefores.evaluate(RunBefores.java:26)
    	at org.junit.internal.runners.statements.RunAfters.evaluate(RunAfters.java:27)
    	at org.junit.runners.ParentRunner.run(ParentRunner.java:363)
    	at cucumber.api.junit.Cucumber.run(Cucumber.java:100)
    	at org.gradle.api.internal.tasks.testing.junit.JUnitTestClassExecuter.runTestClass(JUnitTestClassExecuter.java:114)
    	at org.gradle.api.internal.tasks.testing.junit.JUnitTestClassExecuter.execute(JUnitTestClassExecuter.java:57)
    	at org.gradle.api.internal.tasks.testing.junit.JUnitTestClassProcessor.processTestClass(JUnitTestClassProcessor.java:66)
    	at org.gradle.api.internal.tasks.testing.SuiteTestClassProcessor.processTestClass(SuiteTestClassProcessor.java:51)
    	at sun.reflect.NativeMethodAccessorImpl.invoke0(Native Method)
    	at sun.reflect.NativeMethodAccessorImpl.invoke(NativeMethodAccessorImpl.java:62)
    	at sun.reflect.DelegatingMethodAccessorImpl.invoke(DelegatingMethodAccessorImpl.java:43)
    	at java.lang.reflect.Method.invoke(Method.java:497)
    	at org.gradle.internal.dispatch.ReflectionDispatch.dispatch(ReflectionDispatch.java:35)
    	at org.gradle.internal.dispatch.ReflectionDispatch.dispatch(ReflectionDispatch.java:24)
    	at org.gradle.internal.dispatch.ContextClassLoaderDispatch.dispatch(ContextClassLoaderDispatch.java:32)
    	at org.gradle.internal.dispatch.ProxyDispatchAdapter$DispatchingInvocationHandler.invoke(ProxyDispatchAdapter.java:93)
    	at com.sun.proxy.$Proxy2.processTestClass(Unknown Source)
    	at org.gradle.api.internal.tasks.testing.worker.TestWorker.processTestClass(TestWorker.java:109)
    	at sun.reflect.NativeMethodAccessorImpl.invoke0(Native Method)
    	at sun.reflect.NativeMethodAccessorImpl.invoke(NativeMethodAccessorImpl.java:62)
    	at sun.reflect.DelegatingMethodAccessorImpl.invoke(DelegatingMethodAccessorImpl.java:43)
    	at java.lang.reflect.Method.invoke(Method.java:497)
    	at org.gradle.internal.dispatch.ReflectionDispatch.dispatch(ReflectionDispatch.java:35)
    	at org.gradle.internal.dispatch.ReflectionDispatch.dispatch(ReflectionDispatch.java:24)
    	at org.gradle.internal.remote.internal.hub.MessageHub$Handler.run(MessageHub.java:377)
    	at org.gradle.internal.concurrent.ExecutorPolicy$CatchAndRecordFailures.onExecute(ExecutorPolicy.java:54)
    	at org.gradle.internal.concurrent.StoppableExecutorImpl$1.run(StoppableExecutorImpl.java:40)
    	at java.util.concurrent.ThreadPoolExecutor.runWorker(ThreadPoolExecutor.java:1142)
    	at java.util.concurrent.ThreadPoolExecutor$Worker.run(ThreadPoolExecutor.java:617)
    	at java.lang.Thread.run(Thread.java:745)
    == CALLING JAVASCRIPT ==
    $(document).ready(() => {
        $("#export").click(() => {
            $("#bibtex").load("/bibtex", () => $("#bibtex").removeClass("hidden"))
        });
    });
    function deleteReference(id) {
        $.ajax({
            url: '/' + id,
            method: 'DELETE',
            success: function(result) {
                location.reload()
            }
        });
    };
    ======= EXCEPTION END ========

    ======= EXCEPTION START ========
    Exception class=[net.sourceforge.htmlunit.corejs.javascript.EvaluatorException]
    com.gargoylesoftware.htmlunit.ScriptException: syntax error (script in http://localhost:8000/ from (1, 1472) to (14, 12)#1)
    	at com.gargoylesoftware.htmlunit.javascript.JavaScriptEngine$HtmlUnitContextAction.run(JavaScriptEngine.java:865)
    	at net.sourceforge.htmlunit.corejs.javascript.Context.call(Context.java:628)
    	at net.sourceforge.htmlunit.corejs.javascript.ContextFactory.call(ContextFactory.java:513)
    	at com.gargoylesoftware.htmlunit.javascript.JavaScriptEngine.compile(JavaScriptEngine.java:701)
    	at com.gargoylesoftware.htmlunit.javascript.JavaScriptEngine.execute(JavaScriptEngine.java:718)
    	at com.gargoylesoftware.htmlunit.html.HtmlPage.executeJavaScriptIfPossible(HtmlPage.java:945)
    	at com.gargoylesoftware.htmlunit.html.HtmlScript.executeInlineScriptIfNeeded(HtmlScript.java:351)
    	at com.gargoylesoftware.htmlunit.html.HtmlScript.executeScriptIfNeeded(HtmlScript.java:411)
    	at com.gargoylesoftware.htmlunit.html.HtmlScript$3.execute(HtmlScript.java:276)
    	at com.gargoylesoftware.htmlunit.html.HtmlScript.onAllChildrenAddedToPage(HtmlScript.java:290)
    	at com.gargoylesoftware.htmlunit.html.HTMLParser$HtmlUnitDOMBuilder.endElement(HTMLParser.java:800)
    	at org.apache.xerces.parsers.AbstractSAXParser.endElement(Unknown Source)
    	at com.gargoylesoftware.htmlunit.html.HTMLParser$HtmlUnitDOMBuilder.endElement(HTMLParser.java:757)
    	at org.cyberneko.html.HTMLTagBalancer.callEndElement(HTMLTagBalancer.java:1170)
    	at org.cyberneko.html.HTMLTagBalancer.endElement(HTMLTagBalancer.java:1072)
    	at org.cyberneko.html.filters.DefaultFilter.endElement(DefaultFilter.java:206)
    	at org.cyberneko.html.filters.NamespaceBinder.endElement(NamespaceBinder.java:330)
    	at org.cyberneko.html.HTMLScanner$ContentScanner.scanEndElement(HTMLScanner.java:3126)
    	at org.cyberneko.html.HTMLScanner$ContentScanner.scan(HTMLScanner.java:2093)
    	at org.cyberneko.html.HTMLScanner.scanDocument(HTMLScanner.java:920)
    	at org.cyberneko.html.HTMLConfiguration.parse(HTMLConfiguration.java:499)
    	at org.cyberneko.html.HTMLConfiguration.parse(HTMLConfiguration.java:452)
    	at org.apache.xerces.parsers.XMLParser.parse(Unknown Source)
    	at com.gargoylesoftware.htmlunit.html.HTMLParser$HtmlUnitDOMBuilder.parse(HTMLParser.java:1040)
    	at com.gargoylesoftware.htmlunit.html.HTMLParser.parse(HTMLParser.java:253)
    	at com.gargoylesoftware.htmlunit.html.HTMLParser.parseHtml(HTMLParser.java:199)
    	at com.gargoylesoftware.htmlunit.DefaultPageCreator.createHtmlPage(DefaultPageCreator.java:272)
    	at com.gargoylesoftware.htmlunit.DefaultPageCreator.createPage(DefaultPageCreator.java:160)
    	at com.gargoylesoftware.htmlunit.WebClient.loadWebResponseInto(WebClient.java:476)
    	at com.gargoylesoftware.htmlunit.WebClient.loadDownloadedResponses(WebClient.java:2123)
    	at com.gargoylesoftware.htmlunit.javascript.JavaScriptEngine.doProcessPostponedActions(JavaScriptEngine.java:893)
    	at com.gargoylesoftware.htmlunit.javascript.JavaScriptEngine.processPostponedActions(JavaScriptEngine.java:983)
    	at com.gargoylesoftware.htmlunit.html.DomElement.click(DomElement.java:790)
    	at com.gargoylesoftware.htmlunit.html.DomElement.click(DomElement.java:733)
    	at com.gargoylesoftware.htmlunit.html.DomElement.click(DomElement.java:680)
    	at org.openqa.selenium.htmlunit.HtmlUnitWebElement.submit(HtmlUnitWebElement.java:171)
    	at fi.halooconsulting.ohturef.StepDefs.create_is_clicked(StepDefs.kt:54)
    	at ?.And create is clicked(fi/halooconsulting/ohturef/reference_creation.feature:22)
    Caused by: net.sourceforge.htmlunit.corejs.javascript.EvaluatorException: syntax error (script in http://localhost:8000/ from (1, 1472) to (14, 12)#1)
    	at com.gargoylesoftware.htmlunit.javascript.StrictErrorReporter.error(StrictErrorReporter.java:66)
    	at net.sourceforge.htmlunit.corejs.javascript.Parser.addError(Parser.java:187)
    	at net.sourceforge.htmlunit.corejs.javascript.Parser.addError(Parser.java:167)
    	at net.sourceforge.htmlunit.corejs.javascript.Parser.reportError(Parser.java:254)
    	at net.sourceforge.htmlunit.corejs.javascript.Parser.reportError(Parser.java:243)
    	at net.sourceforge.htmlunit.corejs.javascript.Parser.reportError(Parser.java:236)
    	at net.sourceforge.htmlunit.corejs.javascript.Parser.primaryExpr(Parser.java:2816)
    	at net.sourceforge.htmlunit.corejs.javascript.Parser.memberExpr(Parser.java:2388)
    	at net.sourceforge.htmlunit.corejs.javascript.Parser.unaryExpr(Parser.java:2292)
    	at net.sourceforge.htmlunit.corejs.javascript.Parser.mulExpr(Parser.java:2219)
    	at net.sourceforge.htmlunit.corejs.javascript.Parser.addExpr(Parser.java:2205)
    	at net.sourceforge.htmlunit.corejs.javascript.Parser.shiftExpr(Parser.java:2188)
    	at net.sourceforge.htmlunit.corejs.javascript.Parser.relExpr(Parser.java:2165)
    	at net.sourceforge.htmlunit.corejs.javascript.Parser.eqExpr(Parser.java:2139)
    	at net.sourceforge.htmlunit.corejs.javascript.Parser.bitAndExpr(Parser.java:2130)
    	at net.sourceforge.htmlunit.corejs.javascript.Parser.bitXorExpr(Parser.java:2121)
    	at net.sourceforge.htmlunit.corejs.javascript.Parser.bitOrExpr(Parser.java:2112)
    	at net.sourceforge.htmlunit.corejs.javascript.Parser.andExpr(Parser.java:2103)
    	at net.sourceforge.htmlunit.corejs.javascript.Parser.orExpr(Parser.java:2094)
    	at net.sourceforge.htmlunit.corejs.javascript.Parser.condExpr(Parser.java:2060)
    	at net.sourceforge.htmlunit.corejs.javascript.Parser.assignExpr(Parser.java:2033)
    	at net.sourceforge.htmlunit.corejs.javascript.Parser.expr(Parser.java:2014)
    	at net.sourceforge.htmlunit.corejs.javascript.Parser.parenExpr(Parser.java:2830)
    	at net.sourceforge.htmlunit.corejs.javascript.Parser.primaryExpr(Parser.java:2758)
    	at net.sourceforge.htmlunit.corejs.javascript.Parser.memberExpr(Parser.java:2388)
    	at net.sourceforge.htmlunit.corejs.javascript.Parser.unaryExpr(Parser.java:2292)
    	at net.sourceforge.htmlunit.corejs.javascript.Parser.mulExpr(Parser.java:2219)
    	at net.sourceforge.htmlunit.corejs.javascript.Parser.addExpr(Parser.java:2205)
    	at net.sourceforge.htmlunit.corejs.javascript.Parser.shiftExpr(Parser.java:2188)
    	at net.sourceforge.htmlunit.corejs.javascript.Parser.relExpr(Parser.java:2165)
    	at net.sourceforge.htmlunit.corejs.javascript.Parser.eqExpr(Parser.java:2139)
    	at net.sourceforge.htmlunit.corejs.javascript.Parser.bitAndExpr(Parser.java:2130)
    	at net.sourceforge.htmlunit.corejs.javascript.Parser.bitXorExpr(Parser.java:2121)
    	at net.sourceforge.htmlunit.corejs.javascript.Parser.bitOrExpr(Parser.java:2112)
    	at net.sourceforge.htmlunit.corejs.javascript.Parser.andExpr(Parser.java:2103)
    	at net.sourceforge.htmlunit.corejs.javascript.Parser.orExpr(Parser.java:2094)
    	at net.sourceforge.htmlunit.corejs.javascript.Parser.condExpr(Parser.java:2060)
    	at net.sourceforge.htmlunit.corejs.javascript.Parser.assignExpr(Parser.java:2033)
    	at net.sourceforge.htmlunit.corejs.javascript.Parser.argumentList(Parser.java:2357)
    	at net.sourceforge.htmlunit.corejs.javascript.Parser.memberExprTail(Parser.java:2508)
    	at net.sourceforge.htmlunit.corejs.javascript.Parser.memberExpr(Parser.java:2424)
    	at net.sourceforge.htmlunit.corejs.javascript.Parser.unaryExpr(Parser.java:2292)
    	at net.sourceforge.htmlunit.corejs.javascript.Parser.mulExpr(Parser.java:2219)
    	at net.sourceforge.htmlunit.corejs.javascript.Parser.addExpr(Parser.java:2205)
    	at net.sourceforge.htmlunit.corejs.javascript.Parser.shiftExpr(Parser.java:2188)
    	at net.sourceforge.htmlunit.corejs.javascript.Parser.relExpr(Parser.java:2165)
    	at net.sourceforge.htmlunit.corejs.javascript.Parser.eqExpr(Parser.java:2139)
    	at net.sourceforge.htmlunit.corejs.javascript.Parser.bitAndExpr(Parser.java:2130)
    	at net.sourceforge.htmlunit.corejs.javascript.Parser.bitXorExpr(Parser.java:2121)
    	at net.sourceforge.htmlunit.corejs.javascript.Parser.bitOrExpr(Parser.java:2112)
    	at net.sourceforge.htmlunit.corejs.javascript.Parser.andExpr(Parser.java:2103)
    	at net.sourceforge.htmlunit.corejs.javascript.Parser.orExpr(Parser.java:2094)
    	at net.sourceforge.htmlunit.corejs.javascript.Parser.condExpr(Parser.java:2060)
    	at net.sourceforge.htmlunit.corejs.javascript.Parser.assignExpr(Parser.java:2033)
    	at net.sourceforge.htmlunit.corejs.javascript.Parser.expr(Parser.java:2014)
    	at net.sourceforge.htmlunit.corejs.javascript.Parser.nameOrLabel(Parser.java:1774)
    	at net.sourceforge.htmlunit.corejs.javascript.Parser.statementHelper(Parser.java:1053)
    	at net.sourceforge.htmlunit.corejs.javascript.Parser.statement(Parser.java:926)
    	at net.sourceforge.htmlunit.corejs.javascript.Parser.parse(Parser.java:570)
    	at net.sourceforge.htmlunit.corejs.javascript.Parser.parse(Parser.java:491)
    	at net.sourceforge.htmlunit.corejs.javascript.Context.compileImpl(Context.java:2661)
    	at net.sourceforge.htmlunit.corejs.javascript.Context.compileString(Context.java:1624)
    	at com.gargoylesoftware.htmlunit.javascript.HtmlUnitContextFactory$TimeoutContext.compileString(HtmlUnitContextFactory.java:202)
    	at net.sourceforge.htmlunit.corejs.javascript.Context.compileString(Context.java:1616)
    	at com.gargoylesoftware.htmlunit.javascript.JavaScriptEngine$2.doRun(JavaScriptEngine.java:692)
    	at com.gargoylesoftware.htmlunit.javascript.JavaScriptEngine$HtmlUnitContextAction.run(JavaScriptEngine.java:850)
    	at net.sourceforge.htmlunit.corejs.javascript.Context.call(Context.java:628)
    	at net.sourceforge.htmlunit.corejs.javascript.ContextFactory.call(ContextFactory.java:513)
    	at com.gargoylesoftware.htmlunit.javascript.JavaScriptEngine.compile(JavaScriptEngine.java:701)
    	at com.gargoylesoftware.htmlunit.javascript.JavaScriptEngine.execute(JavaScriptEngine.java:718)
    	at com.gargoylesoftware.htmlunit.html.HtmlPage.executeJavaScriptIfPossible(HtmlPage.java:945)
    	at com.gargoylesoftware.htmlunit.html.HtmlScript.executeInlineScriptIfNeeded(HtmlScript.java:351)
    	at com.gargoylesoftware.htmlunit.html.HtmlScript.executeScriptIfNeeded(HtmlScript.java:411)
    	at com.gargoylesoftware.htmlunit.html.HtmlScript$3.execute(HtmlScript.java:276)
    	at com.gargoylesoftware.htmlunit.html.HtmlScript.onAllChildrenAddedToPage(HtmlScript.java:290)
    	at com.gargoylesoftware.htmlunit.html.HTMLParser$HtmlUnitDOMBuilder.endElement(HTMLParser.java:800)
    	at org.apache.xerces.parsers.AbstractSAXParser.endElement(Unknown Source)
    	at com.gargoylesoftware.htmlunit.html.HTMLParser$HtmlUnitDOMBuilder.endElement(HTMLParser.java:757)
    	at org.cyberneko.html.HTMLTagBalancer.callEndElement(HTMLTagBalancer.java:1170)
    	at org.cyberneko.html.HTMLTagBalancer.endElement(HTMLTagBalancer.java:1072)
    	at org.cyberneko.html.filters.DefaultFilter.endElement(DefaultFilter.java:206)
    	at org.cyberneko.html.filters.NamespaceBinder.endElement(NamespaceBinder.java:330)
    	at org.cyberneko.html.HTMLScanner$ContentScanner.scanEndElement(HTMLScanner.java:3126)
    	at org.cyberneko.html.HTMLScanner$ContentScanner.scan(HTMLScanner.java:2093)
    	at org.cyberneko.html.HTMLScanner.scanDocument(HTMLScanner.java:920)
    	at org.cyberneko.html.HTMLConfiguration.parse(HTMLConfiguration.java:499)
    	at org.cyberneko.html.HTMLConfiguration.parse(HTMLConfiguration.java:452)
    	at org.apache.xerces.parsers.XMLParser.parse(Unknown Source)

fi.halooconsulting.ohturef.RunCucumberTests STANDARD_ERROR
    [Thread-15] INFO spark.embeddedserver.jetty.EmbeddedJettyServer - done

fi.halooconsulting.ohturef.RunCucumberTests STANDARD_OUT
    	at com.gargoylesoftware.htmlunit.html.HTMLParser$HtmlUnitDOMBuilder.parse(HTMLParser.java:1040)
    	at com.gargoylesoftware.htmlunit.html.HTMLParser.parse(HTMLParser.java:253)
    	at com.gargoylesoftware.htmlunit.html.HTMLParser.parseHtml(HTMLParser.java:199)
    	at com.gargoylesoftware.htmlunit.DefaultPageCreator.createHtmlPage(DefaultPageCreator.java:272)
    	at com.gargoylesoftware.htmlunit.DefaultPageCreator.createPage(DefaultPageCreator.java:160)
    	at com.gargoylesoftware.htmlunit.WebClient.loadWebResponseInto(WebClient.java:476)
    	at com.gargoylesoftware.htmlunit.WebClient.loadDownloadedResponses(WebClient.java:2123)
    	at com.gargoylesoftware.htmlunit.javascript.JavaScriptEngine.doProcessPostponedActions(JavaScriptEngine.java:893)
    	at com.gargoylesoftware.htmlunit.javascript.JavaScriptEngine.processPostponedActions(JavaScriptEngine.java:983)
    	at com.gargoylesoftware.htmlunit.html.DomElement.click(DomElement.java:790)
    	at com.gargoylesoftware.htmlunit.html.DomElement.click(DomElement.java:733)
    	at com.gargoylesoftware.htmlunit.html.DomElement.click(DomElement.java:680)
    	at org.openqa.selenium.htmlunit.HtmlUnitWebElement.submit(HtmlUnitWebElement.java:171)
    	at fi.halooconsulting.ohturef.StepDefs.create_is_clicked(StepDefs.kt:54)
    	at sun.reflect.NativeMethodAccessorImpl.invoke0(Native Method)
    	at sun.reflect.NativeMethodAccessorImpl.invoke(NativeMethodAccessorImpl.java:62)
    	at sun.reflect.DelegatingMethodAccessorImpl.invoke(DelegatingMethodAccessorImpl.java:43)
    	at java.lang.reflect.Method.invoke(Method.java:497)
    	at cucumber.runtime.Utils$1.call(Utils.java:40)
    	at cucumber.runtime.Timeout.timeout(Timeout.java:16)
    	at cucumber.runtime.Utils.invoke(Utils.java:34)
    	at cucumber.runtime.java.JavaStepDefinition.execute(JavaStepDefinition.java:38)
    	at cucumber.runtime.StepDefinitionMatch.runStep(StepDefinitionMatch.java:37)
    	at cucumber.runtime.Runtime.runStep(Runtime.java:300)
    	at cucumber.runtime.model.StepContainer.runStep(StepContainer.java:44)
    	at cucumber.runtime.model.StepContainer.runSteps(StepContainer.java:39)
    	at cucumber.runtime.model.CucumberScenario.run(CucumberScenario.java:44)
    	at cucumber.runtime.junit.ExecutionUnitRunner.run(ExecutionUnitRunner.java:102)
    	at cucumber.runtime.junit.FeatureRunner.runChild(FeatureRunner.java:63)
    	at cucumber.runtime.junit.FeatureRunner.runChild(FeatureRunner.java:18)
    	at org.junit.runners.ParentRunner$3.run(ParentRunner.java:290)
    	at org.junit.runners.ParentRunner$1.schedule(ParentRunner.java:71)
    	at org.junit.runners.ParentRunner.runChildren(ParentRunner.java:288)
    	at org.junit.runners.ParentRunner.access$000(ParentRunner.java:58)
    	at org.junit.runners.ParentRunner$2.evaluate(ParentRunner.java:268)
    	at org.junit.runners.ParentRunner.run(ParentRunner.java:363)
    	at cucumber.runtime.junit.FeatureRunner.run(FeatureRunner.java:70)
    	at cucumber.api.junit.Cucumber.runChild(Cucumber.java:95)
    	at cucumber.api.junit.Cucumber.runChild(Cucumber.java:38)
    	at org.junit.runners.ParentRunner$3.run(ParentRunner.java:290)
    	at org.junit.runners.ParentRunner$1.schedule(ParentRunner.java:71)
    	at org.junit.runners.ParentRunner.runChildren(ParentRunner.java:288)
    	at org.junit.runners.ParentRunner.access$000(ParentRunner.java:58)
    	at org.junit.runners.ParentRunner$2.evaluate(ParentRunner.java:268)
    	at org.junit.internal.runners.statements.RunBefores.evaluate(RunBefores.java:26)
    	at org.junit.internal.runners.statements.RunAfters.evaluate(RunAfters.java:27)
    	at org.junit.runners.ParentRunner.run(ParentRunner.java:363)
    	at cucumber.api.junit.Cucumber.run(Cucumber.java:100)
    	at org.gradle.api.internal.tasks.testing.junit.JUnitTestClassExecuter.runTestClass(JUnitTestClassExecuter.java:114)
    	at org.gradle.api.internal.tasks.testing.junit.JUnitTestClassExecuter.execute(JUnitTestClassExecuter.java:57)
    	at org.gradle.api.internal.tasks.testing.junit.JUnitTestClassProcessor.processTestClass(JUnitTestClassProcessor.java:66)
    	at org.gradle.api.internal.tasks.testing.SuiteTestClassProcessor.processTestClass(SuiteTestClassProcessor.java:51)
    	at sun.reflect.NativeMethodAccessorImpl.invoke0(Native Method)
    	at sun.reflect.NativeMethodAccessorImpl.invoke(NativeMethodAccessorImpl.java:62)
    	at sun.reflect.DelegatingMethodAccessorImpl.invoke(DelegatingMethodAccessorImpl.java:43)
    	at java.lang.reflect.Method.invoke(Method.java:497)
    	at org.gradle.internal.dispatch.ReflectionDispatch.dispatch(ReflectionDispatch.java:35)
    	at org.gradle.internal.dispatch.ReflectionDispatch.dispatch(ReflectionDispatch.java:24)
    	at org.gradle.internal.dispatch.ContextClassLoaderDispatch.dispatch(ContextClassLoaderDispatch.java:32)
    	at org.gradle.internal.dispatch.ProxyDispatchAdapter$DispatchingInvocationHandler.invoke(ProxyDispatchAdapter.java:93)
    	at com.sun.proxy.$Proxy2.processTestClass(Unknown Source)
    	at org.gradle.api.internal.tasks.testing.worker.TestWorker.processTestClass(TestWorker.java:109)
    	at sun.reflect.NativeMethodAccessorImpl.invoke0(Native Method)
    	at sun.reflect.NativeMethodAccessorImpl.invoke(NativeMethodAccessorImpl.java:62)
    	at sun.reflect.DelegatingMethodAccessorImpl.invoke(DelegatingMethodAccessorImpl.java:43)
    	at java.lang.reflect.Method.invoke(Method.java:497)
    	at org.gradle.internal.dispatch.ReflectionDispatch.dispatch(ReflectionDispatch.java:35)
    	at org.gradle.internal.dispatch.ReflectionDispatch.dispatch(ReflectionDispatch.java:24)
    	at org.gradle.internal.remote.internal.hub.MessageHub$Handler.run(MessageHub.java:377)
    	at org.gradle.internal.concurrent.ExecutorPolicy$CatchAndRecordFailures.onExecute(ExecutorPolicy.java:54)
    	at org.gradle.internal.concurrent.StoppableExecutorImpl$1.run(StoppableExecutorImpl.java:40)
    	at java.util.concurrent.ThreadPoolExecutor.runWorker(ThreadPoolExecutor.java:1142)
    	at java.util.concurrent.ThreadPoolExecutor$Worker.run(ThreadPoolExecutor.java:617)
    	at java.lang.Thread.run(Thread.java:745)
    Enclosed exception: 
    net.sourceforge.htmlunit.corejs.javascript.EvaluatorException: syntax error (script in http://localhost:8000/ from (1, 1472) to (14, 12)#1)
    	at com.gargoylesoftware.htmlunit.javascript.StrictErrorReporter.error(StrictErrorReporter.java:66)
    	at net.sourceforge.htmlunit.corejs.javascript.Parser.addError(Parser.java:187)
    	at net.sourceforge.htmlunit.corejs.javascript.Parser.addError(Parser.java:167)
    	at net.sourceforge.htmlunit.corejs.javascript.Parser.reportError(Parser.java:254)
    	at net.sourceforge.htmlunit.corejs.javascript.Parser.reportError(Parser.java:243)
    	at net.sourceforge.htmlunit.corejs.javascript.Parser.reportError(Parser.java:236)
    	at net.sourceforge.htmlunit.corejs.javascript.Parser.primaryExpr(Parser.java:2816)
    	at net.sourceforge.htmlunit.corejs.javascript.Parser.memberExpr(Parser.java:2388)
    	at net.sourceforge.htmlunit.corejs.javascript.Parser.unaryExpr(Parser.java:2292)
    	at net.sourceforge.htmlunit.corejs.javascript.Parser.mulExpr(Parser.java:2219)
    	at net.sourceforge.htmlunit.corejs.javascript.Parser.addExpr(Parser.java:2205)
    	at net.sourceforge.htmlunit.corejs.javascript.Parser.shiftExpr(Parser.java:2188)
    	at net.sourceforge.htmlunit.corejs.javascript.Parser.relExpr(Parser.java:2165)
    	at net.sourceforge.htmlunit.corejs.javascript.Parser.eqExpr(Parser.java:2139)
    	at net.sourceforge.htmlunit.corejs.javascript.Parser.bitAndExpr(Parser.java:2130)
    	at net.sourceforge.htmlunit.corejs.javascript.Parser.bitXorExpr(Parser.java:2121)
    	at net.sourceforge.htmlunit.corejs.javascript.Parser.bitOrExpr(Parser.java:2112)
    	at net.sourceforge.htmlunit.corejs.javascript.Parser.andExpr(Parser.java:2103)
    	at net.sourceforge.htmlunit.corejs.javascript.Parser.orExpr(Parser.java:2094)
    	at net.sourceforge.htmlunit.corejs.javascript.Parser.condExpr(Parser.java:2060)
    	at net.sourceforge.htmlunit.corejs.javascript.Parser.assignExpr(Parser.java:2033)
    	at net.sourceforge.htmlunit.corejs.javascript.Parser.expr(Parser.java:2014)
    	at net.sourceforge.htmlunit.corejs.javascript.Parser.parenExpr(Parser.java:2830)
    	at net.sourceforge.htmlunit.corejs.javascript.Parser.primaryExpr(Parser.java:2758)
    	at net.sourceforge.htmlunit.corejs.javascript.Parser.memberExpr(Parser.java:2388)
    	at net.sourceforge.htmlunit.corejs.javascript.Parser.unaryExpr(Parser.java:2292)
    	at net.sourceforge.htmlunit.corejs.javascript.Parser.mulExpr(Parser.java:2219)
    	at net.sourceforge.htmlunit.corejs.javascript.Parser.addExpr(Parser.java:2205)
    	at net.sourceforge.htmlunit.corejs.javascript.Parser.shiftExpr(Parser.java:2188)
    	at net.sourceforge.htmlunit.corejs.javascript.Parser.relExpr(Parser.java:2165)
    	at net.sourceforge.htmlunit.corejs.javascript.Parser.eqExpr(Parser.java:2139)
    	at net.sourceforge.htmlunit.corejs.javascript.Parser.bitAndExpr(Parser.java:2130)
    	at net.sourceforge.htmlunit.corejs.javascript.Parser.bitXorExpr(Parser.java:2121)
    	at net.sourceforge.htmlunit.corejs.javascript.Parser.bitOrExpr(Parser.java:2112)
    	at net.sourceforge.htmlunit.corejs.javascript.Parser.andExpr(Parser.java:2103)
    	at net.sourceforge.htmlunit.corejs.javascript.Parser.orExpr(Parser.java:2094)
    	at net.sourceforge.htmlunit.corejs.javascript.Parser.condExpr(Parser.java:2060)
    	at net.sourceforge.htmlunit.corejs.javascript.Parser.assignExpr(Parser.java:2033)
    	at net.sourceforge.htmlunit.corejs.javascript.Parser.argumentList(Parser.java:2357)
    	at net.sourceforge.htmlunit.corejs.javascript.Parser.memberExprTail(Parser.java:2508)
    	at net.sourceforge.htmlunit.corejs.javascript.Parser.memberExpr(Parser.java:2424)
    	at net.sourceforge.htmlunit.corejs.javascript.Parser.unaryExpr(Parser.java:2292)
    	at net.sourceforge.htmlunit.corejs.javascript.Parser.mulExpr(Parser.java:2219)
    	at net.sourceforge.htmlunit.corejs.javascript.Parser.addExpr(Parser.java:2205)
    	at net.sourceforge.htmlunit.corejs.javascript.Parser.shiftExpr(Parser.java:2188)
    	at net.sourceforge.htmlunit.corejs.javascript.Parser.relExpr(Parser.java:2165)
    	at net.sourceforge.htmlunit.corejs.javascript.Parser.eqExpr(Parser.java:2139)
    	at net.sourceforge.htmlunit.corejs.javascript.Parser.bitAndExpr(Parser.java:2130)
    	at net.sourceforge.htmlunit.corejs.javascript.Parser.bitXorExpr(Parser.java:2121)
    	at net.sourceforge.htmlunit.corejs.javascript.Parser.bitOrExpr(Parser.java:2112)
    	at net.sourceforge.htmlunit.corejs.javascript.Parser.andExpr(Parser.java:2103)
    	at net.sourceforge.htmlunit.corejs.javascript.Parser.orExpr(Parser.java:2094)
    	at net.sourceforge.htmlunit.corejs.javascript.Parser.condExpr(Parser.java:2060)
    	at net.sourceforge.htmlunit.corejs.javascript.Parser.assignExpr(Parser.java:2033)
    	at net.sourceforge.htmlunit.corejs.javascript.Parser.expr(Parser.java:2014)
    	at net.sourceforge.htmlunit.corejs.javascript.Parser.nameOrLabel(Parser.java:1774)
    	at net.sourceforge.htmlunit.corejs.javascript.Parser.statementHelper(Parser.java:1053)
    	at net.sourceforge.htmlunit.corejs.javascript.Parser.statement(Parser.java:926)
    	at net.sourceforge.htmlunit.corejs.javascript.Parser.parse(Parser.java:570)
    	at net.sourceforge.htmlunit.corejs.javascript.Parser.parse(Parser.java:491)
    	at net.sourceforge.htmlunit.corejs.javascript.Context.compileImpl(Context.java:2661)
    	at net.sourceforge.htmlunit.corejs.javascript.Context.compileString(Context.java:1624)
    	at com.gargoylesoftware.htmlunit.javascript.HtmlUnitContextFactory$TimeoutContext.compileString(HtmlUnitContextFactory.java:202)
    	at net.sourceforge.htmlunit.corejs.javascript.Context.compileString(Context.java:1616)
    	at com.gargoylesoftware.htmlunit.javascript.JavaScriptEngine$2.doRun(JavaScriptEngine.java:692)
    	at com.gargoylesoftware.htmlunit.javascript.JavaScriptEngine$HtmlUnitContextAction.run(JavaScriptEngine.java:850)
    	at net.sourceforge.htmlunit.corejs.javascript.Context.call(Context.java:628)
    	at net.sourceforge.htmlunit.corejs.javascript.ContextFactory.call(ContextFactory.java:513)
    	at com.gargoylesoftware.htmlunit.javascript.JavaScriptEngine.compile(JavaScriptEngine.java:701)
    	at com.gargoylesoftware.htmlunit.javascript.JavaScriptEngine.execute(JavaScriptEngine.java:718)
    	at com.gargoylesoftware.htmlunit.html.HtmlPage.executeJavaScriptIfPossible(HtmlPage.java:945)
    	at com.gargoylesoftware.htmlunit.html.HtmlScript.executeInlineScriptIfNeeded(HtmlScript.java:351)
    	at com.gargoylesoftware.htmlunit.html.HtmlScript.executeScriptIfNeeded(HtmlScript.java:411)
    	at com.gargoylesoftware.htmlunit.html.HtmlScript$3.execute(HtmlScript.java:276)
    	at com.gargoylesoftware.htmlunit.html.HtmlScript.onAllChildrenAddedToPage(HtmlScript.java:290)
    	at com.gargoylesoftware.htmlunit.html.HTMLParser$HtmlUnitDOMBuilder.endElement(HTMLParser.java:800)
    	at org.apache.xerces.parsers.AbstractSAXParser.endElement(Unknown Source)
    	at com.gargoylesoftware.htmlunit.html.HTMLParser$HtmlUnitDOMBuilder.endElement(HTMLParser.java:757)
    	at org.cyberneko.html.HTMLTagBalancer.callEndElement(HTMLTagBalancer.java:1170)
    	at org.cyberneko.html.HTMLTagBalancer.endElement(HTMLTagBalancer.java:1072)
    	at org.cyberneko.html.filters.DefaultFilter.endElement(DefaultFilter.java:206)
    	at org.cyberneko.html.filters.NamespaceBinder.endElement(NamespaceBinder.java:330)
    	at org.cyberneko.html.HTMLScanner$ContentScanner.scanEndElement(HTMLScanner.java:3126)
    	at org.cyberneko.html.HTMLScanner$ContentScanner.scan(HTMLScanner.java:2093)
    	at org.cyberneko.html.HTMLScanner.scanDocument(HTMLScanner.java:920)
    	at org.cyberneko.html.HTMLConfiguration.parse(HTMLConfiguration.java:499)
    	at org.cyberneko.html.HTMLConfiguration.parse(HTMLConfiguration.java:452)
    	at org.apache.xerces.parsers.XMLParser.parse(Unknown Source)
    	at com.gargoylesoftware.htmlunit.html.HTMLParser$HtmlUnitDOMBuilder.parse(HTMLParser.java:1040)
    	at com.gargoylesoftware.htmlunit.html.HTMLParser.parse(HTMLParser.java:253)
    	at com.gargoylesoftware.htmlunit.html.HTMLParser.parseHtml(HTMLParser.java:199)
    	at com.gargoylesoftware.htmlunit.DefaultPageCreator.createHtmlPage(DefaultPageCreator.java:272)
    	at com.gargoylesoftware.htmlunit.DefaultPageCreator.createPage(DefaultPageCreator.java:160)
    	at com.gargoylesoftware.htmlunit.WebClient.loadWebResponseInto(WebClient.java:476)
    	at com.gargoylesoftware.htmlunit.WebClient.loadDownloadedResponses(WebClient.java:2123)
    	at com.gargoylesoftware.htmlunit.javascript.JavaScriptEngine.doProcessPostponedActions(JavaScriptEngine.java:893)
    	at com.gargoylesoftware.htmlunit.javascript.JavaScriptEngine.processPostponedActions(JavaScriptEngine.java:983)
    	at com.gargoylesoftware.htmlunit.html.DomElement.click(DomElement.java:790)
    	at com.gargoylesoftware.htmlunit.html.DomElement.click(DomElement.java:733)
    	at com.gargoylesoftware.htmlunit.html.DomElement.click(DomElement.java:680)
    	at org.openqa.selenium.htmlunit.HtmlUnitWebElement.submit(HtmlUnitWebElement.java:171)
    	at fi.halooconsulting.ohturef.StepDefs.create_is_clicked(StepDefs.kt:54)
    	at sun.reflect.NativeMethodAccessorImpl.invoke0(Native Method)
    	at sun.reflect.NativeMethodAccessorImpl.invoke(NativeMethodAccessorImpl.java:62)
    	at sun.reflect.DelegatingMethodAccessorImpl.invoke(DelegatingMethodAccessorImpl.java:43)
    	at java.lang.reflect.Method.invoke(Method.java:497)
    	at cucumber.runtime.Utils$1.call(Utils.java:40)
    	at cucumber.runtime.Timeout.timeout(Timeout.java:16)
    	at cucumber.runtime.Utils.invoke(Utils.java:34)
    	at cucumber.runtime.java.JavaStepDefinition.execute(JavaStepDefinition.java:38)
    	at cucumber.runtime.StepDefinitionMatch.runStep(StepDefinitionMatch.java:37)
    	at cucumber.runtime.Runtime.runStep(Runtime.java:300)
    	at cucumber.runtime.model.StepContainer.runStep(StepContainer.java:44)
    	at cucumber.runtime.model.StepContainer.runSteps(StepContainer.java:39)
    	at cucumber.runtime.model.CucumberScenario.run(CucumberScenario.java:44)
    	at cucumber.runtime.junit.ExecutionUnitRunner.run(ExecutionUnitRunner.java:102)
    	at cucumber.runtime.junit.FeatureRunner.runChild(FeatureRunner.java:63)
    	at cucumber.runtime.junit.FeatureRunner.runChild(FeatureRunner.java:18)
    	at org.junit.runners.ParentRunner$3.run(ParentRunner.java:290)
    	at org.junit.runners.ParentRunner$1.schedule(ParentRunner.java:71)
    	at org.junit.runners.ParentRunner.runChildren(ParentRunner.java:288)
    	at org.junit.runners.ParentRunner.access$000(ParentRunner.java:58)
    	at org.junit.runners.ParentRunner$2.evaluate(ParentRunner.java:268)
    	at org.junit.runners.ParentRunner.run(ParentRunner.java:363)
    	at cucumber.runtime.junit.FeatureRunner.run(FeatureRunner.java:70)
    	at cucumber.api.junit.Cucumber.runChild(Cucumber.java:95)
    	at cucumber.api.junit.Cucumber.runChild(Cucumber.java:38)
    	at org.junit.runners.ParentRunner$3.run(ParentRunner.java:290)
    	at org.junit.runners.ParentRunner$1.schedule(ParentRunner.java:71)
    	at org.junit.runners.ParentRunner.runChildren(ParentRunner.java:288)
    	at org.junit.runners.ParentRunner.access$000(ParentRunner.java:58)
    	at org.junit.runners.ParentRunner$2.evaluate(ParentRunner.java:268)
    	at org.junit.internal.runners.statements.RunBefores.evaluate(RunBefores.java:26)
    	at org.junit.internal.runners.statements.RunAfters.evaluate(RunAfters.java:27)
    	at org.junit.runners.ParentRunner.run(ParentRunner.java:363)
    	at cucumber.api.junit.Cucumber.run(Cucumber.java:100)
    	at org.gradle.api.internal.tasks.testing.junit.JUnitTestClassExecuter.runTestClass(JUnitTestClassExecuter.java:114)
    	at org.gradle.api.internal.tasks.testing.junit.JUnitTestClassExecuter.execute(JUnitTestClassExecuter.java:57)
    	at org.gradle.api.internal.tasks.testing.junit.JUnitTestClassProcessor.processTestClass(JUnitTestClassProcessor.java:66)
    	at org.gradle.api.internal.tasks.testing.SuiteTestClassProcessor.processTestClass(SuiteTestClassProcessor.java:51)
    	at sun.reflect.NativeMethodAccessorImpl.invoke0(Native Method)
    	at sun.reflect.NativeMethodAccessorImpl.invoke(NativeMethodAccessorImpl.java:62)
    	at sun.reflect.DelegatingMethodAccessorImpl.invoke(DelegatingMethodAccessorImpl.java:43)
    	at java.lang.reflect.Method.invoke(Method.java:497)
    	at org.gradle.internal.dispatch.ReflectionDispatch.dispatch(ReflectionDispatch.java:35)
    	at org.gradle.internal.dispatch.ReflectionDispatch.dispatch(ReflectionDispatch.java:24)
    	at org.gradle.internal.dispatch.ContextClassLoaderDispatch.dispatch(ContextClassLoaderDispatch.java:32)
    	at org.gradle.internal.dispatch.ProxyDispatchAdapter$DispatchingInvocationHandler.invoke(ProxyDispatchAdapter.java:93)
    	at com.sun.proxy.$Proxy2.processTestClass(Unknown Source)
    	at org.gradle.api.internal.tasks.testing.worker.TestWorker.processTestClass(TestWorker.java:109)
    	at sun.reflect.NativeMethodAccessorImpl.invoke0(Native Method)
    	at sun.reflect.NativeMethodAccessorImpl.invoke(NativeMethodAccessorImpl.java:62)
    	at sun.reflect.DelegatingMethodAccessorImpl.invoke(DelegatingMethodAccessorImpl.java:43)
    	at java.lang.reflect.Method.invoke(Method.java:497)
    	at org.gradle.internal.dispatch.ReflectionDispatch.dispatch(ReflectionDispatch.java:35)
    	at org.gradle.internal.dispatch.ReflectionDispatch.dispatch(ReflectionDispatch.java:24)
    	at org.gradle.internal.remote.internal.hub.MessageHub$Handler.run(MessageHub.java:377)
    	at org.gradle.internal.concurrent.ExecutorPolicy$CatchAndRecordFailures.onExecute(ExecutorPolicy.java:54)
    	at org.gradle.internal.concurrent.StoppableExecutorImpl$1.run(StoppableExecutorImpl.java:40)
    	at java.util.concurrent.ThreadPoolExecutor.runWorker(ThreadPoolExecutor.java:1142)
    	at java.util.concurrent.ThreadPoolExecutor$Worker.run(ThreadPoolExecutor.java:617)
    	at java.lang.Thread.run(Thread.java:745)
    == CALLING JAVASCRIPT ==
    $(document).ready(() => {
        $("#export").click(() => {
            $("#bibtex").load("/bibtex", () => $("#bibtex").removeClass("hidden"))
        });
    });
    function deleteReference(id) {
        $.ajax({
            url: '/' + id,
            method: 'DELETE',
            success: function(result) {
                location.reload()
            }
        });
    };
    ======= EXCEPTION END ========

    ======= EXCEPTION START ========
    Exception class=[net.sourceforge.htmlunit.corejs.javascript.EvaluatorException]
    com.gargoylesoftware.htmlunit.ScriptException: syntax error (script in http://localhost:8000/ from (1, 1441) to (14, 12)#1)
    	at com.gargoylesoftware.htmlunit.javascript.JavaScriptEngine$HtmlUnitContextAction.run(JavaScriptEngine.java:865)
    	at net.sourceforge.htmlunit.corejs.javascript.Context.call(Context.java:628)
    	at net.sourceforge.htmlunit.corejs.javascript.ContextFactory.call(ContextFactory.java:513)
    	at com.gargoylesoftware.htmlunit.javascript.JavaScriptEngine.compile(JavaScriptEngine.java:701)
    	at com.gargoylesoftware.htmlunit.javascript.JavaScriptEngine.execute(JavaScriptEngine.java:718)
    	at com.gargoylesoftware.htmlunit.html.HtmlPage.executeJavaScriptIfPossible(HtmlPage.java:945)
    	at com.gargoylesoftware.htmlunit.html.HtmlScript.executeInlineScriptIfNeeded(HtmlScript.java:351)
    	at com.gargoylesoftware.htmlunit.html.HtmlScript.executeScriptIfNeeded(HtmlScript.java:411)
    	at com.gargoylesoftware.htmlunit.html.HtmlScript$3.execute(HtmlScript.java:276)
    	at com.gargoylesoftware.htmlunit.html.HtmlScript.onAllChildrenAddedToPage(HtmlScript.java:290)
    	at com.gargoylesoftware.htmlunit.html.HTMLParser$HtmlUnitDOMBuilder.endElement(HTMLParser.java:800)
    	at org.apache.xerces.parsers.AbstractSAXParser.endElement(Unknown Source)
    	at com.gargoylesoftware.htmlunit.html.HTMLParser$HtmlUnitDOMBuilder.endElement(HTMLParser.java:757)
    	at org.cyberneko.html.HTMLTagBalancer.callEndElement(HTMLTagBalancer.java:1170)
    	at org.cyberneko.html.HTMLTagBalancer.endElement(HTMLTagBalancer.java:1072)
    	at org.cyberneko.html.filters.DefaultFilter.endElement(DefaultFilter.java:206)
    	at org.cyberneko.html.filters.NamespaceBinder.endElement(NamespaceBinder.java:330)
    	at org.cyberneko.html.HTMLScanner$ContentScanner.scanEndElement(HTMLScanner.java:3126)
    	at org.cyberneko.html.HTMLScanner$ContentScanner.scan(HTMLScanner.java:2093)
    	at org.cyberneko.html.HTMLScanner.scanDocument(HTMLScanner.java:920)
    	at org.cyberneko.html.HTMLConfiguration.parse(HTMLConfiguration.java:499)
    	at org.cyberneko.html.HTMLConfiguration.parse(HTMLConfiguration.java:452)
    	at org.apache.xerces.parsers.XMLParser.parse(Unknown Source)
    	at com.gargoylesoftware.htmlunit.html.HTMLParser$HtmlUnitDOMBuilder.parse(HTMLParser.java:1040)
    	at com.gargoylesoftware.htmlunit.html.HTMLParser.parse(HTMLParser.java:253)
    	at com.gargoylesoftware.htmlunit.html.HTMLParser.parseHtml(HTMLParser.java:199)
    	at com.gargoylesoftware.htmlunit.DefaultPageCreator.createHtmlPage(DefaultPageCreator.java:272)
    	at com.gargoylesoftware.htmlunit.DefaultPageCreator.createPage(DefaultPageCreator.java:160)
    	at com.gargoylesoftware.htmlunit.WebClient.loadWebResponseInto(WebClient.java:476)
    	at com.gargoylesoftware.htmlunit.WebClient.loadDownloadedResponses(WebClient.java:2123)
    	at com.gargoylesoftware.htmlunit.javascript.JavaScriptEngine.doProcessPostponedActions(JavaScriptEngine.java:893)
    	at com.gargoylesoftware.htmlunit.javascript.JavaScriptEngine.processPostponedActions(JavaScriptEngine.java:983)
    	at com.gargoylesoftware.htmlunit.html.DomElement.click(DomElement.java:790)
    	at com.gargoylesoftware.htmlunit.html.DomElement.click(DomElement.java:733)
    	at com.gargoylesoftware.htmlunit.html.DomElement.click(DomElement.java:680)
    	at org.openqa.selenium.htmlunit.HtmlUnitWebElement.submit(HtmlUnitWebElement.java:171)
    	at fi.halooconsulting.ohturef.StepDefs.create_is_clicked(StepDefs.kt:54)
    	at ?.And create is clicked(fi/halooconsulting/ohturef/reference_creation.feature:34)
    Caused by: net.sourceforge.htmlunit.corejs.javascript.EvaluatorException: syntax error (script in http://localhost:8000/ from (1, 1441) to (14, 12)#1)
    	at com.gargoylesoftware.htmlunit.javascript.StrictErrorReporter.error(StrictErrorReporter.java:66)
    	at net.sourceforge.htmlunit.corejs.javascript.Parser.addError(Parser.java:187)
    	at net.sourceforge.htmlunit.corejs.javascript.Parser.addError(Parser.java:167)
    	at net.sourceforge.htmlunit.corejs.javascript.Parser.reportError(Parser.java:254)
    	at net.sourceforge.htmlunit.corejs.javascript.Parser.reportError(Parser.java:243)
    	at net.sourceforge.htmlunit.corejs.javascript.Parser.reportError(Parser.java:236)
    	at net.sourceforge.htmlunit.corejs.javascript.Parser.primaryExpr(Parser.java:2816)
    	at net.sourceforge.htmlunit.corejs.javascript.Parser.memberExpr(Parser.java:2388)
    	at net.sourceforge.htmlunit.corejs.javascript.Parser.unaryExpr(Parser.java:2292)
    	at net.sourceforge.htmlunit.corejs.javascript.Parser.mulExpr(Parser.java:2219)
    	at net.sourceforge.htmlunit.corejs.javascript.Parser.addExpr(Parser.java:2205)
    	at net.sourceforge.htmlunit.corejs.javascript.Parser.shiftExpr(Parser.java:2188)
    	at net.sourceforge.htmlunit.corejs.javascript.Parser.relExpr(Parser.java:2165)
    	at net.sourceforge.htmlunit.corejs.javascript.Parser.eqExpr(Parser.java:2139)
    	at net.sourceforge.htmlunit.corejs.javascript.Parser.bitAndExpr(Parser.java:2130)
    	at net.sourceforge.htmlunit.corejs.javascript.Parser.bitXorExpr(Parser.java:2121)
    	at net.sourceforge.htmlunit.corejs.javascript.Parser.bitOrExpr(Parser.java:2112)
    	at net.sourceforge.htmlunit.corejs.javascript.Parser.andExpr(Parser.java:2103)
    	at net.sourceforge.htmlunit.corejs.javascript.Parser.orExpr(Parser.java:2094)
    	at net.sourceforge.htmlunit.corejs.javascript.Parser.condExpr(Parser.java:2060)
    	at net.sourceforge.htmlunit.corejs.javascript.Parser.assignExpr(Parser.java:2033)
    	at net.sourceforge.htmlunit.corejs.javascript.Parser.expr(Parser.java:2014)
    	at net.sourceforge.htmlunit.corejs.javascript.Parser.parenExpr(Parser.java:2830)
    	at net.sourceforge.htmlunit.corejs.javascript.Parser.primaryExpr(Parser.java:2758)
    	at net.sourceforge.htmlunit.corejs.javascript.Parser.memberExpr(Parser.java:2388)
    	at net.sourceforge.htmlunit.corejs.javascript.Parser.unaryExpr(Parser.java:2292)
    	at net.sourceforge.htmlunit.corejs.javascript.Parser.mulExpr(Parser.java:2219)
    	at net.sourceforge.htmlunit.corejs.javascript.Parser.addExpr(Parser.java:2205)
    	at net.sourceforge.htmlunit.corejs.javascript.Parser.shiftExpr(Parser.java:2188)
    	at net.sourceforge.htmlunit.corejs.javascript.Parser.relExpr(Parser.java:2165)
    	at net.sourceforge.htmlunit.corejs.javascript.Parser.eqExpr(Parser.java:2139)
    	at net.sourceforge.htmlunit.corejs.javascript.Parser.bitAndExpr(Parser.java:2130)
    	at net.sourceforge.htmlunit.corejs.javascript.Parser.bitXorExpr(Parser.java:2121)
    	at net.sourceforge.htmlunit.corejs.javascript.Parser.bitOrExpr(Parser.java:2112)
    	at net.sourceforge.htmlunit.corejs.javascript.Parser.andExpr(Parser.java:2103)
    	at net.sourceforge.htmlunit.corejs.javascript.Parser.orExpr(Parser.java:2094)
    	at net.sourceforge.htmlunit.corejs.javascript.Parser.condExpr(Parser.java:2060)
    	at net.sourceforge.htmlunit.corejs.javascript.Parser.assignExpr(Parser.java:2033)
    	at net.sourceforge.htmlunit.corejs.javascript.Parser.argumentList(Parser.java:2357)
    	at net.sourceforge.htmlunit.corejs.javascript.Parser.memberExprTail(Parser.java:2508)
    	at net.sourceforge.htmlunit.corejs.javascript.Parser.memberExpr(Parser.java:2424)
    	at net.sourceforge.htmlunit.corejs.javascript.Parser.unaryExpr(Parser.java:2292)
    	at net.sourceforge.htmlunit.corejs.javascript.Parser.mulExpr(Parser.java:2219)
    	at net.sourceforge.htmlunit.corejs.javascript.Parser.addExpr(Parser.java:2205)
    	at net.sourceforge.htmlunit.corejs.javascript.Parser.shiftExpr(Parser.java:2188)
    	at net.sourceforge.htmlunit.corejs.javascript.Parser.relExpr(Parser.java:2165)
    	at net.sourceforge.htmlunit.corejs.javascript.Parser.eqExpr(Parser.java:2139)
    	at net.sourceforge.htmlunit.corejs.javascript.Parser.bitAndExpr(Parser.java:2130)
    	at net.sourceforge.htmlunit.corejs.javascript.Parser.bitXorExpr(Parser.java:2121)
    	at net.sourceforge.htmlunit.corejs.javascript.Parser.bitOrExpr(Parser.java:2112)
    	at net.sourceforge.htmlunit.corejs.javascript.Parser.andExpr(Parser.java:2103)
    	at net.sourceforge.htmlunit.corejs.javascript.Parser.orExpr(Parser.java:2094)
    	at net.sourceforge.htmlunit.corejs.javascript.Parser.condExpr(Parser.java:2060)
    	at net.sourceforge.htmlunit.corejs.javascript.Parser.assignExpr(Parser.java:2033)
    	at net.sourceforge.htmlunit.corejs.javascript.Parser.expr(Parser.java:2014)
    	at net.sourceforge.htmlunit.corejs.javascript.Parser.nameOrLabel(Parser.java:1774)
    	at net.sourceforge.htmlunit.corejs.javascript.Parser.statementHelper(Parser.java:1053)
    	at net.sourceforge.htmlunit.corejs.javascript.Parser.statement(Parser.java:926)
    	at net.sourceforge.htmlunit.corejs.javascript.Parser.parse(Parser.java:570)
    	at net.sourceforge.htmlunit.corejs.javascript.Parser.parse(Parser.java:491)
    	at net.sourceforge.htmlunit.corejs.javascript.Context.compileImpl(Context.java:2661)
    	at net.sourceforge.htmlunit.corejs.javascript.Context.compileString(Context.java:1624)
    	at com.gargoylesoftware.htmlunit.javascript.HtmlUnitContextFactory$TimeoutContext.compileString(HtmlUnitContextFactory.java:202)
    	at net.sourceforge.htmlunit.corejs.javascript.Context.compileString(Context.java:1616)
    	at com.gargoylesoftware.htmlunit.javascript.JavaScriptEngine$2.doRun(JavaScriptEngine.java:692)
    	at com.gargoylesoftware.htmlunit.javascript.JavaScriptEngine$HtmlUnitContextAction.run(JavaScriptEngine.java:850)
    	at net.sourceforge.htmlunit.corejs.javascript.Context.call(Context.java:628)
    	at net.sourceforge.htmlunit.corejs.javascript.ContextFactory.call(ContextFactory.java:513)
    	at com.gargoylesoftware.htmlunit.javascript.JavaScriptEngine.compile(JavaScriptEngine.java:701)
    	at com.gargoylesoftware.htmlunit.javascript.JavaScriptEngine.execute(JavaScriptEngine.java:718)
    	at com.gargoylesoftware.htmlunit.html.HtmlPage.executeJavaScriptIfPossible(HtmlPage.java:945)
    	at com.gargoylesoftware.htmlunit.html.HtmlScript.executeInlineScriptIfNeeded(HtmlScript.java:351)
    	at com.gargoylesoftware.htmlunit.html.HtmlScript.executeScriptIfNeeded(HtmlScript.java:411)
    	at com.gargoylesoftware.htmlunit.html.HtmlScript$3.execute(HtmlScript.java:276)
    	at com.gargoylesoftware.htmlunit.html.HtmlScript.onAllChildrenAddedToPage(HtmlScript.java:290)
    	at com.gargoylesoftware.htmlunit.html.HTMLParser$HtmlUnitDOMBuilder.endElement(HTMLParser.java:800)
    	at org.apache.xerces.parsers.AbstractSAXParser.endElement(Unknown Source)
    	at com.gargoylesoftware.htmlunit.html.HTMLParser$HtmlUnitDOMBuilder.endElement(HTMLParser.java:757)
    	at org.cyberneko.html.HTMLTagBalancer.callEndElement(HTMLTagBalancer.java:1170)
    	at org.cyberneko.html.HTMLTagBalancer.endElement(HTMLTagBalancer.java:1072)
    	at org.cyberneko.html.filters.DefaultFilter.endElement(DefaultFilter.java:206)
    	at org.cyberneko.html.filters.NamespaceBinder.endElement(NamespaceBinder.java:330)
    	at org.cyberneko.html.HTMLScanner$ContentScanner.scanEndElement(HTMLScanner.java:3126)
    	at org.cyberneko.html.HTMLScanner$ContentScanner.scan(HTMLScanner.java:2093)
    	at org.cyberneko.html.HTMLScanner.scanDocument(HTMLScanner.java:920)
    	at org.cyberneko.html.HTMLConfiguration.parse(HTMLConfiguration.java:499)
    	at org.cyberneko.html.HTMLConfiguration.parse(HTMLConfiguration.java:452)
    	at org.apache.xerces.parsers.XMLParser.parse(Unknown Source)
    	at com.gargoylesoftware.htmlunit.html.HTMLParser$HtmlUnitDOMBuilder.parse(HTMLParser.java:1040)
    	at com.gargoylesoftware.htmlunit.html.HTMLParser.parse(HTMLParser.java:253)
    	at com.gargoylesoftware.htmlunit.html.HTMLParser.parseHtml(HTMLParser.java:199)
    	at com.gargoylesoftware.htmlunit.DefaultPageCreator.createHtmlPage(DefaultPageCreator.java:272)
    	at com.gargoylesoftware.htmlunit.DefaultPageCreator.createPage(DefaultPageCreator.java:160)
    	at com.gargoylesoftware.htmlunit.WebClient.loadWebResponseInto(WebClient.java:476)
    	at com.gargoylesoftware.htmlunit.WebClient.loadDownloadedResponses(WebClient.java:2123)
    	at com.gargoylesoftware.htmlunit.javascript.JavaScriptEngine.doProcessPostponedActions(JavaScriptEngine.java:893)
    	at com.gargoylesoftware.htmlunit.javascript.JavaScriptEngine.processPostponedActions(JavaScriptEngine.java:983)
    	at com.gargoylesoftware.htmlunit.html.DomElement.click(DomElement.java:790)
    	at com.gargoylesoftware.htmlunit.html.DomElement.click(DomElement.java:733)
    	at com.gargoylesoftware.htmlunit.html.DomElement.click(DomElement.java:680)
    	at org.openqa.selenium.htmlunit.HtmlUnitWebElement.submit(HtmlUnitWebElement.java:171)
    	at fi.halooconsulting.ohturef.StepDefs.create_is_clicked(StepDefs.kt:54)
    	at sun.reflect.NativeMethodAccessorImpl.invoke0(Native Method)
    	at sun.reflect.NativeMethodAccessorImpl.invoke(NativeMethodAccessorImpl.java:62)
    	at sun.reflect.DelegatingMethodAccessorImpl.invoke(DelegatingMethodAccessorImpl.java:43)
    	at java.lang.reflect.Method.invoke(Method.java:497)
    	at cucumber.runtime.Utils$1.call(Utils.java:40)
    	at cucumber.runtime.Timeout.timeout(Timeout.java:16)
    	at cucumber.runtime.Utils.invoke(Utils.java:34)
    	at cucumber.runtime.java.JavaStepDefinition.execute(JavaStepDefinition.java:38)
    	at cucumber.runtime.StepDefinitionMatch.runStep(StepDefinitionMatch.java:37)
    	at cucumber.runtime.Runtime.runStep(Runtime.java:300)
    	at cucumber.runtime.model.StepContainer.runStep(StepContainer.java:44)
    	at cucumber.runtime.model.StepContainer.runSteps(StepContainer.java:39)
    	at cucumber.runtime.model.CucumberScenario.run(CucumberScenario.java:44)
    	at cucumber.runtime.junit.ExecutionUnitRunner.run(ExecutionUnitRunner.java:102)
    	at cucumber.runtime.junit.FeatureRunner.runChild(FeatureRunner.java:63)
    	at cucumber.runtime.junit.FeatureRunner.runChild(FeatureRunner.java:18)
    	at org.junit.runners.ParentRunner$3.run(ParentRunner.java:290)
    	at org.junit.runners.ParentRunner$1.schedule(ParentRunner.java:71)
    	at org.junit.runners.ParentRunner.runChildren(ParentRunner.java:288)
    	at org.junit.runners.ParentRunner.access$000(ParentRunner.java:58)
    	at org.junit.runners.ParentRunner$2.evaluate(ParentRunner.java:268)
    	at org.junit.runners.ParentRunner.run(ParentRunner.java:363)
    	at cucumber.runtime.junit.FeatureRunner.run(FeatureRunner.java:70)
    	at cucumber.api.junit.Cucumber.runChild(Cucumber.java:95)
    	at cucumber.api.junit.Cucumber.runChild(Cucumber.java:38)
    	at org.junit.runners.ParentRunner$3.run(ParentRunner.java:290)
    	at org.junit.runners.ParentRunner$1.schedule(ParentRunner.java:71)
    	at org.junit.runners.ParentRunner.runChildren(ParentRunner.java:288)
    	at org.junit.runners.ParentRunner.access$000(ParentRunner.java:58)
    	at org.junit.runners.ParentRunner$2.evaluate(ParentRunner.java:268)
    	at org.junit.internal.runners.statements.RunBefores.evaluate(RunBefores.java:26)
    	at org.junit.internal.runners.statements.RunAfters.evaluate(RunAfters.java:27)
    	at org.junit.runners.ParentRunner.run(ParentRunner.java:363)
    	at cucumber.api.junit.Cucumber.run(Cucumber.java:100)
    	at org.gradle.api.internal.tasks.testing.junit.JUnitTestClassExecuter.runTestClass(JUnitTestClassExecuter.java:114)
    	at org.gradle.api.internal.tasks.testing.junit.JUnitTestClassExecuter.execute(JUnitTestClassExecuter.java:57)
    	at org.gradle.api.internal.tasks.testing.junit.JUnitTestClassProcessor.processTestClass(JUnitTestClassProcessor.java:66)
    	at org.gradle.api.internal.tasks.testing.SuiteTestClassProcessor.processTestClass(SuiteTestClassProcessor.java:51)
    	at sun.reflect.NativeMethodAccessorImpl.invoke0(Native Method)
    	at sun.reflect.NativeMethodAccessorImpl.invoke(NativeMethodAccessorImpl.java:62)
    	at sun.reflect.DelegatingMethodAccessorImpl.invoke(DelegatingMethodAccessorImpl.java:43)
    	at java.lang.reflect.Method.invoke(Method.java:497)
    	at org.gradle.internal.dispatch.ReflectionDispatch.dispatch(ReflectionDispatch.java:35)
    	at org.gradle.internal.dispatch.ReflectionDispatch.dispatch(ReflectionDispatch.java:24)
    	at org.gradle.internal.dispatch.ContextClassLoaderDispatch.dispatch(ContextClassLoaderDispatch.java:32)
    	at org.gradle.internal.dispatch.ProxyDispatchAdapter$DispatchingInvocationHandler.invoke(ProxyDispatchAdapter.java:93)
    	at com.sun.proxy.$Proxy2.processTestClass(Unknown Source)
    	at org.gradle.api.internal.tasks.testing.worker.TestWorker.processTestClass(TestWorker.java:109)
    	at sun.reflect.NativeMethodAccessorImpl.invoke0(Native Method)
    	at sun.reflect.NativeMethodAccessorImpl.invoke(NativeMethodAccessorImpl.java:62)
    	at sun.reflect.DelegatingMethodAccessorImpl.invoke(DelegatingMethodAccessorImpl.java:43)
    	at java.lang.reflect.Method.invoke(Method.java:497)
    	at org.gradle.internal.dispatch.ReflectionDispatch.dispatch(ReflectionDispatch.java:35)
    	at org.gradle.internal.dispatch.ReflectionDispatch.dispatch(ReflectionDispatch.java:24)
    	at org.gradle.internal.remote.internal.hub.MessageHub$Handler.run(MessageHub.java:377)
    	at org.gradle.internal.concurrent.ExecutorPolicy$CatchAndRecordFailures.onExecute(ExecutorPolicy.java:54)
    	at org.gradle.internal.concurrent.StoppableExecutorImpl$1.run(StoppableExecutorImpl.java:40)
    	at java.util.concurrent.ThreadPoolExecutor.runWorker(ThreadPoolExecutor.java:1142)
    	at java.util.concurrent.ThreadPoolExecutor$Worker.run(ThreadPoolExecutor.java:617)
    	at java.lang.Thread.run(Thread.java:745)
    Enclosed exception: 
    net.sourceforge.htmlunit.corejs.javascript.EvaluatorException: syntax error (script in http://localhost:8000/ from (1, 1441) to (14, 12)#1)
    	at com.gargoylesoftware.htmlunit.javascript.StrictErrorReporter.error(StrictErrorReporter.java:66)
    	at net.sourceforge.htmlunit.corejs.javascript.Parser.addError(Parser.java:187)
    	at net.sourceforge.htmlunit.corejs.javascript.Parser.addError(Parser.java:167)
    	at net.sourceforge.htmlunit.corejs.javascript.Parser.reportError(Parser.java:254)
    	at net.sourceforge.htmlunit.corejs.javascript.Parser.reportError(Parser.java:243)
    	at net.sourceforge.htmlunit.corejs.javascript.Parser.reportError(Parser.java:236)
    	at net.sourceforge.htmlunit.corejs.javascript.Parser.primaryExpr(Parser.java:2816)
    	at net.sourceforge.htmlunit.corejs.javascript.Parser.memberExpr(Parser.java:2388)
    	at net.sourceforge.htmlunit.corejs.javascript.Parser.unaryExpr(Parser.java:2292)
    	at net.sourceforge.htmlunit.corejs.javascript.Parser.mulExpr(Parser.java:2219)
    	at net.sourceforge.htmlunit.corejs.javascript.Parser.addExpr(Parser.java:2205)
    	at net.sourceforge.htmlunit.corejs.javascript.Parser.shiftExpr(Parser.java:2188)
    	at net.sourceforge.htmlunit.corejs.javascript.Parser.relExpr(Parser.java:2165)
    	at net.sourceforge.htmlunit.corejs.javascript.Parser.eqExpr(Parser.java:2139)
    	at net.sourceforge.htmlunit.corejs.javascript.Parser.bitAndExpr(Parser.java:2130)
    	at net.sourceforge.htmlunit.corejs.javascript.Parser.bitXorExpr(Parser.java:2121)
    	at net.sourceforge.htmlunit.corejs.javascript.Parser.bitOrExpr(Parser.java:2112)
    	at net.sourceforge.htmlunit.corejs.javascript.Parser.andExpr(Parser.java:2103)
    	at net.sourceforge.htmlunit.corejs.javascript.Parser.orExpr(Parser.java:2094)
    	at net.sourceforge.htmlunit.corejs.javascript.Parser.condExpr(Parser.java:2060)
    	at net.sourceforge.htmlunit.corejs.javascript.Parser.assignExpr(Parser.java:2033)
    	at net.sourceforge.htmlunit.corejs.javascript.Parser.expr(Parser.java:2014)
    	at net.sourceforge.htmlunit.corejs.javascript.Parser.parenExpr(Parser.java:2830)
    	at net.sourceforge.htmlunit.corejs.javascript.Parser.primaryExpr(Parser.java:2758)
    	at net.sourceforge.htmlunit.corejs.javascript.Parser.memberExpr(Parser.java:2388)
    	at net.sourceforge.htmlunit.corejs.javascript.Parser.unaryExpr(Parser.java:2292)
    	at net.sourceforge.htmlunit.corejs.javascript.Parser.mulExpr(Parser.java:2219)
    	at net.sourceforge.htmlunit.corejs.javascript.Parser.addExpr(Parser.java:2205)
    	at net.sourceforge.htmlunit.corejs.javascript.Parser.shiftExpr(Parser.java:2188)
    	at net.sourceforge.htmlunit.corejs.javascript.Parser.relExpr(Parser.java:2165)
    	at net.sourceforge.htmlunit.corejs.javascript.Parser.eqExpr(Parser.java:2139)
    	at net.sourceforge.htmlunit.corejs.javascript.Parser.bitAndExpr(Parser.java:2130)
    	at net.sourceforge.htmlunit.corejs.javascript.Parser.bitXorExpr(Parser.java:2121)
    	at net.sourceforge.htmlunit.corejs.javascript.Parser.bitOrExpr(Parser.java:2112)
    	at net.sourceforge.htmlunit.corejs.javascript.Parser.andExpr(Parser.java:2103)
    	at net.sourceforge.htmlunit.corejs.javascript.Parser.orExpr(Parser.java:2094)
    	at net.sourceforge.htmlunit.corejs.javascript.Parser.condExpr(Parser.java:2060)
    	at net.sourceforge.htmlunit.corejs.javascript.Parser.assignExpr(Parser.java:2033)
    	at net.sourceforge.htmlunit.corejs.javascript.Parser.argumentList(Parser.java:2357)
    	at net.sourceforge.htmlunit.corejs.javascript.Parser.memberExprTail(Parser.java:2508)
    	at net.sourceforge.htmlunit.corejs.javascript.Parser.memberExpr(Parser.java:2424)
    	at net.sourceforge.htmlunit.corejs.javascript.Parser.unaryExpr(Parser.java:2292)
    	at net.sourceforge.htmlunit.corejs.javascript.Parser.mulExpr(Parser.java:2219)
    	at net.sourceforge.htmlunit.corejs.javascript.Parser.addExpr(Parser.java:2205)
    	at net.sourceforge.htmlunit.corejs.javascript.Parser.shiftExpr(Parser.java:2188)
    	at net.sourceforge.htmlunit.corejs.javascript.Parser.relExpr(Parser.java:2165)
    	at net.sourceforge.htmlunit.corejs.javascript.Parser.eqExpr(Parser.java:2139)
    	at net.sourceforge.htmlunit.corejs.javascript.Parser.bitAndExpr(Parser.java:2130)
    	at net.sourceforge.htmlunit.corejs.javascript.Parser.bitXorExpr(Parser.java:2121)
    	at net.sourceforge.htmlunit.corejs.javascript.Parser.bitOrExpr(Parser.java:2112)
    	at net.sourceforge.htmlunit.corejs.javascript.Parser.andExpr(Parser.java:2103)
    	at net.sourceforge.htmlunit.corejs.javascript.Parser.orExpr(Parser.java:2094)
    	at net.sourceforge.htmlunit.corejs.javascript.Parser.condExpr(Parser.java:2060)
    	at net.sourceforge.htmlunit.corejs.javascript.Parser.assignExpr(Parser.java:2033)
    	at net.sourceforge.htmlunit.corejs.javascript.Parser.expr(Parser.java:2014)
    	at net.sourceforge.htmlunit.corejs.javascript.Parser.nameOrLabel(Parser.java:1774)
    	at net.sourceforge.htmlunit.corejs.javascript.Parser.statementHelper(Parser.java:1053)
    	at net.sourceforge.htmlunit.corejs.javascript.Parser.statement(Parser.java:926)
    	at net.sourceforge.htmlunit.corejs.javascript.Parser.parse(Parser.java:570)
    	at net.sourceforge.htmlunit.corejs.javascript.Parser.parse(Parser.java:491)
    	at net.sourceforge.htmlunit.corejs.javascript.Context.compileImpl(Context.java:2661)
    	at net.sourceforge.htmlunit.corejs.javascript.Context.compileString(Context.java:1624)
    	at com.gargoylesoftware.htmlunit.javascript.HtmlUnitContextFactory$TimeoutContext.compileString(HtmlUnitContextFactory.java:202)
    	at net.sourceforge.htmlunit.corejs.javascript.Context.compileString(Context.java:1616)
    	at com.gargoylesoftware.htmlunit.javascript.JavaScriptEngine$2.doRun(JavaScriptEngine.java:692)
    	at com.gargoylesoftware.htmlunit.javascript.JavaScriptEngine$HtmlUnitContextAction.run(JavaScriptEngine.java:850)
    	at net.sourceforge.htmlunit.corejs.javascript.Context.call(Context.java:628)
    	at net.sourceforge.htmlunit.corejs.javascript.ContextFactory.call(ContextFactory.java:513)
    	at com.gargoylesoftware.htmlunit.javascript.JavaScriptEngine.compile(JavaScriptEngine.java:701)
    	at com.gargoylesoftware.htmlunit.javascript.JavaScriptEngine.execute(JavaScriptEngine.java:718)
    	at com.gargoylesoftware.htmlunit.html.HtmlPage.executeJavaScriptIfPossible(HtmlPage.java:945)
    	at com.gargoylesoftware.htmlunit.html.HtmlScript.executeInlineScriptIfNeeded(HtmlScript.java:351)
    	at com.gargoylesoftware.htmlunit.html.HtmlScript.executeScriptIfNeeded(HtmlScript.java:411)
    	at com.gargoylesoftware.htmlunit.html.HtmlScript$3.execute(HtmlScript.java:276)
    	at com.gargoylesoftware.htmlunit.html.HtmlScript.onAllChildrenAddedToPage(HtmlScript.java:290)
    	at com.gargoylesoftware.htmlunit.html.HTMLParser$HtmlUnitDOMBuilder.endElement(HTMLParser.java:800)
    	at org.apache.xerces.parsers.AbstractSAXParser.endElement(Unknown Source)
    	at com.gargoylesoftware.htmlunit.html.HTMLParser$HtmlUnitDOMBuilder.endElement(HTMLParser.java:757)
    	at org.cyberneko.html.HTMLTagBalancer.callEndElement(HTMLTagBalancer.java:1170)
    	at org.cyberneko.html.HTMLTagBalancer.endElement(HTMLTagBalancer.java:1072)
    	at org.cyberneko.html.filters.DefaultFilter.endElement(DefaultFilter.java:206)
    	at org.cyberneko.html.filters.NamespaceBinder.endElement(NamespaceBinder.java:330)
    	at org.cyberneko.html.HTMLScanner$ContentScanner.scanEndElement(HTMLScanner.java:3126)
    	at org.cyberneko.html.HTMLScanner$ContentScanner.scan(HTMLScanner.java:2093)
    	at org.cyberneko.html.HTMLScanner.scanDocument(HTMLScanner.java:920)
    	at org.cyberneko.html.HTMLConfiguration.parse(HTMLConfiguration.java:499)
    	at org.cyberneko.html.HTMLConfiguration.parse(HTMLConfiguration.java:452)
    	at org.apache.xerces.parsers.XMLParser.parse(Unknown Source)
    	at com.gargoylesoftware.htmlunit.html.HTMLParser$HtmlUnitDOMBuilder.parse(HTMLParser.java:1040)
    	at com.gargoylesoftware.htmlunit.html.HTMLParser.parse(HTMLParser.java:253)
    	at com.gargoylesoftware.htmlunit.html.HTMLParser.parseHtml(HTMLParser.java:199)
    	at com.gargoylesoftware.htmlunit.DefaultPageCreator.createHtmlPage(DefaultPageCreator.java:272)
    	at com.gargoylesoftware.htmlunit.DefaultPageCreator.createPage(DefaultPageCreator.java:160)
    	at com.gargoylesoftware.htmlunit.WebClient.loadWebResponseInto(WebClient.java:476)
    	at com.gargoylesoftware.htmlunit.WebClient.loadDownloadedResponses(WebClient.java:2123)
    	at com.gargoylesoftware.htmlunit.javascript.JavaScriptEngine.doProcessPostponedActions(JavaScriptEngine.java:893)
    	at com.gargoylesoftware.htmlunit.javascript.JavaScriptEngine.processPostponedActions(JavaScriptEngine.java:983)
    	at com.gargoylesoftware.htmlunit.html.DomElement.click(DomElement.java:790)
    	at com.gargoylesoftware.htmlunit.html.DomElement.click(DomElement.java:733)
    	at com.gargoylesoftware.htmlunit.html.DomElement.click(DomElement.java:680)
    	at org.openqa.selenium.htmlunit.HtmlUnitWebElement.submit(HtmlUnitWebElement.java:171)
    	at fi.halooconsulting.ohturef.StepDefs.create_is_clicked(StepDefs.kt:54)
    	at sun.reflect.NativeMethodAccessorImpl.invoke0(Native Method)
    	at sun.reflect.NativeMethodAccessorImpl.invoke(NativeMethodAccessorImpl.java:62)
    	at sun.reflect.DelegatingMethodAccessorImpl.invoke(DelegatingMethodAccessorImpl.java:43)
    	at java.lang.reflect.Method.invoke(Method.java:497)
    	at cucumber.runtime.Utils$1.call(Utils.java:40)
    	at cucumber.runtime.Timeout.timeout(Timeout.java:16)
    	at cucumber.runtime.Utils.invoke(Utils.java:34)
    	at cucumber.runtime.java.JavaStepDefinition.execute(JavaStepDefinition.java:38)
    	at cucumber.runtime.StepDefinitionMatch.runStep(StepDefinitionMatch.java:37)
    	at cucumber.runtime.Runtime.runStep(Runtime.java:300)
    	at cucumber.runtime.model.StepContainer.runStep(StepContainer.java:44)
    	at cucumber.runtime.model.StepContainer.runSteps(StepContainer.java:39)
    	at cucumber.runtime.model.CucumberScenario.run(CucumberScenario.java:44)
    	at cucumber.runtime.junit.ExecutionUnitRunner.run(ExecutionUnitRunner.java:102)
    	at cucumber.runtime.junit.FeatureRunner.runChild(FeatureRunner.java:63)
    	at cucumber.runtime.junit.FeatureRunner.runChild(FeatureRunner.java:18)
    	at org.junit.runners.ParentRunner$3.run(ParentRunner.java:290)
    	at org.junit.runners.ParentRunner$1.schedule(ParentRunner.java:71)
    	at org.junit.runners.ParentRunner.runChildren(ParentRunner.java:288)
    	at org.junit.runners.ParentRunner.access$000(ParentRunner.java:58)
    	at org.junit.runners.ParentRunner$2.evaluate(ParentRunner.java:268)
    	at org.junit.runners.ParentRunner.run(ParentRunner.java:363)
    	at cucumber.runtime.junit.FeatureRunner.run(FeatureRunner.java:70)
    	at cucumber.api.junit.Cucumber.runChild(Cucumber.java:95)
    	at cucumber.api.junit.Cucumber.runChild(Cucumber.java:38)
    	at org.junit.runners.ParentRunner$3.run(ParentRunner.java:290)
    	at org.junit.runners.ParentRunner$1.schedule(ParentRunner.java:71)
    	at org.junit.runners.ParentRunner.runChildren(ParentRunner.java:288)
    	at org.junit.runners.ParentRunner.access$000(ParentRunner.java:58)
    	at org.junit.runners.ParentRunner$2.evaluate(ParentRunner.java:268)
    	at org.junit.internal.runners.statements.RunBefores.evaluate(RunBefores.java:26)
    	at org.junit.internal.runners.statements.RunAfters.evaluate(RunAfters.java:27)
    	at org.junit.runners.ParentRunner.run(ParentRunner.java:363)
    	at cucumber.api.junit.Cucumber.run(Cucumber.java:100)
    	at org.gradle.api.internal.tasks.testing.junit.JUnitTestClassExecuter.runTestClass(JUnitTestClassExecuter.java:114)
    	at org.gradle.api.internal.tasks.testing.junit.JUnitTestClassExecuter.execute(JUnitTestClassExecuter.java:57)
    	at org.gradle.api.internal.tasks.testing.junit.JUnitTestClassProcessor.processTestClass(JUnitTestClassProcessor.java:66)
    	at org.gradle.api.internal.tasks.testing.SuiteTestClassProcessor.processTestClass(SuiteTestClassProcessor.java:51)
    	at sun.reflect.NativeMethodAccessorImpl.invoke0(Native Method)
    	at sun.reflect.NativeMethodAccessorImpl.invoke(NativeMethodAccessorImpl.java:62)
    	at sun.reflect.DelegatingMethodAccessorImpl.invoke(DelegatingMethodAccessorImpl.java:43)
    	at java.lang.reflect.Method.invoke(Method.java:497)
    	at org.gradle.internal.dispatch.ReflectionDispatch.dispatch(ReflectionDispatch.java:35)
    	at org.gradle.internal.dispatch.ReflectionDispatch.dispatch(ReflectionDispatch.java:24)
    	at org.gradle.internal.dispatch.ContextClassLoaderDispatch.dispatch(ContextClassLoaderDispatch.java:32)
    	at org.gradle.internal.dispatch.ProxyDispatchAdapter$DispatchingInvocationHandler.invoke(ProxyDispatchAdapter.java:93)
    	at com.sun.proxy.$Proxy2.processTestClass(Unknown Source)
    	at org.gradle.api.internal.tasks.testing.worker.TestWorker.processTestClass(TestWorker.java:109)
    	at sun.reflect.NativeMethodAccessorImpl.invoke0(Native Method)
    	at sun.reflect.NativeMethodAccessorImpl.invoke(NativeMethodAccessorImpl.java:62)
    	at sun.reflect.DelegatingMethodAccessorImpl.invoke(DelegatingMethodAccessorImpl.java:43)
    	at java.lang.reflect.Method.invoke(Method.java:497)
    	at org.gradle.internal.dispatch.ReflectionDispatch.dispatch(ReflectionDispatch.java:35)
    	at org.gradle.internal.dispatch.ReflectionDispatch.dispatch(ReflectionDispatch.java:24)
    	at org.gradle.internal.remote.internal.hub.MessageHub$Handler.run(MessageHub.java:377)
    	at org.gradle.internal.concurrent.ExecutorPolicy$CatchAndRecordFailures.onExecute(ExecutorPolicy.java:54)
    	at org.gradle.internal.concurrent.StoppableExecutorImpl$1.run(StoppableExecutorImpl.java:40)
    	at java.util.concurrent.ThreadPoolExecutor.runWorker(ThreadPoolExecutor.java:1142)
    	at java.util.concurrent.ThreadPoolExecutor$Worker.run(ThreadPoolExecutor.java:617)
    	at java.lang.Thread.run(Thread.java:745)
    == CALLING JAVASCRIPT ==
    $(document).ready(() => {
        $("#export").click(() => {
            $("#bibtex").load("/bibtex", () => $("#bibtex").removeClass("hidden"))
        });
    });
    function deleteReference(id) {
        $.ajax({
            url: '/' + id,
            method: 'DELETE',
            success: function(result) {
                location.reload()
            }
        });
    };
    ======= EXCEPTION END ========

Finished generating test XML results (0.012 secs) into: C:\koodia\ohtu\haloo-consulting\build\test-results\test
Generating HTML test report...
Finished generating test html results (0.014 secs) into: C:\koodia\ohtu\haloo-consulting\build\reports\tests\test
:test FAILED
:test (Thread[Daemon worker Thread 7,5,main]) completed. Took 4.584 secs.

BUILD FAILED

Total time: 5.293 secs
Stopped 0 compiler daemon(s).
Received result Failure[value=org.gradle.initialization.ReportedException: org.gradle.internal.exceptions.LocationAwareException: Execution failed for task ':test'.] from daemon DaemonInfo{pid=96472, address=[fd12ce87-ccca-4508-9896-05958c00e545 port:40818, addresses:[/127.0.0.1, /0:0:0:0:0:0:0:1]], state=Idle, lastBusy=1493201008776, context=DefaultDaemonContext[uid=2f450863-0b7d-4d49-9f76-3f997a9a410f,javaHome=C:\Program Files\Java\jdk1.8.0_60,daemonRegistryDir=C:\Users\Paavo\.gradle\daemon,pid=96472,idleTimeout=10800000,daemonOpts=-XX:MaxPermSize=256m,-XX:+HeapDumpOnOutOfMemoryError,-Xmx1024m,-Dfile.encoding=windows-1252,-Duser.country=FI,-Duser.language=fi,-Duser.variant]} (build should be done).
